Marginal likelihood with initialization (1) = -0.3952460787
Marginal likelihood with initialization (2) = -0.3952457477
Marginal likelihood with initialization (3) = -0.3952460950
Marginal likelihood with initialization (4) = -0.3952459489
Marginal likelihood with initialization (5) = -0.3952455630
Iteration Marginal_Likelihood delta_Marginal_Likelihood Iteration_Time (secs)
0 -0.3952455630 -- 0.257
10 -0.3874657201 0.0077798429 1.123
20 -0.3849050404 0.0025606797 1.124
30 -0.3825000176 0.0024050228 1.126
40 -0.3799183097 0.0025817079 1.122
50 -0.3770357380 0.0028825716 1.121
60 -0.3701931322 0.0068426058 1.123
70 -0.3687957174 0.0013974148 1.121
80 -0.3677942537 0.0010014637 1.123
90 -0.3665409165 0.0012533371 1.122
100 -0.3649263808 0.0016145357 1.124
110 -0.3628717591 0.0020546218 1.121
120 -0.3622000547 0.0006717044 1.122
130 -0.3617049736 0.0004950811 1.122
140 -0.3612327012 0.0004722724 1.123
150 -0.3607497960 0.0004829052 1.122
160 -0.3602704409 0.0004793551 1.122
170 -0.3597386621 0.0005317788 1.122
180 -0.3591846403 0.0005540218 1.123
190 -0.3585451730 0.0006394673 1.122
200 -0.3577665980 0.0007785750 1.121
210 -0.3568747143 0.0008918837 1.121
220 -0.3562158181 0.0006588962 1.122
230 -0.3557407798 0.0004750382 1.123
240 -0.3553375255 0.0004032543 1.125
250 -0.3549576648 0.0003798607 1.102
260 -0.3545162921 0.0004413727 1.091
270 -0.3541382514 0.0003780407 1.091
280 -0.3538622099 0.0002760415 1.091
290 -0.3536335590 0.0002286509 1.091
300 -0.3534578300 0.0001757291 1.090
310 -0.3533090422 0.0001487878 1.092
320 -0.3532020719 0.0001069703 1.093
330 -0.3531097419 0.0000923299 1.090
340 -0.3530089450 0.0001007969 1.090
350 -0.3529271334 0.0000818116 1.090
360 -0.3528501285 0.0000770049 1.090
370 -0.3527621522 0.0000879764 1.090
380 -0.3526723665 0.0000897857 1.090
390 -0.3525804995 0.0000918670 1.090
400 -0.3524775886 0.0001029109 1.090
410 -0.3523799735 0.0000976151 1.091
420 -0.3522994205 0.0000805531 1.090
430 -0.3522045835 0.0000948370 1.090
440 -0.3521382509 0.0000663327 1.090
450 -0.3520792779 0.0000589729 1.089
460 -0.3520210297 0.0000582482 1.090
470 -0.3519710791 0.0000499506 1.090
480 -0.3519362930 0.0000347861 1.090
490 -0.3518995733 0.0000367197 1.090
500 -0.3518764502 0.0000231231 1.090
510 -0.3518497979 0.0000266523 1.090
520 -0.3518274679 0.0000223300 1.090
530 -0.3518035371 0.0000239308 1.090
540 -0.3517781839 0.0000253532 1.091
550 -0.3517606456 0.0000175382 1.090
560 -0.3517382514 0.0000223942 1.089
570 -0.3517209502 0.0000173012 1.090
580 -0.3517095507 0.0000113995 1.089
590 -0.3516924600 0.0000170907 1.089
600 -0.3516873088 0.0000051512 1.089
610 -0.3516821746 0.0000051341 1.089
620 -0.3516264241 0.0000557505 1.090
630 -0.3512807027 0.0003457214 1.091
640 -0.3512772175 0.0000034851 1.089
650 -0.3512710932 0.0000061244 1.089
660 -0.3511719007 0.0000991924 1.089
670 -0.3510448227 0.0001270781 1.091
680 -0.3510338912 0.0000109314 1.089
690 -0.3510280609 0.0000058303 1.090
700 -0.3510157397 0.0000123213 1.091
710 -0.3510116576 0.0000040821 1.092
720 -0.3510035368 0.0000081208 1.096
730 -0.3510023621 0.0000011747 1.090
740 -0.3510023300 0.0000000321 1.090
Marginal Likelihood = -0.3510023300
Total time = 81.7238 seconds
Total iterations = 740 
CV error = 0.2294173, 0.0163488 
