Marginal likelihood with initialization (1) = -0.3920551636
Marginal likelihood with initialization (2) = -0.3920552925
Marginal likelihood with initialization (3) = -0.3920549276
Marginal likelihood with initialization (4) = -0.3920551856
Marginal likelihood with initialization (5) = -0.3920551315
Iteration Marginal_Likelihood delta_Marginal_Likelihood Iteration_Time (secs)
0 -0.3920549276 -- 0.367
10 -0.3858587551 0.0061961724 1.974
20 -0.3829601686 0.0028985865 1.767
30 -0.3807232920 0.0022368766 1.651
40 -0.3771897372 0.0035335548 1.651
50 -0.3709552829 0.0062344544 1.653
60 -0.3698055638 0.0011497191 1.649
70 -0.3687135560 0.0010920078 1.649
80 -0.3676861027 0.0010274533 1.649
90 -0.3666639049 0.0010221978 1.650
100 -0.3654843328 0.0011795721 1.649
110 -0.3640294534 0.0014548794 1.648
120 -0.3616182837 0.0024111697 1.649
130 -0.3583748359 0.0032434477 1.650
140 -0.3528751574 0.0054996785 1.650
150 -0.3523058969 0.0005692605 1.649
160 -0.3520354875 0.0002704094 1.648
170 -0.3518079977 0.0002274898 1.648
180 -0.3515614073 0.0002465904 1.800
190 -0.3513076679 0.0002537394 1.752
200 -0.3510243067 0.0002833612 1.647
210 -0.3506976871 0.0003266196 1.856
220 -0.3503581547 0.0003395323 1.897
230 -0.3500002115 0.0003579432 1.748
240 -0.3495822569 0.0004179546 1.648
250 -0.3492155256 0.0003667313 1.649
260 -0.3489429825 0.0002725431 1.648
270 -0.3487887274 0.0001542552 1.649
280 -0.3486991814 0.0000895459 1.648
290 -0.3486467384 0.0000524431 1.648
300 -0.3485880537 0.0000586846 1.648
310 -0.3485316859 0.0000563678 1.698
320 -0.3484732433 0.0000584427 1.649
330 -0.3484142553 0.0000589880 1.648
340 -0.3483502107 0.0000640446 1.647
350 -0.3482590691 0.0000911416 1.648
360 -0.3481888141 0.0000702550 1.648
370 -0.3480853601 0.0001034540 1.647
380 -0.3479929546 0.0000924056 1.668
390 -0.3478758184 0.0001171361 1.689
400 -0.3478041151 0.0000717034 1.647
410 -0.3477256728 0.0000784423 1.647
420 -0.3476321129 0.0000935599 1.648
430 -0.3475656276 0.0000664853 1.647
440 -0.3475157713 0.0000498563 1.648
450 -0.3474743802 0.0000413911 1.650
460 -0.3474360566 0.0000383236 1.731
470 -0.3474071052 0.0000289514 1.647
480 -0.3473893672 0.0000177380 1.647
490 -0.3473801482 0.0000092190 1.706
500 -0.3473648078 0.0000153404 1.646
510 -0.3473656746 -0.0000008668 1.646
Marginal Likelihood = -0.3473656746
Total time = 85.9444 seconds
Total iterations = 510 
