 I J M_lda_ij SD_lda_ij M_omega_ij SD_omega_ij
    1     1      0.40469663      0.01554585      7.85544378      0.42969820
    1     2     -0.06329886      0.00387798      7.38997836      0.44863668
    1     3     -0.05311209      0.01227752      4.79393255      0.28727599
    1     4     -0.01485644      0.00992524      4.83589993      0.28526117
    1     5     -0.06255056      0.00838293      5.16097169      0.30108109
    1     6     -0.06008449      0.00904732      5.07373630      0.29839855
    1     7     -0.05804969      0.01127942      4.79622884      0.27291810
    1     8     -0.06129832      0.00768930      5.14239332      0.29744861
    1     9     -0.03280113      0.01168519      4.82541131      0.26424382
    2     1     -0.06329886      0.00387798      7.38997836      0.44863668
    2     2      0.11695217      0.00452413     16.64958515      0.79872936
    2     3      0.05058156      0.00685187      4.96921707      0.32581387
    2     4     -0.01046021      0.00561023      5.43345024      0.33574699
    2     5     -0.04756114      0.00461054      6.23261961      0.36454816
    2     6     -0.04223951      0.00512469      5.93645117      0.35354239
    2     7      0.00291990      0.00604138      5.17485069      0.31405056
    2     8     -0.03162956      0.00436679      6.06322824      0.35668480
    2     9      0.01030150      0.00627409      5.24586234      0.30913193
    3     1     -0.05311209      0.01227752      4.79393255      0.28727599
    3     2      0.05058156      0.00685187      4.96921707      0.32581387
    3     3      1.25592673      0.04618388      5.32898014      0.27874252
    3     4     -0.21525859      0.01808909      4.67355565      0.24755843
    3     5     -0.11758914      0.01491654      4.60186520      0.25648669
    3     6     -0.15675167      0.01727516      4.66758264      0.25132830
    3     7     -0.39316691      0.02334862      4.67026132      0.24098261
    3     8     -0.06467585      0.01341072      4.55147929      0.24790155
    3     9     -0.27223037      0.02154346      4.68068372      0.23501478
    4     1     -0.01485644      0.00992524      4.83589993      0.28526117
    4     2     -0.01046021      0.00561023      5.43345024      0.33574699
    4     3     -0.21525859      0.01808909      4.67355565      0.24755843
    4     4      0.87812378      0.02797807      5.67378251      0.27519275
    4     5     -0.08232692      0.01205208      4.65964115      0.24955069
    4     6     -0.11647221      0.01327565      4.71369480      0.25017857
    4     7     -0.12208731      0.01698942      4.57184053      0.23095443
    4     8     -0.08094143      0.01149615      4.65404209      0.25226203
    4     9     -0.20773026      0.01752390      4.69870893      0.22770357
    5     1     -0.06255056      0.00838293      5.16097169      0.30108109
    5     2     -0.04756114      0.00461054      6.23261961      0.36454816
    5     3     -0.11758914      0.01491654      4.60186520      0.25648669
    5     4     -0.08232692      0.01205208      4.65964115      0.24955069
    5     5      0.58781050      0.02038228      6.29924938      0.31249660
    5     6     -0.03765412      0.01132843      4.67641304      0.25876151
    5     7     -0.05611352      0.01379695      4.51894811      0.24466459
    5     8     -0.05999854      0.00906042      4.73657835      0.26013343
    5     9     -0.09526499      0.01400770      4.62491192      0.23646610
    6     1     -0.06008449      0.00904732      5.07373630      0.29839855
    6     2     -0.04223951      0.00512469      5.93645117      0.35354239
    6     3     -0.15675167      0.01727516      4.66758264      0.25132830
    6     4     -0.11647221      0.01327565      4.71369480      0.25017857
    6     5     -0.03765412      0.01132843      4.67641304      0.25876151
    6     6      0.75684699      0.02737570      5.94716848      0.30034367
    6     7     -0.11231131      0.01550220      4.60424990      0.24103384
    6     8     -0.04676003      0.01040678      4.68070018      0.25415518
    6     9     -0.15889936      0.01620167      4.70751176      0.23178284
    7     1     -0.05804969      0.01127942      4.79622884      0.27291810
    7     2      0.00291990      0.00604138      5.17485069      0.31405056
    7     3     -0.39316691      0.02334862      4.67026132      0.24098261
    7     4     -0.12208731      0.01698942      4.57184053      0.23095443
    7     5     -0.05611352      0.01379695      4.51894811      0.24466459
    7     6     -0.11231131      0.01550220      4.60424990      0.24103384
    7     7      1.14683840      0.03961336      5.28682712      0.25914155
    7     8     -0.08113642      0.01270097      4.54004774      0.23726248
    7     9     -0.27233009      0.02115768      4.63410591      0.22491100
    8     1     -0.06129832      0.00768930      5.14239332      0.29744861
    8     2     -0.03162956      0.00436679      6.06322824      0.35668480
    8     3     -0.06467585      0.01341072      4.55147929      0.24790155
    8     4     -0.08094143      0.01149615      4.65404209      0.25226203
    8     5     -0.05999854      0.00906042      4.73657835      0.26013343
    8     6     -0.04676003      0.01040678      4.68070018      0.25415518
    8     7     -0.08113642      0.01270097      4.54004774      0.23726248
    8     8      0.53794779      0.01790706      6.41065629      0.31055978
    8     9     -0.08560798      0.01271364      4.61353607      0.23130864
    9     1     -0.03280113      0.01168519      4.82541131      0.26424382
    9     2      0.01030150      0.00627409      5.24586234      0.30913193
    9     3     -0.27223037      0.02154346      4.68068372      0.23501478
    9     4     -0.20773026      0.01752390      4.69870893      0.22770357
    9     5     -0.09526499      0.01400770      4.62491192      0.23646610
    9     6     -0.15889936      0.01620167      4.70751176      0.23178284
    9     7     -0.27233009      0.02115768      4.63410591      0.22491100
    9     8     -0.08560798      0.01271364      4.61353607      0.23130864
    9     9      1.14696266      0.03577771      5.40835711      0.23491434
