 I J M_lda_ij SD_lda_ij M_omega_ij SD_omega_ij
    1     1      0.30118544      0.02532142      8.03483278      0.53286339
    1     2     -0.04308638      0.00641925      6.66842438      0.52596145
    1     3     -0.03869851      0.01562273      4.42289699      0.28135583
    1     4     -0.01785776      0.01246309      4.43389469      0.29052831
    1     5     -0.03658872      0.01073672      4.63271361      0.30172916
    1     6     -0.05306519      0.01302305      4.65025527      0.29595916
    1     7     -0.02505746      0.01454812      4.38432602      0.28295112
    1     8     -0.04818575      0.01050102      4.63145080      0.31153210
    1     9     -0.02715091      0.01446346      4.39793112      0.28362588
    2     1     -0.04308638      0.00641925      6.66842438      0.52596145
    2     2      0.09183689      0.01401855     18.07471092      1.84979294
    2     3      0.03272385      0.00823387      4.33204305      0.33648723
    2     4     -0.01320914      0.00728065      4.83584469      0.36576087
    2     5     -0.03810233      0.00655884      5.64002144      0.41901312
    2     6     -0.02771289      0.00735546      5.21136393      0.38093545
    2     7      0.00264409      0.00791486      4.51797742      0.34766855
    2     8     -0.02633553      0.00640721      5.39852122      0.42331237
    2     9      0.01479656      0.00827179      4.47662875      0.34559558
    3     1     -0.03869851      0.01562273      4.42289699      0.28135583
    3     2      0.03272385      0.00823387      4.33204305      0.33648723
    3     3      0.98351347      0.04325451      5.48639346      0.29105118
    3     4     -0.17858090      0.02407575      4.59735073      0.26752395
    3     5     -0.09038297      0.01862215      4.40662311      0.26706707
    3     6     -0.13239363      0.02189338      4.53921742      0.26763535
    3     7     -0.30470456      0.02815807      4.67175546      0.26960537
    3     8     -0.05583189      0.01824094      4.28322954      0.26589294
    3     9     -0.19039118      0.02736587      4.59714037      0.26539034
    4     1     -0.01785776      0.01246309      4.43389469      0.29052831
    4     2     -0.01320914      0.00728065      4.83584469      0.36576087
    4     3     -0.17858090      0.02407575      4.59735073      0.26752395
    4     4      0.70969181      0.03427628      5.76947996      0.31142924
    4     5     -0.05406483      0.01571406      4.38905829      0.26951303
    4     6     -0.08803296      0.01812613      4.51046322      0.27223840
    4     7     -0.11310755      0.02250944      4.50911514      0.26848651
    4     8     -0.06006661      0.01505229      4.33106684      0.27517122
    4     9     -0.15720729      0.02335657      4.56060850      0.26807178
    5     1     -0.03658872      0.01073672      4.63271361      0.30172916
    5     2     -0.03810233      0.00655884      5.64002144      0.41901312
    5     3     -0.09038297      0.01862215      4.40662311      0.26706707
    5     4     -0.05406483      0.01571406      4.38905829      0.26951303
    5     5      0.45799195      0.02322242      6.41284401      0.34540754
    5     6     -0.03427147      0.01434506      4.37317130      0.27177819
    5     7     -0.05465111      0.01722800      4.33856506      0.26744672
    5     8     -0.04457769      0.01231700      4.33294466      0.27890991
    5     9     -0.07495917      0.01810575      4.37530457      0.26721277
    6     1     -0.05306519      0.01302305      4.65025527      0.29595916
    6     2     -0.02771289      0.00735546      5.21136393      0.38093545
    6     3     -0.13239363      0.02189338      4.53921742      0.26763535
    6     4     -0.08803296      0.01812613      4.51046322      0.27223840
    6     5     -0.03427147      0.01434506      4.37317130      0.27177819
    6     6      0.60941352      0.02887495      5.99118318      0.32041321
    6     7     -0.08211923      0.01989313      4.46019245      0.26797522
    6     8     -0.02953918      0.01424586      4.28272242      0.27376129
    6     9     -0.13463804      0.02100686      4.53321225      0.26968451
    7     1     -0.02505746      0.01454812      4.38432602      0.28295112
    7     2      0.00264409      0.00791486      4.51797742      0.34766855
    7     3     -0.30470456      0.02815807      4.67175546      0.26960537
    7     4     -0.11310755      0.02250944      4.50911514      0.26848651
    7     5     -0.05465111      0.01722800      4.33856506      0.26744672
    7     6     -0.08211923      0.01989313      4.46019245      0.26797522
    7     7      0.91179149      0.03862260      5.48159776      0.29384384
    7     8     -0.06408731      0.01748857      4.28055416      0.26874159
    7     9     -0.23494959      0.02625212      4.59903991      0.26881790
    8     1     -0.04818575      0.01050102      4.63145080      0.31153210
    8     2     -0.02633553      0.00640721      5.39852122      0.42331237
    8     3     -0.05583189      0.01824094      4.28322954      0.26589294
    8     4     -0.06006661      0.01505229      4.33106684      0.27517122
    8     5     -0.04457769      0.01231700      4.33294466      0.27890991
    8     6     -0.02953918      0.01424586      4.28272242      0.27376129
    8     7     -0.06408731      0.01748857      4.28055416      0.26874159
    8     8      0.42565959      0.02731769      6.42100228      0.38372339
    8     9     -0.06152376      0.01726221      4.28341430      0.26907381
    9     1     -0.02715091      0.01446346      4.39793112      0.28362588
    9     2      0.01479656      0.00827179      4.47662875      0.34559558
    9     3     -0.19039118      0.02736587      4.59714037      0.26539034
    9     4     -0.15720729      0.02335657      4.56060850      0.26807178
    9     5     -0.07495917      0.01810575      4.37530457      0.26721277
    9     6     -0.13463804      0.02100686      4.53321225      0.26968451
    9     7     -0.23494959      0.02625212      4.59903991      0.26881790
    9     8     -0.06152376      0.01726221      4.28341430      0.26907381
    9     9      0.89755587      0.04223322      5.50035794      0.29595308
