Marginal likelihood with initialization (1) = -0.3725824218
Marginal likelihood with initialization (2) = -0.3725828597
Marginal likelihood with initialization (3) = -0.3725829722
Marginal likelihood with initialization (4) = -0.3725826609
Marginal likelihood with initialization (5) = -0.3725820832
Iteration Marginal_Likelihood delta_Marginal_Likelihood Iteration_Time (secs)
0 -0.3725820832 -- 0.214
10 -0.3657036294 0.0068784538 0.821
20 -0.3636706031 0.0020330264 0.823
30 -0.3622956615 0.0013749415 0.824
40 -0.3610545904 0.0012410711 0.824
50 -0.3598923674 0.0011622231 0.822
60 -0.3589479301 0.0009444373 0.823
70 -0.3582198690 0.0007280611 0.823
80 -0.3575846303 0.0006352387 0.822
90 -0.3570163213 0.0005683090 0.824
100 -0.3564855338 0.0005307875 0.823
110 -0.3559632903 0.0005222435 0.823
120 -0.3554152216 0.0005480687 0.823
130 -0.3546931603 0.0007220613 0.824
140 -0.3536591946 0.0010339657 0.822
150 -0.3516568898 0.0020023048 0.823
160 -0.3497287889 0.0019281009 0.824
170 -0.3493115370 0.0004172518 0.824
180 -0.3489748182 0.0003367188 0.822
190 -0.3486251628 0.0003496554 0.822
200 -0.3481021378 0.0005230250 0.823
210 -0.3475789366 0.0005232012 0.822
220 -0.3472535506 0.0003253861 0.823
230 -0.3470659614 0.0001875892 0.825
240 -0.3469644900 0.0001014713 0.823
250 -0.3469071769 0.0000573131 0.823
260 -0.3468551101 0.0000520668 0.823
270 -0.3468137906 0.0000413195 0.823
280 -0.3467728429 0.0000409477 0.823
290 -0.3467403834 0.0000324595 0.823
300 -0.3467140902 0.0000262932 0.823
310 -0.3466898853 0.0000242048 0.824
320 -0.3466775884 0.0000122969 0.823
330 -0.3466588533 0.0000187351 0.823
340 -0.3466384978 0.0000203555 0.823
350 -0.3466178341 0.0000206637 0.823
360 -0.3465989551 0.0000188790 0.823
370 -0.3465780122 0.0000209429 0.822
380 -0.3465636520 0.0000143602 0.823
390 -0.3465456063 0.0000180458 0.823
400 -0.3465272410 0.0000183653 0.823
410 -0.3465173155 0.0000099254 0.824
420 -0.3464951094 0.0000222062 0.823
430 -0.3464769645 0.0000181448 0.823
440 -0.3464505794 0.0000263851 0.823
450 -0.3464316647 0.0000189147 0.823
460 -0.3464184751 0.0000131896 0.822
470 -0.3464007128 0.0000177623 0.823
480 -0.3463818971 0.0000188157 0.823
490 -0.3463705142 0.0000113829 0.823
500 -0.3462925102 0.0000780040 0.823
510 -0.3444099982 0.0018825120 0.822
520 -0.3443936642 0.0000163340 0.822
530 -0.3443814691 0.0000121951 0.823
540 -0.3443661755 0.0000152936 0.823
550 -0.3443462784 0.0000198971 0.823
560 -0.3443326566 0.0000136218 0.822
570 -0.3443158036 0.0000168530 0.822
580 -0.3443059878 0.0000098157 0.822
590 -0.3442985148 0.0000074731 0.822
600 -0.3442946578 0.0000038569 0.823
610 -0.3442824366 0.0000122212 0.822
620 -0.3442765621 0.0000058745 0.822
630 -0.3442670193 0.0000095428 0.822
640 -0.3442584457 0.0000085736 0.823
650 -0.3442520499 0.0000063959 0.823
660 -0.3442439074 0.0000081424 0.822
670 -0.3442541098 -0.0000102023 0.822
680 -0.3442577121 -0.0000036023 0.822
690 -0.3442281491 0.0000295630 0.822
700 -0.3442177947 0.0000103545 0.823
710 -0.3442129504 0.0000048443 0.822
720 -0.3442081264 0.0000048239 0.823
730 -0.3442039267 0.0000041997 0.823
740 -0.3442031686 0.0000007581 0.822
Marginal Likelihood = -0.3442031686
Total time = 61.1022 seconds
Total iterations = 740 
CV error = 0.2190667, 0.0163728 
