Marginal likelihood with initialization (1) = -0.3711746456
Marginal likelihood with initialization (2) = -0.3711740615
Marginal likelihood with initialization (3) = -0.3711749897
Marginal likelihood with initialization (4) = -0.3711742745
Marginal likelihood with initialization (5) = -0.3711749809
Iteration Marginal_Likelihood delta_Marginal_Likelihood Iteration_Time (secs)
0 -0.3711740615 -- 0.289
10 -0.3644992787 0.0066747828 1.268
20 -0.3633078400 0.0011914387 1.207
30 -0.3622770958 0.0010307442 1.208
40 -0.3613394953 0.0009376004 1.204
50 -0.3604939564 0.0008455389 1.203
60 -0.3597445612 0.0007493952 1.204
70 -0.3590950129 0.0006495483 1.207
80 -0.3585968538 0.0004981591 1.203
90 -0.3581813656 0.0004154882 1.203
100 -0.3578241834 0.0003571822 1.203
110 -0.3574792826 0.0003449009 1.202
120 -0.3571474468 0.0003318357 1.202
130 -0.3567895034 0.0003579434 1.204
140 -0.3564368441 0.0003526593 1.203
150 -0.3560356126 0.0004012315 1.203
160 -0.3556015829 0.0004340297 1.203
170 -0.3550516096 0.0005499733 1.203
180 -0.3543465042 0.0007051054 1.202
190 -0.3531679480 0.0011785562 1.202
200 -0.3518173151 0.0013506329 1.203
210 -0.3511366677 0.0006806474 1.205
220 -0.3506258782 0.0005107895 1.206
230 -0.3500803482 0.0005455300 1.205
240 -0.3495217318 0.0005586164 1.206
250 -0.3492374871 0.0002842448 1.210
260 -0.3491451544 0.0000923326 1.211
270 -0.3491077211 0.0000374333 1.210
280 -0.3490786560 0.0000290651 1.210
290 -0.3490534481 0.0000252079 1.210
300 -0.3490308699 0.0000225782 1.210
310 -0.3490102895 0.0000205804 1.210
320 -0.3489975865 0.0000127030 1.210
330 -0.3489837492 0.0000138373 1.210
340 -0.3489665688 0.0000171804 1.300
350 -0.3489504067 0.0000161621 1.431
360 -0.3489346690 0.0000157377 1.226
370 -0.3489204619 0.0000142071 1.209
380 -0.3489074228 0.0000130391 1.210
390 -0.3488913989 0.0000160238 1.210
400 -0.3488804958 0.0000109031 1.207
410 -0.3488698981 0.0000105977 1.207
420 -0.3488660737 0.0000038245 1.206
430 -0.3488538431 0.0000122306 1.208
440 -0.3488387147 0.0000151284 1.207
450 -0.3488284490 0.0000102657 1.291
460 -0.3488161366 0.0000123123 1.252
470 -0.3488089585 0.0000071781 1.221
480 -0.3488040750 0.0000048835 1.211
490 -0.3487936837 0.0000103914 1.246
500 -0.3487890576 0.0000046261 1.211
510 -0.3487856176 0.0000034400 1.211
520 -0.3487815246 0.0000040930 1.211
530 -0.3487739194 0.0000076052 1.211
540 -0.3487754743 -0.0000015549 1.212
550 -0.3487708117 0.0000046625 1.211
560 -0.3487657024 0.0000051093 1.211
570 -0.3487609504 0.0000047520 1.211
580 -0.3487594105 0.0000015399 1.212
590 -0.3487668076 -0.0000073971 1.211
600 -0.3487570821 0.0000097255 1.253
610 -0.3487570741 0.0000000080 1.475
Marginal Likelihood = -0.3487570741
Total time = 74.8245 seconds
Total iterations = 610 
