Marginal likelihood with initialization (1) = -0.4062493562
Marginal likelihood with initialization (2) = -0.4062487402
Marginal likelihood with initialization (3) = -0.4062488896
Marginal likelihood with initialization (4) = -0.4062489404
Marginal likelihood with initialization (5) = -0.4062489301
Iteration Marginal_Likelihood delta_Marginal_Likelihood Iteration_Time (secs)
0 -0.4062487402 -- 0.322
10 -0.3998493945 0.0063993457 1.224
20 -0.3970098887 0.0028395058 1.225
30 -0.3939057651 0.0031041236 1.228
40 -0.3906185380 0.0032872271 1.228
50 -0.3858808445 0.0047376935 1.227
60 -0.3771487740 0.0087320704 1.228
70 -0.3726156704 0.0045331036 1.226
80 -0.3670283271 0.0055873434 1.225
90 -0.3633832396 0.0036450875 1.227
100 -0.3583354940 0.0050477456 1.225
110 -0.3570010561 0.0013344378 1.226
120 -0.3543744624 0.0026265938 1.227
130 -0.3529201581 0.0014543043 1.224
140 -0.3526611594 0.0002589987 1.225
150 -0.3523970009 0.0002641585 1.225
160 -0.3522009178 0.0001960831 1.224
170 -0.3520235573 0.0001773605 1.224
180 -0.3518540201 0.0001695372 1.224
190 -0.3516891755 0.0001648446 1.225
200 -0.3515363935 0.0001527820 1.225
210 -0.3513434844 0.0001929091 1.225
220 -0.3511626354 0.0001808490 1.224
230 -0.3509526692 0.0002099661 1.224
240 -0.3507404776 0.0002121916 1.224
250 -0.3504557003 0.0002847773 1.224
260 -0.3501313876 0.0003243127 1.223
270 -0.3498207748 0.0003106128 1.226
280 -0.3494479554 0.0003728193 1.225
290 -0.3491004351 0.0003475203 1.225
300 -0.3488055114 0.0002949237 1.225
310 -0.3485939985 0.0002115129 1.224
320 -0.3484327326 0.0001612659 1.224
330 -0.3483092648 0.0001234678 1.224
340 -0.3482236659 0.0000855989 1.224
350 -0.3481811343 0.0000425316 1.224
360 -0.3481373642 0.0000437700 1.225
370 -0.3481119630 0.0000254013 1.224
380 -0.3480805495 0.0000314135 1.224
390 -0.3480436872 0.0000368622 1.224
400 -0.3480038019 0.0000398853 1.224
410 -0.3479839522 0.0000198497 1.224
420 -0.3479613422 0.0000226100 1.224
430 -0.3479377347 0.0000236075 1.224
440 -0.3479117495 0.0000259852 1.224
450 -0.3478898071 0.0000219424 1.224
460 -0.3478528989 0.0000369082 1.224
470 -0.3478286229 0.0000242760 1.225
480 -0.3478123508 0.0000162721 1.224
490 -0.3477959722 0.0000163786 1.224
500 -0.3477856858 0.0000102864 1.224
510 -0.3477731504 0.0000125354 1.224
520 -0.3477561615 0.0000169889 1.224
530 -0.3477348172 0.0000213443 1.224
540 -0.3477126249 0.0000221923 1.223
550 -0.3477091770 0.0000034479 1.223
560 -0.3476937010 0.0000154760 1.224
570 -0.3476903843 0.0000033166 1.223
580 -0.3476935664 -0.0000031820 1.223
590 -0.3476834205 0.0000101458 1.223
600 -0.3476758022 0.0000076184 1.224
610 -0.3476718394 0.0000039627 1.223
620 -0.3476711757 0.0000006637 1.225
Marginal Likelihood = -0.3476711757
Total time = 76.2425 seconds
Total iterations = 620 
CV error = 0.2223655, 0.0181190 
