Marginal likelihood with initialization (1) = -0.4021447140
Marginal likelihood with initialization (2) = -0.4021441442
Marginal likelihood with initialization (3) = -0.4021441581
Marginal likelihood with initialization (4) = -0.4021449572
Marginal likelihood with initialization (5) = -0.4021442226
Iteration Marginal_Likelihood delta_Marginal_Likelihood Iteration_Time (secs)
0 -0.4021441442 -- 0.395
10 -0.3954078557 0.0067362884 2.037
20 -0.3927540828 0.0026537730 1.801
30 -0.3893758411 0.0033782417 1.797
40 -0.3819167793 0.0074590618 1.800
50 -0.3802977802 0.0016189991 1.803
60 -0.3780628264 0.0022349538 1.800
70 -0.3723818162 0.0056810102 1.801
80 -0.3694496723 0.0029321440 1.799
90 -0.3682939525 0.0011557198 1.801
100 -0.3666258756 0.0016680769 1.800
110 -0.3614140631 0.0052118125 1.800
120 -0.3597286594 0.0016854037 1.796
130 -0.3593653220 0.0003633373 1.797
140 -0.3590499881 0.0003153339 1.796
150 -0.3587208971 0.0003290910 1.796
160 -0.3583766027 0.0003442944 1.796
170 -0.3580682819 0.0003083208 1.796
180 -0.3576432170 0.0004250649 1.918
190 -0.3570330545 0.0006101625 1.797
200 -0.3560259768 0.0010070777 1.798
210 -0.3538999399 0.0021260370 1.797
220 -0.3526310201 0.0012689197 1.855
230 -0.3524871207 0.0001438994 1.979
240 -0.3523745206 0.0001126001 1.997
250 -0.3522686853 0.0001058353 1.809
260 -0.3521803202 0.0000883651 2.156
270 -0.3520893298 0.0000909904 2.113
280 -0.3519992174 0.0000901124 1.860
290 -0.3519089475 0.0000902699 1.820
300 -0.3518344229 0.0000745247 1.794
310 -0.3517378974 0.0000965255 1.794
320 -0.3516573293 0.0000805681 1.794
330 -0.3515892990 0.0000680303 1.794
340 -0.3515377573 0.0000515417 1.796
350 -0.3514674146 0.0000703427 1.794
360 -0.3514074093 0.0000600052 1.793
370 -0.3513456362 0.0000617731 1.795
380 -0.3512774241 0.0000682121 1.797
390 -0.3512070507 0.0000703734 1.797
400 -0.3511468291 0.0000602216 1.797
410 -0.3510830288 0.0000638003 1.799
420 -0.3510217518 0.0000612769 1.797
430 -0.3509588606 0.0000628913 1.796
440 -0.3508965622 0.0000622984 1.796
450 -0.3508321510 0.0000644112 1.796
460 -0.3507770510 0.0000551000 1.795
470 -0.3507311212 0.0000459298 1.794
480 -0.3506843154 0.0000468058 1.786
490 -0.3506473613 0.0000369541 1.785
500 -0.3506080409 0.0000393203 1.793
510 -0.3505686357 0.0000394053 1.794
520 -0.3505456168 0.0000230189 1.793
530 -0.3505235961 0.0000220207 1.793
540 -0.3505026284 0.0000209677 1.792
550 -0.3504825624 0.0000200660 1.793
560 -0.3504633821 0.0000191803 1.793
570 -0.3504432505 0.0000201316 1.793
580 -0.3504327095 0.0000105410 1.793
590 -0.3504222311 0.0000104784 1.794
600 -0.3504093285 0.0000129026 1.792
610 -0.3503987929 0.0000105356 1.792
620 -0.3503927006 0.0000060924 1.793
630 -0.3503854830 0.0000072175 1.793
640 -0.3503774198 0.0000080633 1.793
650 -0.3503712358 0.0000061840 1.791
660 -0.3481635206 0.0022077151 1.790
670 -0.3481499514 0.0000135693 1.789
680 -0.3481462036 0.0000037478 1.790
690 -0.3481409656 0.0000052379 1.794
700 -0.3481407152 0.0000002504 1.793
Marginal Likelihood = -0.3481407152
Total time = 127.6479 seconds
Total iterations = 700 
