Marginal likelihood with initialization (1) = -0.7175095208
Marginal likelihood with initialization (2) = -0.7175030199
Marginal likelihood with initialization (3) = -0.7175102090
Marginal likelihood with initialization (4) = -0.7175134308
Marginal likelihood with initialization (5) = -0.7175129701
Iteration Marginal_Likelihood delta_Marginal_Likelihood Iteration_Time (secs)
0 -0.7175030199 -- 0.012
10 -0.4858549497 0.2316480702 0.046
20 -0.4202729698 0.0655819799 0.046
30 -0.4099516035 0.0103213664 0.045
40 -0.4064780011 0.0034736024 0.045
50 -0.4051106052 0.0013673959 0.045
60 -0.4035325782 0.0015780270 0.045
70 -0.4029587705 0.0005738077 0.045
80 -0.4023715799 0.0005871905 0.045
90 -0.4021283884 0.0002431916 0.045
100 -0.4020371699 0.0000912185 0.044
110 -0.4020361258 0.0000010440 0.044
120 -0.4020358681 0.0000002578 0.044
Marginal Likelihood = -0.4020358681
Total time = 0.5526 seconds
Total iterations = 120 
CV error = 0.1396800, 0.0534534 
