Marginal likelihood with initialization (1) = -0.6422744508
Marginal likelihood with initialization (2) = -0.6422672852
Marginal likelihood with initialization (3) = -0.6422760155
Marginal likelihood with initialization (4) = -0.6422649419
Marginal likelihood with initialization (5) = -0.6422712352
Iteration Marginal_Likelihood delta_Marginal_Likelihood Iteration_Time (secs)
0 -0.6422649419 -- 0.012
10 -0.4569930615 0.1852718804 0.042
20 -0.3935579526 0.0634351089 0.042
30 -0.3845134885 0.0090444641 0.042
40 -0.3820263201 0.0024871684 0.042
50 -0.3798679850 0.0021583351 0.042
60 -0.3772283064 0.0026396785 0.042
70 -0.3758536592 0.0013746473 0.042
80 -0.3755617663 0.0002918929 0.041
90 -0.3751937731 0.0003679932 0.041
100 -0.3749430467 0.0002507264 0.042
110 -0.3747473296 0.0001957171 0.041
120 -0.3740560320 0.0006912976 0.042
130 -0.3740559944 0.0000000377 0.041
Marginal Likelihood = -0.3740559944
Total time = 0.5553 seconds
Total iterations = 130 
CV error = 0.1166267, 0.0532283 
