Marginal likelihood with initialization (1) = -0.7939324446
Marginal likelihood with initialization (2) = -0.7939377298
Marginal likelihood with initialization (3) = -0.7939358913
Marginal likelihood with initialization (4) = -0.7939399282
Marginal likelihood with initialization (5) = -0.7939353672
Iteration Marginal_Likelihood delta_Marginal_Likelihood Iteration_Time (secs)
0 -0.7939324446 -- 0.014
10 -0.5680871878 0.2258452568 0.054
20 -0.4647538926 0.1033332952 0.054
30 -0.4355363743 0.0292175184 0.054
40 -0.4229218376 0.0126145366 0.054
50 -0.4196803755 0.0032414621 0.054
60 -0.4178749092 0.0018054663 0.054
70 -0.4156515945 0.0022233147 0.054
80 -0.4118864538 0.0037651407 0.054
90 -0.4087296117 0.0031568422 0.054
100 -0.4066114814 0.0021181303 0.054
110 -0.4050512734 0.0015602080 0.053
120 -0.4046143716 0.0004369017 0.053
130 -0.4038652416 0.0007491300 0.053
140 -0.4034054979 0.0004597437 0.053
150 -0.4026090722 0.0007964257 0.053
160 -0.4022590496 0.0003500226 0.054
170 -0.4022590407 0.0000000089 0.053
Marginal Likelihood = -0.4022590407
Total time = 0.9244 seconds
Total iterations = 170 
CV error = 0.1059050, 0.0303872 
