Marginal likelihood with initialization (1) = -0.3811589838
Marginal likelihood with initialization (2) = -0.3811591463
Marginal likelihood with initialization (3) = -0.3811591966
Marginal likelihood with initialization (4) = -0.3811593264
Marginal likelihood with initialization (5) = -0.3811586151
Iteration Marginal_Likelihood delta_Marginal_Likelihood Iteration_Time (secs)
0 -0.3811586151 -- 0.402
10 -0.3757285607 0.0054300544 1.789
20 -0.3746208667 0.0011076940 1.791
30 -0.3735841840 0.0010366827 1.789
40 -0.3725569184 0.0010272656 1.788
50 -0.3713034921 0.0012534263 1.789
60 -0.3693103865 0.0019931056 1.789
70 -0.3632750526 0.0060353338 1.793
80 -0.3625194986 0.0007555541 1.795
90 -0.3619155608 0.0006039378 1.795
100 -0.3612551224 0.0006604384 1.796
110 -0.3605562994 0.0006988230 1.795
120 -0.3594746586 0.0010816407 1.794
130 -0.3553766210 0.0040980376 1.796
140 -0.3533423017 0.0020343194 1.792
150 -0.3531504402 0.0001918615 1.790
160 -0.3529599237 0.0001905165 1.785
170 -0.3527702085 0.0001897152 1.785
180 -0.3525640839 0.0002061246 1.781
190 -0.3523625588 0.0002015251 1.745
200 -0.3521564030 0.0002061558 1.744
210 -0.3518876846 0.0002687184 1.745
220 -0.3515966634 0.0002910212 1.745
230 -0.3512242577 0.0003724057 1.744
240 -0.3508252264 0.0003990314 1.744
250 -0.3502801237 0.0005451027 1.743
260 -0.3498543286 0.0004257951 1.744
270 -0.3495394320 0.0003148966 1.744
280 -0.3493505439 0.0001888880 1.745
290 -0.3492373618 0.0001131821 1.745
300 -0.3491319896 0.0001053722 1.739
310 -0.3490602838 0.0000717058 1.737
320 -0.3489820856 0.0000781983 1.738
330 -0.3489076037 0.0000744819 1.737
340 -0.3488299006 0.0000777031 1.737
350 -0.3487536349 0.0000762657 1.742
360 -0.3486820219 0.0000716131 1.745
370 -0.3486195424 0.0000624795 1.739
380 -0.3485331332 0.0000864092 1.737
390 -0.3484569452 0.0000761879 1.744
400 -0.3483955239 0.0000614213 1.744
410 -0.3483382243 0.0000572995 1.744
420 -0.3482817946 0.0000564297 1.746
430 -0.3482263422 0.0000554524 1.741
440 -0.3481709360 0.0000554062 1.738
450 -0.3481304931 0.0000404429 1.743
460 -0.3480915067 0.0000389864 1.744
470 -0.3480574835 0.0000340232 1.743
480 -0.3480291895 0.0000282940 1.743
490 -0.3480065018 0.0000226878 1.743
500 -0.3479826353 0.0000238664 1.743
510 -0.3479634700 0.0000191653 1.743
520 -0.3479470968 0.0000163732 1.743
530 -0.3479332253 0.0000138714 1.743
540 -0.3479232579 0.0000099675 1.735
550 -0.3479091962 0.0000140616 1.736
560 -0.3478995889 0.0000096073 1.736
570 -0.3478907351 0.0000088539 1.735
580 -0.3478789624 0.0000117727 1.736
590 -0.3478704023 0.0000085601 1.737
600 -0.3478547508 0.0000156515 1.743
610 -0.3478466366 0.0000081143 1.743
620 -0.3478405218 0.0000061147 1.741
630 -0.3478286324 0.0000118894 1.735
640 -0.3478232100 0.0000054225 1.741
650 -0.3478197972 0.0000034128 1.742
660 -0.3478074373 0.0000123599 1.742
670 -0.3478051379 0.0000022994 1.742
680 -0.3477997782 0.0000053597 1.743
690 -0.3477933647 0.0000064135 1.743
700 -0.3477912921 0.0000020726 1.743
710 -0.3477875609 0.0000037312 1.743
720 -0.3477833797 0.0000041812 1.743
730 -0.3477814980 0.0000018817 1.743
740 -0.3477775592 0.0000039388 1.742
750 -0.3477755427 0.0000020165 1.742
760 -0.3477730716 0.0000024712 1.743
770 -0.3477720711 0.0000010005 1.742
780 -0.3477686553 0.0000034158 1.743
790 -0.3477657587 0.0000028965 1.742
800 -0.3477636630 0.0000020957 1.738
810 -0.3477613960 0.0000022670 1.735
820 -0.3477667395 -0.0000053435 1.735
830 -0.3477584085 0.0000083310 1.735
840 -0.3477586952 -0.0000002867 1.737
Marginal Likelihood = -0.3477586952
Total time = 147.5592 seconds
Total iterations = 840 
CV error = 0.2182175, 0.0168942 
