Marginal likelihood with initialization (1) = -0.3484383271
Marginal likelihood with initialization (2) = -0.3484380977
Marginal likelihood with initialization (3) = -0.3484378569
Marginal likelihood with initialization (4) = -0.3484387469
Marginal likelihood with initialization (5) = -0.3484385479
Iteration Marginal_Likelihood delta_Marginal_Likelihood Iteration_Time (secs)
0 -0.3484378569 -- 0.256
10 -0.3453743070 0.0030635499 1.022
20 -0.3448911329 0.0004831741 1.024
30 -0.3444981513 0.0003929816 1.023
40 -0.3442462115 0.0002519398 1.022
50 -0.3440315803 0.0002146313 1.024
60 -0.3438553742 0.0001762061 1.023
70 -0.3436989743 0.0001563999 1.022
80 -0.3435614401 0.0001375341 1.024
90 -0.3434330143 0.0001284259 1.024
100 -0.3433197872 0.0001132271 1.023
110 -0.3432088680 0.0001109192 1.024
120 -0.3431039140 0.0001049540 1.023
130 -0.3430035514 0.0001003626 1.023
140 -0.3429088254 0.0000947260 1.024
150 -0.3428022105 0.0001066149 1.023
160 -0.3427077907 0.0000944198 1.023
170 -0.3426187049 0.0000890858 1.025
180 -0.3425193600 0.0000993449 1.024
190 -0.3424098677 0.0001094923 1.023
200 -0.3423038112 0.0001060565 1.023
210 -0.3421663197 0.0001374915 1.024
220 -0.3419908732 0.0001754465 1.023
230 -0.3418195086 0.0001713645 1.023
240 -0.3416465838 0.0001729248 1.022
250 -0.3414907511 0.0001558327 1.023
260 -0.3413640009 0.0001267502 1.023
270 -0.3412678824 0.0000961185 1.022
280 -0.3411922534 0.0000756290 1.023
290 -0.3411488632 0.0000433902 1.024
300 -0.3411226905 0.0000261727 1.022
310 -0.3411021327 0.0000205577 1.023
320 -0.3410881476 0.0000139852 1.002
330 -0.3410749358 0.0000132118 0.995
340 -0.3410651535 0.0000097823 0.994
350 -0.3410572822 0.0000078713 0.994
360 -0.3410481455 0.0000091367 0.995
370 -0.3410378070 0.0000103385 0.995
380 -0.3410319271 0.0000058799 0.994
390 -0.3410261784 0.0000057487 0.995
400 -0.3410203838 0.0000057946 0.995
410 -0.3410154064 0.0000049774 0.995
420 -0.3410094145 0.0000059920 0.995
430 -0.3410050449 0.0000043695 0.995
440 -0.3410007373 0.0000043076 0.994
450 -0.3409948454 0.0000058920 0.995
460 -0.3409910974 0.0000037480 0.995
470 -0.3409880401 0.0000030572 0.995
480 -0.3409849086 0.0000031315 0.995
490 -0.3409817537 0.0000031549 0.995
500 -0.3409789069 0.0000028468 0.995
510 -0.3409767118 0.0000021950 0.995
520 -0.3409734314 0.0000032805 0.995
530 -0.3409693466 0.0000040848 0.995
540 -0.3409659240 0.0000034225 0.996
550 -0.3409641045 0.0000018195 0.997
560 -0.3409627583 0.0000013462 0.995
570 -0.3409609569 0.0000018014 0.994
580 -0.3409597874 0.0000011695 0.994
590 -0.3409580045 0.0000017829 0.994
600 -0.3409568013 0.0000012033 0.994
610 -0.3409552844 0.0000015169 0.994
620 -0.3409540653 0.0000012190 0.995
630 -0.3409520113 0.0000020541 0.994
640 -0.3409497540 0.0000022573 0.995
650 -0.3409486287 0.0000011252 0.995
660 -0.3409474365 0.0000011923 0.995
670 -0.3409452511 0.0000021854 0.996
680 -0.3409442987 0.0000009524 0.994
Marginal Likelihood = -0.3409442987
Total time = 68.7934 seconds
Total iterations = 680 
CV error = 0.2180552, 0.0172478 
