Marginal likelihood with initialization (1) = -0.3914832311
Marginal likelihood with initialization (2) = -0.3914833060
Marginal likelihood with initialization (3) = -0.3914835058
Marginal likelihood with initialization (4) = -0.3914835118
Marginal likelihood with initialization (5) = -0.3914835689
Iteration Marginal_Likelihood delta_Marginal_Likelihood Iteration_Time (secs)
0 -0.3914832311 -- 0.463
10 -0.3860110574 0.0054721736 2.149
20 -0.3838905583 0.0021204992 2.150
30 -0.3826024028 0.0012881555 2.151
40 -0.3813645853 0.0012378174 2.151
50 -0.3801107211 0.0012538642 2.150
60 -0.3786539818 0.0014567393 2.150
70 -0.3766737944 0.0019801874 2.150
80 -0.3719037296 0.0047700648 2.151
90 -0.3687633076 0.0031404220 2.149
100 -0.3672934029 0.0014699047 2.147
110 -0.3629361668 0.0043572362 2.150
120 -0.3605313767 0.0024047901 2.146
130 -0.3599937331 0.0005376435 2.146
140 -0.3594134626 0.0005802705 2.146
150 -0.3586345333 0.0007789294 2.147
160 -0.3577804795 0.0008540538 2.147
170 -0.3568054834 0.0009749961 2.146
180 -0.3560279204 0.0007775630 2.148
190 -0.3555403838 0.0004875366 2.148
200 -0.3551470488 0.0003933350 2.151
210 -0.3547678823 0.0003791665 2.148
220 -0.3543982074 0.0003696750 2.149
230 -0.3540578797 0.0003403277 2.149
240 -0.3537445222 0.0003133575 2.148
250 -0.3534477457 0.0002967765 2.149
260 -0.3531460137 0.0003017320 2.150
270 -0.3528455387 0.0003004750 2.149
280 -0.3526045765 0.0002409622 2.148
290 -0.3523839102 0.0002206663 2.148
300 -0.3521220871 0.0002618232 2.147
310 -0.3518759539 0.0002461332 2.148
320 -0.3517138213 0.0001621326 2.148
330 -0.3515970262 0.0001167951 2.148
340 -0.3514752350 0.0001217912 2.148
350 -0.3513629655 0.0001122694 2.150
360 -0.3512521336 0.0001108319 2.148
370 -0.3511369610 0.0001151726 2.148
380 -0.3510484835 0.0000884775 2.149
390 -0.3509786095 0.0000698740 2.149
400 -0.3509103538 0.0000682557 2.147
410 -0.3508590029 0.0000513508 2.147
420 -0.3508306089 0.0000283941 2.147
430 -0.3508081399 0.0000224689 2.147
440 -0.3507921825 0.0000159574 2.146
450 -0.3507826166 0.0000095659 2.145
460 -0.3507743785 0.0000082381 2.148
470 -0.3507685977 0.0000057808 2.147
480 -0.3507615698 0.0000070279 2.146
490 -0.3507600518 0.0000015180 2.146
500 -0.3507634332 -0.0000033814 2.146
510 -0.3507580315 0.0000054017 2.147
520 -0.3507571103 0.0000009212 2.147
Marginal Likelihood = -0.3507571103
Total time = 112.1678 seconds
Total iterations = 520 
CV error = 0.2234494, 0.0197607 
