Marginal likelihood with initialization (1) = -0.3596976538
Marginal likelihood with initialization (2) = -0.3596980073
Marginal likelihood with initialization (3) = -0.3596977195
Marginal likelihood with initialization (4) = -0.3596978529
Marginal likelihood with initialization (5) = -0.3596982465
Iteration Marginal_Likelihood delta_Marginal_Likelihood Iteration_Time (secs)
0 -0.3596976538 -- 0.286
10 -0.3555787720 0.0041188817 1.172
20 -0.3548469663 0.0007318058 1.173
30 -0.3543681441 0.0004788222 1.172
40 -0.3539698155 0.0003983286 1.173
50 -0.3535814662 0.0003883493 1.172
60 -0.3532572970 0.0003241692 1.173
70 -0.3529720544 0.0002852426 1.174
80 -0.3527011614 0.0002708930 1.174
90 -0.3524683755 0.0002327858 1.172
100 -0.3522654308 0.0002029447 1.172
110 -0.3520785255 0.0001869053 1.173
120 -0.3519063098 0.0001722156 1.172
130 -0.3517493778 0.0001569320 1.172
140 -0.3516033721 0.0001460058 1.172
150 -0.3514802210 0.0001231510 1.172
160 -0.3513481572 0.0001320638 1.173
170 -0.3512328971 0.0001152601 1.172
180 -0.3511293069 0.0001035902 1.172
190 -0.3510245466 0.0001047603 1.172
200 -0.3509256278 0.0000989188 1.172
210 -0.3508427291 0.0000828987 1.172
220 -0.3507586390 0.0000840901 1.173
230 -0.3506769419 0.0000816971 1.172
240 -0.3506064816 0.0000704603 1.172
250 -0.3505389270 0.0000675546 1.172
260 -0.3504753365 0.0000635905 1.172
270 -0.3504012528 0.0000740837 1.172
280 -0.3503305753 0.0000706775 1.172
290 -0.3502653891 0.0000651862 1.172
300 -0.3501941530 0.0000712360 1.172
310 -0.3501273542 0.0000667989 1.173
320 -0.3500698944 0.0000574597 1.171
330 -0.3500170346 0.0000528598 1.172
340 -0.3499735130 0.0000435216 1.172
350 -0.3499286923 0.0000448208 1.172
360 -0.3498812308 0.0000474615 1.172
370 -0.3498243524 0.0000568784 1.172
380 -0.3497783036 0.0000460488 1.171
390 -0.3497356008 0.0000427028 1.172
400 -0.3496935890 0.0000420118 1.172
410 -0.3496534717 0.0000401173 1.173
420 -0.3496146873 0.0000387844 1.171
430 -0.3495798466 0.0000348406 1.171
440 -0.3495495585 0.0000302882 1.171
450 -0.3495209544 0.0000286041 1.172
460 -0.3495012238 0.0000197306 1.171
470 -0.3494864075 0.0000148163 1.171
480 -0.3494705789 0.0000158285 1.172
490 -0.3494582833 0.0000122956 1.172
500 -0.3494498974 0.0000083859 1.172
510 -0.3494619232 -0.0000120257 1.171
520 -0.3494304727 0.0000314505 1.171
530 -0.3494194489 0.0000110238 1.171
540 -0.3494191450 0.0000003039 1.171
Marginal Likelihood = -0.3494191450
Total time = 63.5794 seconds
Total iterations = 540 
CV error = 0.2236680, 0.0134468 
