Marginal likelihood with initialization (1) = -0.3705797808
Marginal likelihood with initialization (2) = -0.3705802127
Marginal likelihood with initialization (3) = -0.3705805189
Marginal likelihood with initialization (4) = -0.3705804227
Marginal likelihood with initialization (5) = -0.3705801417
Iteration Marginal_Likelihood delta_Marginal_Likelihood Iteration_Time (secs)
0 -0.3705797808 -- 0.354
10 -0.3653344429 0.0052453379 1.564
20 -0.3644894466 0.0008449964 1.564
30 -0.3638126367 0.0006768099 1.564
40 -0.3631869830 0.0006256537 1.561
50 -0.3625963606 0.0005906224 1.564
60 -0.3620399511 0.0005564095 1.564
70 -0.3615385343 0.0005014168 1.562
80 -0.3610522340 0.0004863003 1.563
90 -0.3606092709 0.0004429631 1.563
100 -0.3601946123 0.0004146586 1.562
110 -0.3598022110 0.0003924013 1.563
120 -0.3593987344 0.0004034766 1.562
130 -0.3589850008 0.0004137336 1.561
140 -0.3585796918 0.0004053090 1.562
150 -0.3581552320 0.0004244598 1.562
160 -0.3577152108 0.0004400212 1.563
170 -0.3571507000 0.0005645108 1.562
180 -0.3564031757 0.0007475243 1.561
190 -0.3553996493 0.0010035265 1.562
200 -0.3539468902 0.0014527590 1.565
210 -0.3532446255 0.0007022648 1.565
220 -0.3529601558 0.0002844697 1.565
230 -0.3526992718 0.0002608840 1.564
240 -0.3524791441 0.0002201277 1.564
250 -0.3522315554 0.0002475887 1.565
260 -0.3520495561 0.0001819993 1.564
270 -0.3518522425 0.0001973136 1.564
280 -0.3517080149 0.0001442276 1.564
290 -0.3515836014 0.0001244135 1.564
300 -0.3514697422 0.0001138592 1.565
310 -0.3513710188 0.0000987235 1.564
320 -0.3512866977 0.0000843211 1.564
330 -0.3512309401 0.0000557576 1.564
340 -0.3511864282 0.0000445119 1.564
350 -0.3511328666 0.0000535616 1.564
360 -0.3510897148 0.0000431518 1.564
370 -0.3510502102 0.0000395046 1.563
380 -0.3510122479 0.0000379623 1.564
390 -0.3509684468 0.0000438011 1.564
400 -0.3509336512 0.0000347957 1.564
410 -0.3508956915 0.0000379597 1.565
420 -0.3508688720 0.0000268195 1.564
430 -0.3508450533 0.0000238187 1.564
440 -0.3508200520 0.0000250013 1.565
450 -0.3508033459 0.0000167061 1.563
460 -0.3507910595 0.0000122864 1.563
470 -0.3507807306 0.0000103289 1.564
480 -0.3507737908 0.0000069399 1.564
490 -0.3507656073 0.0000081835 1.564
500 -0.3507598340 0.0000057733 1.563
510 -0.3507575666 0.0000022674 1.563
520 -0.3507542509 0.0000033157 1.564
530 -0.3507510163 0.0000032346 1.562
540 -0.3507472907 0.0000037256 1.562
550 -0.3507460693 0.0000012214 1.564
560 -0.3507451349 0.0000009344 1.564
Marginal Likelihood = -0.3507451349
Total time = 87.9144 seconds
Total iterations = 560 
CV error = 0.2201821, 0.0160434 
