Marginal likelihood with initialization (1) = -0.3366743091
Marginal likelihood with initialization (2) = -0.3366745106
Marginal likelihood with initialization (3) = -0.3366740443
Marginal likelihood with initialization (4) = -0.3366742251
Marginal likelihood with initialization (5) = -0.3366743040
Iteration Marginal_Likelihood delta_Marginal_Likelihood Iteration_Time (secs)
0 -0.3366740443 -- 0.183
10 -0.3341212972 0.0025527472 0.620
20 -0.3339138341 0.0002074630 0.621
30 -0.3339027856 0.0000110485 0.620
40 -0.3338925643 0.0000102213 0.621
50 -0.3338821537 0.0000104107 0.621
60 -0.3338343950 0.0000477587 0.620
70 -0.3338129578 0.0000214372 0.620
80 -0.3337407467 0.0000722111 0.620
90 -0.3337071888 0.0000335578 0.621
100 -0.3336843021 0.0000228867 0.620
110 -0.3336711143 0.0000131879 0.620
120 -0.3336615103 0.0000096040 0.621
130 -0.3336524045 0.0000091058 0.621
140 -0.3336437142 0.0000086903 0.621
150 -0.3336351532 0.0000085610 0.620
160 -0.3336260332 0.0000091200 0.621
170 -0.3336160528 0.0000099803 0.620
180 -0.3336067810 0.0000092718 0.620
190 -0.3335978579 0.0000089231 0.621
200 -0.3335890380 0.0000088199 0.620
210 -0.3335802020 0.0000088359 0.620
220 -0.3335710071 0.0000091950 0.620
230 -0.3335612476 0.0000097594 0.620
240 -0.3335513046 0.0000099431 0.620
250 -0.3335407479 0.0000105567 0.620
260 -0.3335174675 0.0000232803 0.620
270 -0.3334429978 0.0000744697 0.621
280 -0.3331024119 0.0003405859 0.620
290 -0.3298033453 0.0032990666 0.620
300 -0.3263210863 0.0034822590 0.619
310 -0.3263208152 0.0000002712 0.617
Marginal Likelihood = -0.3263208152
Total time = 19.4149 seconds
Total iterations = 310 
CV error = 0.2208377, 0.0197152 
