Marginal likelihood with initialization (1) = -0.3914830047
Marginal likelihood with initialization (2) = -0.3914832427
Marginal likelihood with initialization (3) = -0.3914833707
Marginal likelihood with initialization (4) = -0.3914828892
Marginal likelihood with initialization (5) = -0.3914831652
Iteration Marginal_Likelihood delta_Marginal_Likelihood Iteration_Time (secs)
0 -0.3914828892 -- 0.508
10 -0.3853778072 0.0061050820 2.321
20 -0.3831556238 0.0022221834 2.323
30 -0.3780323212 0.0051233026 2.321
40 -0.3739732482 0.0040590730 2.325
50 -0.3729330432 0.0010402050 2.320
60 -0.3718591340 0.0010739092 2.318
70 -0.3705142374 0.0013448966 2.320
80 -0.3684552177 0.0020590197 2.317
90 -0.3628021991 0.0056530186 2.317
100 -0.3611583973 0.0016438018 2.317
110 -0.3563856013 0.0047727960 2.315
120 -0.3545718678 0.0018137335 2.313
130 -0.3543207716 0.0002510962 2.313
140 -0.3540950959 0.0002256757 2.315
150 -0.3538716482 0.0002234477 2.299
160 -0.3536660283 0.0002056199 2.249
170 -0.3534498059 0.0002162224 2.250
180 -0.3532396693 0.0002101366 2.253
190 -0.3530482947 0.0001913746 2.250
200 -0.3528616110 0.0001866837 2.303
210 -0.3526626229 0.0001989881 2.315
220 -0.3524515314 0.0002110915 2.315
230 -0.3522087475 0.0002427839 2.277
240 -0.3519215741 0.0002871734 2.252
250 -0.3515773022 0.0003442719 2.249
260 -0.3511750879 0.0004022143 2.250
270 -0.3505577289 0.0006173590 2.249
280 -0.3499295911 0.0006281378 2.249
290 -0.3495573005 0.0003722906 2.250
300 -0.3493888573 0.0001684431 2.251
310 -0.3492978786 0.0000909788 2.252
320 -0.3492299515 0.0000679271 2.254
330 -0.3491708808 0.0000590707 2.253
340 -0.3491040971 0.0000667837 2.252
350 -0.3490441930 0.0000599040 2.252
360 -0.3489739766 0.0000702165 2.253
370 -0.3489189826 0.0000549940 2.252
380 -0.3488568005 0.0000621821 2.252
390 -0.3487847184 0.0000720821 2.252
400 -0.3487148328 0.0000698856 2.252
410 -0.3486561549 0.0000586779 2.252
420 -0.3486062411 0.0000499138 2.252
430 -0.3485587572 0.0000474838 2.254
440 -0.3485161480 0.0000426092 2.252
450 -0.3484693321 0.0000468159 2.252
460 -0.3484290929 0.0000402393 2.251
470 -0.3483900648 0.0000390281 2.251
480 -0.3483609653 0.0000290994 2.251
490 -0.3483288730 0.0000320923 2.248
500 -0.3482950024 0.0000338706 2.246
510 -0.3482680025 0.0000269999 2.246
520 -0.3482424800 0.0000255225 2.244
530 -0.3482168010 0.0000256791 2.243
540 -0.3481899823 0.0000268187 2.253
550 -0.3481700671 0.0000199152 2.253
560 -0.3481531332 0.0000169339 2.256
570 -0.3481336497 0.0000194835 2.254
580 -0.3481204040 0.0000132457 2.253
590 -0.3481048813 0.0000155227 2.254
600 -0.3480923683 0.0000125129 2.254
610 -0.3480826839 0.0000096845 2.252
620 -0.3480702141 0.0000124698 2.254
630 -0.3480613343 0.0000088798 2.254
640 -0.3480525222 0.0000088120 2.254
650 -0.3480417585 0.0000107638 2.253
660 -0.3480298615 0.0000118970 2.254
670 -0.3480207519 0.0000091096 2.252
680 -0.3480156532 0.0000050987 2.254
690 -0.3480079456 0.0000077076 2.253
700 -0.3479969705 0.0000109751 2.254
710 -0.3479881038 0.0000088667 2.253
720 -0.3479775952 0.0000105086 2.254
730 -0.3479820655 -0.0000044703 2.252
740 -0.3479779122 0.0000041533 2.256
750 -0.3479711848 0.0000067274 2.255
760 -0.3479684144 0.0000027703 2.254
770 -0.3479638634 0.0000045510 2.254
780 -0.3479571464 0.0000067170 2.256
790 -0.3479546430 0.0000025034 2.255
800 -0.3479500786 0.0000045644 2.254
810 -0.3479493684 0.0000007102 2.255
Marginal Likelihood = -0.3479493684
Total time = 184.1168 seconds
Total iterations = 810 
CV error = 0.2287433, 0.0149766 
