Marginal likelihood with initialization (1) = -0.3705801115
Marginal likelihood with initialization (2) = -0.3705803489
Marginal likelihood with initialization (3) = -0.3705805832
Marginal likelihood with initialization (4) = -0.3705802543
Marginal likelihood with initialization (5) = -0.3705802348
Iteration Marginal_Likelihood delta_Marginal_Likelihood Iteration_Time (secs)
0 -0.3705801115 -- 0.383
10 -0.3657368647 0.0048432469 1.688
20 -0.3646936687 0.0010431960 1.688
30 -0.3640451076 0.0006485611 1.687
40 -0.3634535689 0.0005915387 1.689
50 -0.3629099376 0.0005436313 1.691
60 -0.3624084927 0.0005014449 1.686
70 -0.3619894407 0.0004190521 1.686
80 -0.3615652404 0.0004242003 1.686
90 -0.3611968040 0.0003684363 1.684
100 -0.3608553901 0.0003414140 1.729
110 -0.3605279060 0.0003274841 1.685
120 -0.3602213377 0.0003065683 1.684
130 -0.3599019295 0.0003194082 1.684
140 -0.3595641952 0.0003377344 1.687
150 -0.3591753257 0.0003888695 1.688
160 -0.3586789852 0.0004963405 1.688
170 -0.3579696646 0.0007093206 1.689
180 -0.3568682496 0.0011014149 1.690
190 -0.3559615106 0.0009067390 1.687
200 -0.3556832738 0.0002782368 1.691
210 -0.3555747899 0.0001084839 1.693
220 -0.3554745396 0.0001002503 1.695
230 -0.3553614164 0.0001131231 1.694
240 -0.3552537063 0.0001077101 1.694
250 -0.3551559516 0.0000977547 1.691
260 -0.3550287726 0.0001271790 1.690
270 -0.3549124309 0.0001163417 1.659
280 -0.3548000699 0.0001123609 1.643
290 -0.3547068129 0.0000932570 1.642
300 -0.3546054169 0.0001013960 1.642
310 -0.3544860992 0.0001193177 1.667
320 -0.3543830056 0.0001030937 1.686
330 -0.3542710952 0.0001119104 1.687
340 -0.3541654829 0.0001056123 1.687
350 -0.3540687181 0.0000967648 1.688
360 -0.3539682407 0.0001004774 1.688
370 -0.3538712128 0.0000970279 1.687
380 -0.3537779487 0.0000932641 1.685
390 -0.3536854233 0.0000925254 1.681
400 -0.3536187018 0.0000667215 1.681
410 -0.3535580415 0.0000606603 1.681
420 -0.3535041916 0.0000538499 1.658
430 -0.3534597096 0.0000444820 1.641
440 -0.3534143791 0.0000453305 1.641
450 -0.3533757808 0.0000385983 1.640
460 -0.3533453520 0.0000304288 1.636
470 -0.3533201318 0.0000252202 1.638
480 -0.3532985054 0.0000216264 1.641
490 -0.3532769183 0.0000215871 1.640
500 -0.3532613075 0.0000156107 1.641
510 -0.3532496938 0.0000116137 1.641
520 -0.3532417192 0.0000079746 1.651
530 -0.3532381737 0.0000035455 1.647
540 -0.3532151148 0.0000230589 1.647
550 -0.3525415180 0.0006735968 1.643
560 -0.3525358724 0.0000056457 1.643
570 -0.3525279919 0.0000078805 1.645
580 -0.3525247344 0.0000032575 1.643
590 -0.3525303794 -0.0000056450 1.638
600 -0.3525177304 0.0000126490 1.641
610 -0.3525141654 0.0000035650 1.643
620 -0.3525207156 -0.0000065502 1.643
630 -0.3525086323 0.0000120833 1.643
640 -0.3525045410 0.0000040913 1.643
650 -0.3525014471 0.0000030939 1.644
660 -0.3524983667 0.0000030804 1.643
670 -0.3524997688 -0.0000014021 1.641
680 -0.3524997588 0.0000000100 1.642
Marginal Likelihood = -0.3524997588
Total time = 113.7987 seconds
Total iterations = 680 
CV error = 0.2181616, 0.0141472 
