Marginal likelihood with initialization (1) = -0.3484380398
Marginal likelihood with initialization (2) = -0.3484390639
Marginal likelihood with initialization (3) = -0.3484381043
Marginal likelihood with initialization (4) = -0.3484385527
Marginal likelihood with initialization (5) = -0.3484380364
Iteration Marginal_Likelihood delta_Marginal_Likelihood Iteration_Time (secs)
0 -0.3484380364 -- 0.269
10 -0.3448408440 0.0035971924 1.076
20 -0.3442873806 0.0005534634 1.078
30 -0.3439480101 0.0003393705 1.077
40 -0.3437192204 0.0002287898 1.077
50 -0.3435536479 0.0001655724 1.076
60 -0.3434009637 0.0001526842 1.079
70 -0.3432730480 0.0001279157 1.077
80 -0.3431704260 0.0001026220 1.063
90 -0.3430797952 0.0000906308 1.075
100 -0.3429998268 0.0000799684 1.075
110 -0.3429299289 0.0000698978 1.075
120 -0.3428593213 0.0000706076 1.075
130 -0.3427985639 0.0000607574 1.076
140 -0.3427537219 0.0000448420 1.075
150 -0.3427133914 0.0000403305 1.064
160 -0.3426788245 0.0000345669 1.075
170 -0.3426479619 0.0000308626 1.074
180 -0.3426200924 0.0000278695 1.073
190 -0.3425948230 0.0000252694 1.074
200 -0.3425705892 0.0000242338 1.073
210 -0.3425495412 0.0000210480 1.074
220 -0.3425270390 0.0000225022 1.076
230 -0.3425096631 0.0000173759 1.076
240 -0.3424925375 0.0000171255 1.076
250 -0.3424747915 0.0000177460 1.075
260 -0.3424571742 0.0000176173 1.076
270 -0.3424397514 0.0000174228 1.077
280 -0.3424254487 0.0000143027 1.076
290 -0.3424120149 0.0000134338 1.075
300 -0.3423996852 0.0000123297 1.077
310 -0.3423888727 0.0000108125 1.075
320 -0.3423799812 0.0000088915 1.075
330 -0.3423703581 0.0000096231 1.078
340 -0.3423589992 0.0000113590 1.076
350 -0.3423483950 0.0000106042 1.077
360 -0.3423380969 0.0000102981 1.078
370 -0.3423306132 0.0000074837 1.077
380 -0.3423228004 0.0000078128 1.076
390 -0.3423180162 0.0000047841 1.074
400 -0.3423124831 0.0000055331 1.074
410 -0.3423063954 0.0000060877 1.073
420 -0.3423015055 0.0000048900 1.060
430 -0.3422970850 0.0000044204 1.046
440 -0.3422923033 0.0000047818 1.044
450 -0.3422884059 0.0000038974 1.044
460 -0.3422851010 0.0000033049 1.044
470 -0.3422812961 0.0000038049 1.043
480 -0.3422756958 0.0000056003 1.044
490 -0.3422706777 0.0000050181 1.048
500 -0.3422669550 0.0000037228 1.071
510 -0.3422622919 0.0000046631 1.071
520 -0.3422573282 0.0000049637 1.072
530 -0.3422523498 0.0000049783 1.073
540 -0.3422486036 0.0000037462 1.072
550 -0.3422461731 0.0000024306 1.073
560 -0.3422428139 0.0000033591 1.072
570 -0.3422396683 0.0000031456 1.072
580 -0.3422363583 0.0000033100 1.072
590 -0.3422338976 0.0000024607 1.072
600 -0.3422298806 0.0000040170 1.071
610 -0.3422263674 0.0000035132 1.071
620 -0.3422243777 0.0000019897 1.072
630 -0.3422215622 0.0000028155 1.071
640 -0.3422194168 0.0000021454 1.071
650 -0.3422165216 0.0000028952 1.071
660 -0.3422142144 0.0000023072 1.051
670 -0.3422120005 0.0000022139 1.044
680 -0.3422092633 0.0000027373 1.043
690 -0.3422058029 0.0000034603 1.043
700 -0.3422029302 0.0000028727 1.043
710 -0.3422000108 0.0000029194 1.043
720 -0.3421967384 0.0000032724 1.043
730 -0.3421944247 0.0000023137 1.043
740 -0.3421919853 0.0000024393 1.044
750 -0.3421889973 0.0000029880 1.044
760 -0.3421860642 0.0000029331 1.041
770 -0.3421850694 0.0000009948 1.042
Marginal Likelihood = -0.3421850694
Total time = 82.4036 seconds
Total iterations = 770 
CV error = 0.2213091, 0.0177205 
