Marginal likelihood with initialization (1) = -0.3596979221
Marginal likelihood with initialization (2) = -0.3596980672
Marginal likelihood with initialization (3) = -0.3596979571
Marginal likelihood with initialization (4) = -0.3596974741
Marginal likelihood with initialization (5) = -0.3596977364
Iteration Marginal_Likelihood delta_Marginal_Likelihood Iteration_Time (secs)
0 -0.3596974741 -- 0.312
10 -0.3554393855 0.0042580886 1.271
20 -0.3547393488 0.0007000367 1.269
30 -0.3542933963 0.0004459525 1.272
40 -0.3538328619 0.0004605344 1.269
50 -0.3534969085 0.0003359534 1.269
60 -0.3531809852 0.0003159233 1.271
70 -0.3528978360 0.0002831492 1.271
80 -0.3526174097 0.0002804263 1.270
90 -0.3523491538 0.0002682559 1.269
100 -0.3520752549 0.0002738989 1.269
110 -0.3518296492 0.0002456057 1.271
120 -0.3515364656 0.0002931836 1.268
130 -0.3511845076 0.0003519580 1.270
140 -0.3508186292 0.0003658784 1.269
150 -0.3503936479 0.0004249813 1.269
160 -0.3498499178 0.0005437301 1.268
170 -0.3490282867 0.0008216311 1.269
180 -0.3485333483 0.0004949385 1.269
190 -0.3483732673 0.0001600810 1.270
200 -0.3482795142 0.0000937531 1.271
210 -0.3482102995 0.0000692147 1.270
220 -0.3481509233 0.0000593762 1.270
230 -0.3481021486 0.0000487747 1.270
240 -0.3480513618 0.0000507869 1.270
250 -0.3480065776 0.0000447842 1.270
260 -0.3479599748 0.0000466029 1.270
270 -0.3479202198 0.0000397550 1.270
280 -0.3478839587 0.0000362611 1.241
290 -0.3478457813 0.0000381774 1.236
300 -0.3478095077 0.0000362736 1.236
310 -0.3477748247 0.0000346830 1.236
320 -0.3477391374 0.0000356874 1.236
330 -0.3477087987 0.0000303387 1.236
340 -0.3476775788 0.0000312199 1.236
350 -0.3476423912 0.0000351877 1.236
360 -0.3476109601 0.0000314310 1.264
370 -0.3475766312 0.0000343289 1.272
380 -0.3475466790 0.0000299522 1.271
390 -0.3475181670 0.0000285121 1.271
400 -0.3474929083 0.0000252587 1.270
410 -0.3474623124 0.0000305959 1.270
420 -0.3474331739 0.0000291385 1.239
430 -0.3474041409 0.0000290330 1.236
440 -0.3473772109 0.0000269299 1.236
450 -0.3473558111 0.0000213999 1.235
460 -0.3473332767 0.0000225344 1.235
470 -0.3473092341 0.0000240426 1.235
480 -0.3472877676 0.0000214665 1.236
490 -0.3472674773 0.0000202902 1.235
500 -0.3472467179 0.0000207594 1.235
510 -0.3472245444 0.0000221736 1.235
520 -0.3472019987 0.0000225456 1.235
530 -0.3471876989 0.0000142999 1.237
540 -0.3471725706 0.0000151282 1.235
550 -0.3471591135 0.0000134571 1.235
560 -0.3471888788 -0.0000297653 1.235
570 -0.3471314363 0.0000574426 1.235
580 -0.3471224554 0.0000089809 1.235
590 -0.3471213050 0.0000011503 1.234
600 -0.3471052557 0.0000160493 1.235
610 -0.3470955724 0.0000096834 1.235
620 -0.3470841290 0.0000114434 1.235
630 -0.3470789120 0.0000052170 1.235
640 -0.3470720533 0.0000068586 1.235
650 -0.3470693590 0.0000026943 1.234
660 -0.3470663630 0.0000029961 1.236
670 -0.3470591517 0.0000072112 1.235
680 -0.3470503659 0.0000087858 1.234
690 -0.3470441737 0.0000061923 1.235
700 -0.3470356729 0.0000085008 1.235
710 -0.3470334739 0.0000021989 1.235
720 -0.3470300362 0.0000034378 1.234
730 -0.3470257069 0.0000043293 1.235
740 -0.3470243334 0.0000013735 1.234
750 -0.3470229215 0.0000014119 1.235
760 -0.3470218156 0.0000011059 1.235
770 -0.3470193518 0.0000024638 1.234
780 -0.3470180498 0.0000013020 1.235
790 -0.3470160828 0.0000019670 1.235
800 -0.3470126131 0.0000034697 1.235
810 -0.3470057354 0.0000068777 1.235
820 -0.3470043716 0.0000013638 1.235
830 -0.3470036370 0.0000007346 1.235
Marginal Likelihood = -0.3470036370
Total time = 103.9948 seconds
Total iterations = 830 
CV error = 0.2220541, 0.0170109 
