Marginal likelihood with initialization (1) = -0.3366738241
Marginal likelihood with initialization (2) = -0.3366747302
Marginal likelihood with initialization (3) = -0.3366742463
Marginal likelihood with initialization (4) = -0.3366740988
Marginal likelihood with initialization (5) = -0.3366746403
Iteration Marginal_Likelihood delta_Marginal_Likelihood Iteration_Time (secs)
0 -0.3366738241 -- 0.197
10 -0.3341216059 0.0025522182 0.665
20 -0.3340313310 0.0000902749 0.666
30 -0.3339571555 0.0000741755 0.667
40 -0.3338928085 0.0000643470 0.665
50 -0.3338645139 0.0000282947 0.665
60 -0.3338537009 0.0000108130 0.665
70 -0.3338439876 0.0000097134 0.665
80 -0.3338222753 0.0000217122 0.665
90 -0.3337992730 0.0000230024 0.667
100 -0.3337869609 0.0000123121 0.665
110 -0.3337697361 0.0000172248 0.665
120 -0.3337630895 0.0000066466 0.654
130 -0.3337612548 0.0000018347 0.660
140 -0.3337589904 0.0000022644 0.664
150 -0.3337548416 0.0000041488 0.664
160 -0.3337532570 0.0000015846 0.664
170 -0.3337511062 0.0000021508 0.665
180 -0.3337489160 0.0000021902 0.664
190 -0.3337462323 0.0000026837 0.664
200 -0.3337441160 0.0000021162 0.665
210 -0.3337434672 0.0000006489 0.666
Marginal Likelihood = -0.3337434672
Total time = 14.1540 seconds
Total iterations = 210 
CV error = 0.2176851, 0.0158025 
