Marginal likelihood with initialization (1) = -0.3811592779
Marginal likelihood with initialization (2) = -0.3811590632
Marginal likelihood with initialization (3) = -0.3811593169
Marginal likelihood with initialization (4) = -0.3811594603
Marginal likelihood with initialization (5) = -0.3811595460
Iteration Marginal_Likelihood delta_Marginal_Likelihood Iteration_Time (secs)
0 -0.3811590632 -- 0.423
10 -0.3757080231 0.0054510401 1.881
20 -0.3744903071 0.0012177159 1.876
30 -0.3735375285 0.0009527786 1.880
40 -0.3723593295 0.0011781990 1.879
50 -0.3710355804 0.0013237491 1.864
60 -0.3687063971 0.0023291833 1.877
70 -0.3629219277 0.0057844694 1.875
80 -0.3623504178 0.0005715099 1.875
90 -0.3617272374 0.0006231804 1.863
100 -0.3610502291 0.0006770083 1.872
110 -0.3599536994 0.0010965297 1.875
120 -0.3563303451 0.0036233543 1.877
130 -0.3537875184 0.0025428267 1.876
140 -0.3535812606 0.0002062578 1.876
150 -0.3533834009 0.0001978597 1.873
160 -0.3531925607 0.0001908402 1.876
170 -0.3530022474 0.0001903134 1.873
180 -0.3527873441 0.0002149032 1.877
190 -0.3525941168 0.0001932273 1.877
200 -0.3523840994 0.0002100174 1.878
210 -0.3521817543 0.0002023451 1.876
220 -0.3519796567 0.0002020976 1.877
230 -0.3517551278 0.0002245289 1.871
240 -0.3515424940 0.0002126339 1.855
250 -0.3513043961 0.0002380979 1.823
260 -0.3510585256 0.0002458705 1.818
270 -0.3507548944 0.0003036313 1.818
280 -0.3505068435 0.0002480509 1.823
290 -0.3502582281 0.0002486154 1.868
300 -0.3500280584 0.0002301696 1.871
310 -0.3498626326 0.0001654258 1.864
320 -0.3497352612 0.0001273715 1.866
330 -0.3496284833 0.0001067779 1.867
340 -0.3495536893 0.0000747940 1.865
350 -0.3494828852 0.0000708042 1.869
360 -0.3494064757 0.0000764094 1.863
370 -0.3493282369 0.0000782388 1.867
380 -0.3492530401 0.0000751968 1.836
390 -0.3491877610 0.0000652791 1.819
400 -0.3491345417 0.0000532193 1.817
410 -0.3490860191 0.0000485226 1.820
420 -0.3490148961 0.0000711229 1.822
430 -0.3489664548 0.0000484413 1.828
440 -0.3489176900 0.0000487648 1.815
450 -0.3488618113 0.0000558787 1.827
460 -0.3488094828 0.0000523285 1.819
470 -0.3487711870 0.0000382958 1.846
480 -0.3487200142 0.0000511727 1.823
490 -0.3486887152 0.0000312990 1.826
500 -0.3486568321 0.0000318831 1.824
510 -0.3486198136 0.0000370185 1.823
520 -0.3485935070 0.0000263066 1.823
530 -0.3485627442 0.0000307628 1.824
540 -0.3485447082 0.0000180360 1.824
550 -0.3485238615 0.0000208467 1.823
560 -0.3485129451 0.0000109164 1.827
570 -0.3485025683 0.0000103768 1.821
580 -0.3484892008 0.0000133676 1.822
590 -0.3484835293 0.0000056715 1.823
600 -0.3484751118 0.0000084175 1.826
610 -0.3484671083 0.0000080035 1.820
620 -0.3484617650 0.0000053433 1.820
630 -0.3484610182 0.0000007469 1.820
Marginal Likelihood = -0.3484610182
Total time = 116.9097 seconds
Total iterations = 630 
CV error = 0.2182933, 0.0170520 
