Running BayPass Version 2.3 with the following command line:
baypass -gfile G.bft.BP.sim -outprefix bft.kinrm.sim -nthreads 20 -nval 10000 -burnin 10000 -pilotlength 1000                                                                                                                                                  

!!!!!!!!!!!!!!!!!!!!!!!!!!!!!!!!!!!!!!
        Size of the data set 
!!!!!!!!!!!!!!!!!!!!!!!!!!!!!!!!!!!!!!

 No of Markers                      =     10000
 No of Populations                  =         9
 Genotype File name                 =    G.bft.BP.sim

!!!!!!!!!!!!!!!!!!!!!!!!!!!!!!!!!!!!!!
        Model Specifications
!!!!!!!!!!!!!!!!!!!!!!!!!!!!!!!!!!!!!!


 -> Basic Mode (no covariate):
  (*) Omega matrix is estimated with prior inv(Omega) ~ Wish_npop((1/rho)Id_npop,rho)  where rho=     1
  (*) Parameters from the Pi prior dist. will be estimated
  (*) Outlier detection: XtX stat. for each SNP        

!!!!!!!!!!!!!!!!!!!!!!!!!!!!!!!!!!!!!!
           MCMC specifications
!!!!!!!!!!!!!!!!!!!!!!!!!!!!!!!!!!!!!!


 Nb. of sampled parameter values       =   10000
 Thinning Rate                         =      20
 Burn in Period Length                 =   10000
 Max Number of Pilot runs              =      20
 Pilot run Length                      =    1000

 Init. deltas for Pi proposals          = 0.5000
 Coop Pij proposal with init. sig. for Pi. multivariate prop.          =  0.0500
 Pilot Run Adj. Factor Pilot            =  1.25
 Targeted Rej./Acc. rates              =  0.25-0.40
 R.N.G. seed                            =    5001

!!!!!!!!!!!!!!!!!!!!!!!!!!!!!!!!!!!!!!
        COUNT DATA
!!!!!!!!!!!!!!!!!!!!!!!!!!!!!!!!!!!!!!

First SNP ref. Allele count     0    0    6    0    4    0    3    0    2
First SNP total Gene count     46   28  100   68   60   74  100   46   88
Last  SNP ref. Allele count     0    0    0    0    0    0    0    0    0
Last  SNP total Gene count     46   26  104   76   58   76  102   56   86

!!!!!!!!!!!!!!!!!!!!!!!!!!!!!!!!!!!!!!
        PILOT RUNS
!!!!!!!!!!!!!!!!!!!!!!!!!!!!!!!!!!!!!!

Initial Values:
Pij min         =      0.00893  Pij max         =      0.99107  Average Pij     =      0.57065
Pij_til min     =     -2.61254  Pij_til max     =      2.61598  Average Pij_til =     -0.00000
PI min          =      0.01573  PI max          =      0.98427  Average PI      =      0.57065
Pi_beta_params values       0.36840      0.27717

!!!!!!!!!!!!!!!!!!!
## PILOT RUN:    1
!!!!!!!!!!!!!!!!!!!

i)   Node Values:
Pij min         =     -2.53134  Pij max         =      4.13986  Average Pij     =      0.59885
Pij_til min     =     -9.91418  Pij_til max     =      9.60158  Average Pij_til =      0.14407
PI min          =      0.00011  PI max          =      0.99989  Average PI      =      0.57092
Pi_beta_params values       0.39437      0.31838

ii)  Acceptance Rates (before adjustment):
  Acceptance Rate not achieved for      8527   out of     10000   p_ij vectors
  Acceptance Rate not achieved for      9007   out of     10000   pi
      Mean Acceptance Rate Pij  =  0.19141   mean delta_p=  0.04421
      Mean Acceptance Rate Pi   =  0.33155   mean delta_pi=  0.49980
      Mean Acceptance Rate b_mu =  0.19900        delta  =  0.04000
      Mean Acceptance Rate b_phi=  0.01400        delta  =  0.80000

iii) Running Time            :  0 d  0 h  0 min 12 sec
     Estimated Remaining Time:  0 d  0 h 47 min 38 sec

!!!!!!!!!!!!!!!!!!!
## PILOT RUN:    2
!!!!!!!!!!!!!!!!!!!

i)   Node Values:
Pij min         =     -3.25066  Pij max         =      3.94406  Average Pij     =      0.59344
Pij_til min     =     -8.71024  Pij_til max     =      8.37518  Average Pij_til =      0.12806
PI min          =      0.00014  PI max          =      0.99990  Average PI      =      0.57343
Pi_beta_params values       0.37631      0.29672

ii)  Acceptance Rates (before adjustment):
  Acceptance Rate not achieved for      7185   out of     10000   p_ij vectors
  Acceptance Rate not achieved for      8912   out of     10000   pi
      Mean Acceptance Rate Pij  =  0.21755   mean delta_p=  0.04026
      Mean Acceptance Rate Pi   =  0.31732   mean delta_pi=  0.51729
      Mean Acceptance Rate b_mu =  0.26600        delta  =  0.04000
      Mean Acceptance Rate b_phi=  0.01800        delta  =  0.64000

iii) Running Time            :  0 d  0 h  0 min 16 sec
     Estimated Remaining Time:  0 d  0 h 30 min 58 sec

!!!!!!!!!!!!!!!!!!!
## PILOT RUN:    3
!!!!!!!!!!!!!!!!!!!

i)   Node Values:
Pij min         =     -2.93739  Pij max         =      4.24516  Average Pij     =      0.59269
Pij_til min     =     -8.34404  Pij_til max     =      9.51168  Average Pij_til =      0.12441
PI min          =      0.00011  PI max          =      0.99989  Average PI      =      0.57597
Pi_beta_params values       0.38301      0.30663

ii)  Acceptance Rates (before adjustment):
  Acceptance Rate not achieved for      5661   out of     10000   p_ij vectors
  Acceptance Rate not achieved for      8658   out of     10000   pi
      Mean Acceptance Rate Pij  =  0.24539   mean delta_p=  0.03793
      Mean Acceptance Rate Pi   =  0.30665   mean delta_pi=  0.55287
      Mean Acceptance Rate b_mu =  0.25400        delta  =  0.04000
      Mean Acceptance Rate b_phi=  0.02900        delta  =  0.51200

iii) Running Time            :  0 d  0 h  0 min 20 sec
     Estimated Remaining Time:  0 d  0 h 25 min 46 sec

!!!!!!!!!!!!!!!!!!!
## PILOT RUN:    4
!!!!!!!!!!!!!!!!!!!

i)   Node Values:
Pij min         =     -4.03444  Pij max         =      4.05244  Average Pij     =      0.59084
Pij_til min     =     -9.23707  Pij_til max     =      8.14225  Average Pij_til =      0.10475
PI min          =      0.00011  PI max          =      0.99990  Average PI      =      0.57736
Pi_beta_params values       0.38065      0.29342

ii)  Acceptance Rates (before adjustment):
  Acceptance Rate not achieved for      4739   out of     10000   p_ij vectors
  Acceptance Rate not achieved for      8519   out of     10000   pi
      Mean Acceptance Rate Pij  =  0.26111   mean delta_p=  0.03630
      Mean Acceptance Rate Pi   =  0.29689   mean delta_pi=  0.60727
      Mean Acceptance Rate b_mu =  0.25800        delta  =  0.04000
      Mean Acceptance Rate b_phi=  0.02900        delta  =  0.40960

iii) Running Time            :  0 d  0 h  0 min 24 sec
     Estimated Remaining Time:  0 d  0 h 23 min  9 sec

!!!!!!!!!!!!!!!!!!!
## PILOT RUN:    5
!!!!!!!!!!!!!!!!!!!

i)   Node Values:
Pij min         =     -3.01257  Pij max         =      4.09318  Average Pij     =      0.59325
Pij_til min     =     -9.55277  Pij_til max     =     10.39412  Average Pij_til =      0.11620
PI min          =      0.00011  PI max          =      0.99990  Average PI      =      0.57292
Pi_beta_params values       0.37341      0.29777

ii)  Acceptance Rates (before adjustment):
  Acceptance Rate not achieved for      4060   out of     10000   p_ij vectors
  Acceptance Rate not achieved for      8349   out of     10000   pi
      Mean Acceptance Rate Pij  =  0.27771   mean delta_p=  0.03525
      Mean Acceptance Rate Pi   =  0.29605   mean delta_pi=  0.68453
      Mean Acceptance Rate b_mu =  0.25700        delta  =  0.04000
      Mean Acceptance Rate b_phi=  0.03400        delta  =  0.32768

iii) Running Time            :  0 d  0 h  0 min 28 sec
     Estimated Remaining Time:  0 d  0 h 21 min 33 sec

!!!!!!!!!!!!!!!!!!!
## PILOT RUN:    6
!!!!!!!!!!!!!!!!!!!

i)   Node Values:
Pij min         =     -3.03445  Pij max         =      3.63700  Average Pij     =      0.59128
Pij_til min     =     -8.77320  Pij_til max     =      9.22931  Average Pij_til =      0.10650
PI min          =      0.00010  PI max          =      0.99990  Average PI      =      0.57422
Pi_beta_params values       0.36298      0.28463

ii)  Acceptance Rates (before adjustment):
  Acceptance Rate not achieved for      3649   out of     10000   p_ij vectors
  Acceptance Rate not achieved for      8128   out of     10000   pi
      Mean Acceptance Rate Pij  =  0.28964   mean delta_p=  0.03447
      Mean Acceptance Rate Pi   =  0.29314   mean delta_pi=  0.78336
      Mean Acceptance Rate b_mu =  0.28300        delta  =  0.04000
      Mean Acceptance Rate b_phi=  0.04500        delta  =  0.26214

iii) Running Time            :  0 d  0 h  0 min 32 sec
     Estimated Remaining Time:  0 d  0 h 20 min 27 sec

!!!!!!!!!!!!!!!!!!!
## PILOT RUN:    7
!!!!!!!!!!!!!!!!!!!

i)   Node Values:
Pij min         =     -2.97115  Pij max         =      3.83649  Average Pij     =      0.59027
Pij_til min     =     -8.07026  Pij_til max     =      8.56102  Average Pij_til =      0.10022
PI min          =      0.00010  PI max          =      0.99990  Average PI      =      0.57583
Pi_beta_params values       0.36027      0.28250

ii)  Acceptance Rates (before adjustment):
  Acceptance Rate not achieved for      3361   out of     10000   p_ij vectors
  Acceptance Rate not achieved for      8048   out of     10000   pi
      Mean Acceptance Rate Pij  =  0.29520   mean delta_p=  0.03381
      Mean Acceptance Rate Pi   =  0.29624   mean delta_pi=  0.91150
      Mean Acceptance Rate b_mu =  0.26000        delta  =  0.04000
      Mean Acceptance Rate b_phi=  0.05100        delta  =  0.20972

iii) Running Time            :  0 d  0 h  0 min 36 sec
     Estimated Remaining Time:  0 d  0 h 19 min 38 sec

!!!!!!!!!!!!!!!!!!!
## PILOT RUN:    8
!!!!!!!!!!!!!!!!!!!

i)   Node Values:
Pij min         =     -2.82343  Pij max         =      3.79899  Average Pij     =      0.58687
Pij_til min     =     -7.87781  Pij_til max     =      9.09754  Average Pij_til =      0.10333
PI min          =      0.00010  PI max          =      0.99990  Average PI      =      0.57743
Pi_beta_params values       0.35141      0.27595

ii)  Acceptance Rates (before adjustment):
  Acceptance Rate not achieved for      3188   out of     10000   p_ij vectors
  Acceptance Rate not achieved for      7942   out of     10000   pi
      Mean Acceptance Rate Pij  =  0.30086   mean delta_p=  0.03331
      Mean Acceptance Rate Pi   =  0.30236   mean delta_pi=  1.07476
      Mean Acceptance Rate b_mu =  0.26100        delta  =  0.04000
      Mean Acceptance Rate b_phi=  0.07900        delta  =  0.16777

iii) Running Time            :  0 d  0 h  0 min 41 sec
     Estimated Remaining Time:  0 d  0 h 19 min  0 sec

!!!!!!!!!!!!!!!!!!!
## PILOT RUN:    9
!!!!!!!!!!!!!!!!!!!

i)   Node Values:
Pij min         =     -3.00811  Pij max         =      4.05089  Average Pij     =      0.58738
Pij_til min     =     -7.86818  Pij_til max     =      8.90706  Average Pij_til =      0.10405
PI min          =      0.00010  PI max          =      0.99990  Average PI      =      0.57729
Pi_beta_params values       0.35655      0.27621

ii)  Acceptance Rates (before adjustment):
  Acceptance Rate not achieved for      3072   out of     10000   p_ij vectors
  Acceptance Rate not achieved for      7795   out of     10000   pi
      Mean Acceptance Rate Pij  =  0.30183   mean delta_p=  0.03279
      Mean Acceptance Rate Pi   =  0.30334   mean delta_pi=  1.27806
      Mean Acceptance Rate b_mu =  0.25100        delta  =  0.04000
      Mean Acceptance Rate b_phi=  0.09800        delta  =  0.13422

iii) Running Time            :  0 d  0 h  0 min 45 sec
     Estimated Remaining Time:  0 d  0 h 18 min 30 sec

!!!!!!!!!!!!!!!!!!!
## PILOT RUN:   10
!!!!!!!!!!!!!!!!!!!

i)   Node Values:
Pij min         =     -2.45683  Pij max         =      4.71985  Average Pij     =      0.58917
Pij_til min     =     -9.09174  Pij_til max     =      8.90803  Average Pij_til =      0.10182
PI min          =      0.00010  PI max          =      0.99990  Average PI      =      0.57699
Pi_beta_params values       0.34984      0.27107

ii)  Acceptance Rates (before adjustment):
  Acceptance Rate not achieved for      2994   out of     10000   p_ij vectors
  Acceptance Rate not achieved for      7692   out of     10000   pi
      Mean Acceptance Rate Pij  =  0.30497   mean delta_p=  0.03233
      Mean Acceptance Rate Pi   =  0.30870   mean delta_pi=  1.53233
      Mean Acceptance Rate b_mu =  0.26700        delta  =  0.04000
      Mean Acceptance Rate b_phi=  0.10700        delta  =  0.10737

iii) Running Time            :  0 d  0 h  0 min 49 sec
     Estimated Remaining Time:  0 d  0 h 18 min  5 sec

!!!!!!!!!!!!!!!!!!!
## PILOT RUN:   11
!!!!!!!!!!!!!!!!!!!

i)   Node Values:
Pij min         =     -2.73131  Pij max         =      4.06688  Average Pij     =      0.58494
Pij_til min     =     -7.88418  Pij_til max     =      8.25451  Average Pij_til =      0.10305
PI min          =      0.00010  PI max          =      0.99990  Average PI      =      0.57478
Pi_beta_params values       0.34866      0.26934

ii)  Acceptance Rates (before adjustment):
  Acceptance Rate not achieved for      2932   out of     10000   p_ij vectors
  Acceptance Rate not achieved for      7558   out of     10000   pi
      Mean Acceptance Rate Pij  =  0.30872   mean delta_p=  0.03197
      Mean Acceptance Rate Pi   =  0.31380   mean delta_pi=  1.85008
      Mean Acceptance Rate b_mu =  0.24800        delta  =  0.03200
      Mean Acceptance Rate b_phi=  0.11300        delta  =  0.08590

iii) Running Time            :  0 d  0 h  0 min 53 sec
     Estimated Remaining Time:  0 d  0 h 17 min 44 sec

!!!!!!!!!!!!!!!!!!!
## PILOT RUN:   12
!!!!!!!!!!!!!!!!!!!

i)   Node Values:
Pij min         =     -3.07959  Pij max         =      4.43151  Average Pij     =      0.58684
Pij_til min     =     -7.57658  Pij_til max     =      8.61795  Average Pij_til =      0.12372
PI min          =      0.00010  PI max          =      0.99990  Average PI      =      0.57054
Pi_beta_params values       0.34301      0.26911

ii)  Acceptance Rates (before adjustment):
  Acceptance Rate not achieved for      2927   out of     10000   p_ij vectors
  Acceptance Rate not achieved for      7471   out of     10000   pi
      Mean Acceptance Rate Pij  =  0.30923   mean delta_p=  0.03154
      Mean Acceptance Rate Pi   =  0.31763   mean delta_pi=  2.24547
      Mean Acceptance Rate b_mu =  0.31800        delta  =  0.03200
      Mean Acceptance Rate b_phi=  0.17600        delta  =  0.06872

iii) Running Time            :  0 d  0 h  0 min 57 sec
     Estimated Remaining Time:  0 d  0 h 17 min 26 sec

!!!!!!!!!!!!!!!!!!!
## PILOT RUN:   13
!!!!!!!!!!!!!!!!!!!

i)   Node Values:
Pij min         =     -3.35852  Pij max         =      4.00536  Average Pij     =      0.58761
Pij_til min     =     -9.40857  Pij_til max     =      9.22834  Average Pij_til =      0.10962
PI min          =      0.00010  PI max          =      0.99990  Average PI      =      0.57599
Pi_beta_params values       0.34506      0.26947

ii)  Acceptance Rates (before adjustment):
  Acceptance Rate not achieved for      2878   out of     10000   p_ij vectors
  Acceptance Rate not achieved for      7398   out of     10000   pi
      Mean Acceptance Rate Pij  =  0.31293   mean delta_p=  0.03127
      Mean Acceptance Rate Pi   =  0.32532   mean delta_pi=  2.73867
      Mean Acceptance Rate b_mu =  0.30300        delta  =  0.03200
      Mean Acceptance Rate b_phi=  0.19400        delta  =  0.05498

iii) Running Time            :  0 d  0 h  1 min  1 sec
     Estimated Remaining Time:  0 d  0 h 17 min 10 sec

!!!!!!!!!!!!!!!!!!!
## PILOT RUN:   14
!!!!!!!!!!!!!!!!!!!

i)   Node Values:
Pij min         =     -3.01255  Pij max         =      3.95674  Average Pij     =      0.58685
Pij_til min     =     -9.26253  Pij_til max     =      8.58040  Average Pij_til =      0.10593
PI min          =      0.00010  PI max          =      0.99990  Average PI      =      0.57444
Pi_beta_params values       0.34746      0.26593

ii)  Acceptance Rates (before adjustment):
  Acceptance Rate not achieved for      2873   out of     10000   p_ij vectors
  Acceptance Rate not achieved for      7283   out of     10000   pi
      Mean Acceptance Rate Pij  =  0.31042   mean delta_p=  0.03093
      Mean Acceptance Rate Pi   =  0.32423   mean delta_pi=  3.34689
      Mean Acceptance Rate b_mu =  0.32400        delta  =  0.03200
      Mean Acceptance Rate b_phi=  0.23800        delta  =  0.04398

iii) Running Time            :  0 d  0 h  1 min  5 sec
     Estimated Remaining Time:  0 d  0 h 16 min 56 sec

!!!!!!!!!!!!!!!!!!!
## PILOT RUN:   15
!!!!!!!!!!!!!!!!!!!

i)   Node Values:
Pij min         =     -2.61758  Pij max         =      3.89281  Average Pij     =      0.58647
Pij_til min     =     -7.95620  Pij_til max     =      9.20522  Average Pij_til =      0.10217
PI min          =      0.00010  PI max          =      0.99990  Average PI      =      0.57627
Pi_beta_params values       0.34095      0.26545

ii)  Acceptance Rates (before adjustment):
  Acceptance Rate not achieved for      2873   out of     10000   p_ij vectors
  Acceptance Rate not achieved for      7246   out of     10000   pi
      Mean Acceptance Rate Pij  =  0.31356   mean delta_p=  0.03068
      Mean Acceptance Rate Pi   =  0.33124   mean delta_pi=  4.10751
      Mean Acceptance Rate b_mu =  0.33100        delta  =  0.03200
      Mean Acceptance Rate b_phi=  0.26100        delta  =  0.04398

iii) Running Time            :  0 d  0 h  1 min 10 sec
     Estimated Remaining Time:  0 d  0 h 16 min 44 sec

!!!!!!!!!!!!!!!!!!!
## PILOT RUN:   16
!!!!!!!!!!!!!!!!!!!

i)   Node Values:
Pij min         =     -3.44704  Pij max         =      3.69452  Average Pij     =      0.58528
Pij_til min     =     -8.06184  Pij_til max     =      9.38392  Average Pij_til =      0.09835
PI min          =      0.00010  PI max          =      0.99990  Average PI      =      0.57717
Pi_beta_params values       0.33431      0.26231

ii)  Acceptance Rates (before adjustment):
  Acceptance Rate not achieved for      2861   out of     10000   p_ij vectors
  Acceptance Rate not achieved for      7028   out of     10000   pi
      Mean Acceptance Rate Pij  =  0.31667   mean delta_p=  0.03044
      Mean Acceptance Rate Pi   =  0.33443   mean delta_pi=  5.05005
      Mean Acceptance Rate b_mu =  0.35500        delta  =  0.03200
      Mean Acceptance Rate b_phi=  0.29700        delta  =  0.04398

iii) Running Time            :  0 d  0 h  1 min 14 sec
     Estimated Remaining Time:  0 d  0 h 16 min 32 sec

!!!!!!!!!!!!!!!!!!!
## PILOT RUN:   17
!!!!!!!!!!!!!!!!!!!

i)   Node Values:
Pij min         =     -3.41020  Pij max         =      4.56874  Average Pij     =      0.58337
Pij_til min     =     -8.14054  Pij_til max     =      8.26681  Average Pij_til =      0.08497
PI min          =      0.00010  PI max          =      0.99990  Average PI      =      0.57798
Pi_beta_params values       0.33195      0.26033

ii)  Acceptance Rates (before adjustment):
  Acceptance Rate not achieved for      2828   out of     10000   p_ij vectors
  Acceptance Rate not achieved for      6969   out of     10000   pi
      Mean Acceptance Rate Pij  =  0.31668   mean delta_p=  0.03016
      Mean Acceptance Rate Pi   =  0.33961   mean delta_pi=  6.21999
      Mean Acceptance Rate b_mu =  0.33300        delta  =  0.03200
      Mean Acceptance Rate b_phi=  0.30100        delta  =  0.04398

iii) Running Time            :  0 d  0 h  1 min 18 sec
     Estimated Remaining Time:  0 d  0 h 16 min 21 sec

!!!!!!!!!!!!!!!!!!!
## PILOT RUN:   18
!!!!!!!!!!!!!!!!!!!

i)   Node Values:
Pij min         =     -2.99009  Pij max         =      3.96295  Average Pij     =      0.58353
Pij_til min     =     -8.56760  Pij_til max     =      8.67877  Average Pij_til =      0.08326
PI min          =      0.00010  PI max          =      0.99990  Average PI      =      0.57950
Pi_beta_params values       0.32754      0.24999

ii)  Acceptance Rates (before adjustment):
  Acceptance Rate not achieved for      2879   out of     10000   p_ij vectors
  Acceptance Rate not achieved for      6930   out of     10000   pi
      Mean Acceptance Rate Pij  =  0.31806   mean delta_p=  0.02994
      Mean Acceptance Rate Pi   =  0.34129   mean delta_pi=  7.66975
      Mean Acceptance Rate b_mu =  0.32000        delta  =  0.03200
      Mean Acceptance Rate b_phi=  0.30400        delta  =  0.04398

iii) Running Time            :  0 d  0 h  1 min 22 sec
     Estimated Remaining Time:  0 d  0 h 16 min 11 sec

!!!!!!!!!!!!!!!!!!!
## PILOT RUN:   19
!!!!!!!!!!!!!!!!!!!

i)   Node Values:
Pij min         =     -2.56539  Pij max         =      4.21772  Average Pij     =      0.58224
Pij_til min     =     -8.87471  Pij_til max     =      8.50585  Average Pij_til =      0.09174
PI min          =      0.00010  PI max          =      0.99990  Average PI      =      0.57612
Pi_beta_params values       0.33858      0.25969

ii)  Acceptance Rates (before adjustment):
  Acceptance Rate not achieved for      2841   out of     10000   p_ij vectors
  Acceptance Rate not achieved for      6805   out of     10000   pi
      Mean Acceptance Rate Pij  =  0.31871   mean delta_p=  0.02979
      Mean Acceptance Rate Pi   =  0.34586   mean delta_pi=  9.45008
      Mean Acceptance Rate b_mu =  0.31000        delta  =  0.03200
      Mean Acceptance Rate b_phi=  0.29000        delta  =  0.04398

iii) Running Time            :  0 d  0 h  1 min 26 sec
     Estimated Remaining Time:  0 d  0 h 16 min  1 sec

!!!!!!!!!!!!!!!!!!!
## PILOT RUN:   20
!!!!!!!!!!!!!!!!!!!

i)   Node Values:
Pij min         =     -3.04111  Pij max         =      4.45700  Average Pij     =      0.58370
Pij_til min     =     -8.05474  Pij_til max     =      9.09596  Average Pij_til =      0.09932
PI min          =      0.00010  PI max          =      0.99990  Average PI      =      0.57520
Pi_beta_params values       0.32225      0.25595

ii)  Acceptance Rates (before adjustment):
  Acceptance Rate not achieved for      2735   out of     10000   p_ij vectors
  Acceptance Rate not achieved for      6742   out of     10000   pi
      Mean Acceptance Rate Pij  =  0.31864   mean delta_p=  0.02957
      Mean Acceptance Rate Pi   =  0.34607   mean delta_pi=  *******
      Mean Acceptance Rate b_mu =  0.32200        delta  =  0.03200
      Mean Acceptance Rate b_phi=  0.29500        delta  =  0.04398

iii) Running Time            :  0 d  0 h  1 min 30 sec
     Estimated Remaining Time:  0 d  0 h 15 min 52 sec

!!!!!!!!!!!!!!!!!!!!!!!!!!!!!!!!!!!!!!
        BURN-IN
!!!!!!!!!!!!!!!!!!!!!!!!!!!!!!!!!!!!!!


Node Values:
Pij min         =     -4.73038  Pij max         =      6.46688  Average Pij     =      0.60420
Pij_til min     =    -11.77847  Pij_til max     =     15.61273  Average Pij_til =      0.15307
PI min          =      0.00010  PI max          =      0.99990  Average PI      =      0.57502
Pi_beta_params values       0.39528      0.30659

Running Time            :  0 d  0 h  2 min 11 sec
Estimated Remaining Time:  0 d  0 h 14 min 35 sec

!!!!!!!!!!!!!!!!!!!!!!!!!!!!!!!!!!!!!!
        MCMC CHAIN
!!!!!!!!!!!!!!!!!!!!!!!!!!!!!!!!!!!!!!

      Mean Final Acceptance Rate Pij  =  0.31468   mean delta_pij=  0.02957
      Mean Final Acceptance Rate Pi   =  0.50858   mean delta_pi=  *******
      Mean Final Acceptance Rate b_mu =  0.32059        delta  =  0.03200
      Mean Final Acceptance Rate b_phi=  0.28924        delta  =  0.04398

Analysis completed in  0 d  0 h 15 min 59 sec
