 I J M_lda_ij SD_lda_ij M_omega_ij SD_omega_ij
    1     1      0.42426512      0.01694001      7.24308487      0.38714486
    1     2     -0.04747148      0.00440526      6.92212262      0.44296576
    1     3     -0.06243253      0.01295506      4.54169206      0.24942652
    1     4     -0.02552121      0.01048202      4.58468081      0.25219555
    1     5     -0.08085065      0.00921494      4.96261759      0.29604471
    1     6     -0.09928812      0.01006125      4.90207762      0.27877861
    1     7     -0.04211077      0.01249093      4.58397197      0.25942087
    1     8     -0.04790682      0.00796625      4.96760925      0.31373217
    1     9     -0.00447522      0.01245685      4.50265011      0.25220701
    2     1     -0.04747148      0.00440526      6.92212262      0.44296576
    2     2      0.12155093      0.00614764     16.63560979      0.99179073
    2     3      0.04969423      0.00726250      5.08359305      0.33652617
    2     4     -0.01627548      0.00578454      5.55547078      0.35794372
    2     5     -0.06249150      0.00523679      6.47785300      0.42629601
    2     6     -0.05225033      0.00552750      6.13004525      0.38261929
    2     7     -0.00651079      0.00699730      5.35653613      0.35373079
    2     8     -0.04225328      0.00441678      6.40108823      0.44123018
    2     9      0.03505658      0.00725639      5.15006168      0.34910226
    3     1     -0.06243253      0.01295506      4.54169206      0.24942652
    3     2      0.04969423      0.00726250      5.08359305      0.33652617
    3     3      1.34962382      0.04289512      5.13009584      0.22995508
    3     4     -0.19716381      0.01959057      4.50681827      0.21031264
    3     5     -0.13827499      0.01661811      4.51287426      0.24436408
    3     6     -0.13693621      0.01758188      4.50982673      0.22348459
    3     7     -0.42021864      0.02463885      4.62300962      0.21923655
    3     8     -0.10584130      0.01425082      4.63126288      0.26210607
    3     9     -0.29050415      0.02321432      4.56539598      0.21585956
    4     1     -0.02552121      0.01048202      4.58468081      0.25219555
    4     2     -0.01627548      0.00578454      5.55547078      0.35794372
    4     3     -0.19716381      0.01959057      4.50681827      0.21031264
    4     4      0.92998937      0.03111969      5.46630612      0.25080291
    4     5     -0.08144719      0.01312491      4.55484469      0.24378831
    4     6     -0.11598393      0.01497094      4.57389719      0.22912689
    4     7     -0.19236387      0.01863204      4.57084636      0.22094341
    4     8     -0.07886422      0.01162165      4.69011711      0.26083918
    4     9     -0.18307509      0.01833536      4.54907457      0.22009138
    5     1     -0.08085065      0.00921494      4.96261759      0.29604471
    5     2     -0.06249150      0.00523679      6.47785300      0.42629601
    5     3     -0.13827499      0.01661811      4.51287426      0.24436408
    5     4     -0.08144719      0.01312491      4.55484469      0.24378831
    5     5      0.64176470      0.02449759      6.14840026      0.33865580
    5     6     -0.05509473      0.01208948      4.64949281      0.25973084
    5     7     -0.05307377      0.01600297      4.51876775      0.25100271
    5     8     -0.04894651      0.00963344      4.80376596      0.30163338
    5     9     -0.09050269      0.01561202      4.51157043      0.24666302
    6     1     -0.09928812      0.01006125      4.90207762      0.27877861
    6     2     -0.05225033      0.00552750      6.13004525      0.38261929
    6     3     -0.13693621      0.01758188      4.50982673      0.22348459
    6     4     -0.11598393      0.01497094      4.57389719      0.22912689
    6     5     -0.05509473      0.01208948      4.64949281      0.25973084
    6     6      0.79753075      0.02675091      5.79502190      0.28458010
    6     7     -0.09552277      0.01741376      4.55846770      0.23076299
    6     8     -0.03051620      0.01073945      4.71801579      0.27700818
    6     9     -0.18026574      0.01756089      4.58556108      0.22700953
    7     1     -0.04211077      0.01249093      4.58397197      0.25942087
    7     2     -0.00651079      0.00699730      5.35653613      0.35373079
    7     3     -0.42021864      0.02463885      4.62300962      0.21923655
    7     4     -0.19236387      0.01863204      4.57084636      0.22094341
    7     5     -0.05307377      0.01600297      4.51876775      0.25100271
    7     6     -0.09552277      0.01741376      4.55846770      0.23076299
    7     7      1.28498983      0.04657451      5.28618604      0.25993969
    7     8     -0.05659257      0.01412513      4.65885811      0.26674026
    7     9     -0.38563779      0.02469559      4.66475672      0.22780678
    8     1     -0.04790682      0.00796625      4.96760925      0.31373217
    8     2     -0.04225328      0.00441678      6.40108823      0.44123018
    8     3     -0.10584130      0.01425082      4.63126288      0.26210607
    8     4     -0.07886422      0.01162165      4.69011711      0.26083918
    8     5     -0.04894651      0.00963344      4.80376596      0.30163338
    8     6     -0.03051620      0.01073945      4.71801579      0.27700818
    8     7     -0.05659257      0.01412513      4.65885811      0.26674026
    8     8      0.52451674      0.02195922      6.68301100      0.38723135
    8     9     -0.10441080      0.01351077      4.67580261      0.26955239
    9     1     -0.00447522      0.01245685      4.50265011      0.25220701
    9     2      0.03505658      0.00725639      5.15006168      0.34910226
    9     3     -0.29050415      0.02321432      4.56539598      0.21585956
    9     4     -0.18307509      0.01833536      4.54907457      0.22009138
    9     5     -0.09050269      0.01561202      4.51157043      0.24666302
    9     6     -0.18026574      0.01756089      4.58556108      0.22700953
    9     7     -0.38563779      0.02469559      4.66475672      0.22780678
    9     8     -0.10441080      0.01351077      4.67580261      0.26955239
    9     9      1.23668459      0.04530352      5.27683502      0.25213127
