 I J M_lda_ij SD_lda_ij M_omega_ij SD_omega_ij
    1     1      0.31496094      0.02536404      7.94448926      0.56555148
    1     2     -0.03645038      0.00704748      6.53248157      0.61050905
    1     3     -0.04348595      0.01890591      4.51486957      0.34036537
    1     4     -0.01787527      0.01554365      4.50660072      0.34410854
    1     5     -0.05330909      0.01344821      4.78861323      0.35912663
    1     6     -0.06916372      0.01541737      4.73594939      0.35056289
    1     7     -0.02874123      0.01962748      4.39810386      0.32702659
    1     8     -0.04198506      0.01279270      4.72746538      0.37058163
    1     9     -0.01440286      0.01862052      4.37945422      0.33471539
    2     1     -0.03645038      0.00704748      6.53248157      0.61050905
    2     2      0.08989190      0.01634698     18.58540091      2.28597989
    2     3      0.02926478      0.01020782      4.39992860      0.41821733
    2     4     -0.01109590      0.00835980      4.87498061      0.45225757
    2     5     -0.03963099      0.00804063      5.80028485      0.51443822
    2     6     -0.03587168      0.00947380      5.35882307      0.46940262
    2     7      0.00091611      0.01040979      4.45989771      0.40914299
    2     8     -0.03002249      0.00700068      5.60371140      0.52763706
    2     9      0.02756325      0.01038506      4.32119006      0.41967612
    3     1     -0.04348595      0.01890591      4.51486957      0.34036537
    3     2      0.02926478      0.01020782      4.39992860      0.41821733
    3     3      1.01303389      0.05369822      5.52188333      0.35032974
    3     4     -0.15757493      0.02884947      4.64115049      0.32688995
    3     5     -0.09592611      0.02304936      4.45902521      0.32173638
    3     6     -0.11462161      0.02653477      4.50817888      0.32051779
    3     7     -0.34198954      0.03708851      4.69434676      0.31747273
    3     8     -0.06771823      0.02209267      4.45024755      0.32495600
    3     9     -0.20142912      0.03536488      4.62101005      0.31978296
    4     1     -0.01787527      0.01554365      4.50660072      0.34410854
    4     2     -0.01109590      0.00835980      4.87498061      0.45225757
    4     3     -0.15757493      0.02884947      4.64115049      0.32688995
    4     4      0.70343329      0.04008092      5.85549533      0.37685134
    4     5     -0.06435676      0.01904494      4.46974138      0.33070661
    4     6     -0.07690149      0.02200915      4.49334811      0.32530851
    4     7     -0.13906059      0.02877059      4.54806180      0.31796455
    4     8     -0.06524920      0.01832514      4.50631829      0.33643141
    4     9     -0.14875643      0.02899711      4.57042388      0.32258750
    5     1     -0.05330909      0.01344821      4.78861323      0.35912663
    5     2     -0.03963099      0.00804063      5.80028485      0.51443822
    5     3     -0.09592611      0.02304936      4.45902521      0.32173638
    5     4     -0.06435676      0.01904494      4.46974138      0.33070661
    5     5      0.45046965      0.02646800      6.52948517      0.41321916
    5     6     -0.02421076      0.01724050      4.36067345      0.32236846
    5     7     -0.03778563      0.02239234      4.30037629      0.31377576
    5     8     -0.03702619      0.01487344      4.45870388      0.33281664
    5     9     -0.06786651      0.02267952      4.34368847      0.31872001
    6     1     -0.06916372      0.01541737      4.73594939      0.35056289
    6     2     -0.03587168      0.00947380      5.35882307      0.46940262
    6     3     -0.11462161      0.02653477      4.50817888      0.32051779
    6     4     -0.07690149      0.02200915      4.49334811      0.32530851
    6     5     -0.02421076      0.01724050      4.36067345      0.32236846
    6     6      0.61025187      0.03475244      5.96484000      0.37605580
    6     7     -0.07642800      0.02625535      4.40162423      0.31186077
    6     8     -0.02077168      0.01714717      4.36262422      0.32592026
    6     9     -0.15831159      0.02663280      4.50044559      0.31729146
    7     1     -0.02874123      0.01962748      4.39810386      0.32702659
    7     2      0.00091611      0.01040979      4.45989771      0.40914299
    7     3     -0.34198954      0.03708851      4.69434676      0.31747273
    7     4     -0.13906059      0.02877059      4.54806180      0.31796455
    7     5     -0.03778563      0.02239234      4.30037629      0.31377576
    7     6     -0.07642800      0.02625535      4.40162423      0.31186077
    7     7      0.99882149      0.05137861      5.38260071      0.33193315
    7     8     -0.04153526      0.02174924      4.33808716      0.31686332
    7     9     -0.28815182      0.03517413      4.59747958      0.31124244
    8     1     -0.04198506      0.01279270      4.72746538      0.37058163
    8     2     -0.03002249      0.00700068      5.60371140      0.52763706
    8     3     -0.06771823      0.02209267      4.45024755      0.32495600
    8     4     -0.06524920      0.01832514      4.50631829      0.33643141
    8     5     -0.03702619      0.01487344      4.45870388      0.33281664
    8     6     -0.02077168      0.01714717      4.36262422      0.32592026
    8     7     -0.04153526      0.02174924      4.33808716      0.31686332
    8     8      0.41530795      0.03021113      6.72169311      0.46140436
    8     9     -0.08558845      0.02200734      4.41765511      0.32216733
    9     1     -0.01440286      0.01862052      4.37945422      0.33471539
    9     2      0.02756325      0.01038506      4.32119006      0.41967612
    9     3     -0.20142912      0.03536488      4.62101005      0.31978296
    9     4     -0.14875643      0.02899711      4.57042388      0.32258750
    9     5     -0.06786651      0.02267952      4.34368847      0.31872001
    9     6     -0.15831159      0.02663280      4.50044559      0.31729146
    9     7     -0.28815182      0.03517413      4.59747958      0.31124244
    9     8     -0.08558845      0.02200734      4.41765511      0.32216733
    9     9      0.97320623      0.05162952      5.42342508      0.34642253
