 I J M_lda_ij SD_lda_ij M_omega_ij SD_omega_ij
    1     1      0.36647562      0.01364855      7.81690582      0.41587167
    1     2     -0.04100815      0.00324902      7.06977711      0.44253849
    1     3     -0.04421508      0.01137708      4.58163867      0.26329568
    1     4     -0.00812925      0.00940818      4.77619342      0.27640956
    1     5     -0.07078167      0.00753581      5.18797114      0.30987578
    1     6     -0.08014610      0.00923369      4.81556295      0.26961258
    1     7     -0.03431373      0.01176790      4.61552597      0.27392591
    1     8     -0.06419805      0.00775131      4.96071583      0.29681132
    1     9     -0.02110916      0.01150273      4.67765971      0.27312321
    2     1     -0.04100815      0.00324902      7.06977711      0.44253849
    2     2      0.09549148      0.00386659     18.42046628      0.90994767
    2     3      0.03038836      0.00581528      4.91936230      0.32302462
    2     4     -0.01870741      0.00499293      5.60714472      0.35156433
    2     5     -0.04690620      0.00395876      6.51491641      0.40693022
    2     6     -0.02018105      0.00492380      5.48118675      0.33655915
    2     7     -0.00315169      0.00600736      5.12742612      0.33519846
    2     8     -0.03523864      0.00403126      6.04851516      0.37469140
    2     9      0.02687828      0.00614554      5.06536498      0.33124236
    3     1     -0.04421508      0.01137708      4.58163867      0.26329568
    3     2      0.03038836      0.00581528      4.91936230      0.32302462
    3     3      1.25063299      0.03974336      5.10903342      0.24709851
    3     4     -0.20660930      0.01772791      4.60793313      0.23099744
    3     5     -0.11055158      0.01430076      4.56198446      0.24817051
    3     6     -0.15598535      0.01805485      4.43960612      0.22746459
    3     7     -0.38743348      0.02313872      4.53741007      0.23727308
    3     8     -0.08098297      0.01466725      4.40399899      0.23808343
    3     9     -0.23457468      0.02116940      4.55541642      0.22698010
    4     1     -0.00812925      0.00940818      4.77619342      0.27640956
    4     2     -0.01870741      0.00499293      5.60714472      0.35156433
    4     3     -0.20660930      0.01772791      4.60793313      0.23099744
    4     4      0.87715664      0.02766355      5.77679190      0.27106568
    4     5     -0.09983165      0.01232106      4.82003960      0.25999695
    4     6     -0.12695448      0.01520959      4.63368702      0.23351297
    4     7     -0.15220921      0.01811041      4.62078427      0.24398007
    4     8     -0.08437316      0.01217703      4.64721186      0.24956153
    4     9     -0.17025213      0.01813774      4.71371102      0.23440447
    5     1     -0.07078167      0.00753581      5.18797114      0.30987578
    5     2     -0.04690620      0.00395876      6.51491641      0.40693022
    5     3     -0.11055158      0.01430076      4.56198446      0.24817051
    5     4     -0.09983165      0.01232106      4.82003960      0.25999695
    5     5      0.56891244      0.01969612      6.53174073      0.34079289
    5     6     -0.05385045      0.01187557      4.61920552      0.24436564
    5     7     -0.05131732      0.01444401      4.55230818      0.26020699
    5     8     -0.06551572      0.00964714      4.76597245      0.27370176
    5     9     -0.05585701      0.01487024      4.62654558      0.25260668
    6     1     -0.08014610      0.00923369      4.81556295      0.26961258
    6     2     -0.02018105      0.00492380      5.48118675      0.33655915
    6     3     -0.15598535      0.01805485      4.43960612      0.22746459
    6     4     -0.12695448      0.01520959      4.63368702      0.23351297
    6     5     -0.05385045      0.01187557      4.61920552      0.24436564
    6     6      0.88075401      0.03174024      5.51928811      0.26897823
    6     7     -0.10861060      0.01836932      4.46150172      0.23465074
    6     8     -0.02723935      0.01176784      4.44049894      0.24105020
    6     9     -0.26393141      0.01881970      4.63869508      0.23096213
    7     1     -0.03431373      0.01176790      4.61552597      0.27392591
    7     2     -0.00315169      0.00600736      5.12742612      0.33519846
    7     3     -0.38743348      0.02313872      4.53741007      0.23727308
    7     4     -0.15220921      0.01811041      4.62078427      0.24398007
    7     5     -0.05131732      0.01444401      4.55230818      0.26020699
    7     6     -0.10861060      0.01836932      4.46150172      0.23465074
    7     7      1.22042622      0.04109225      5.21495430      0.26967384
    7     8     -0.06943159      0.01444918      4.44469604      0.25060420
    7     9     -0.36454783      0.02381139      4.65359592      0.23838327
    8     1     -0.06419805      0.00775131      4.96071583      0.29681132
    8     2     -0.03523864      0.00403126      6.04851516      0.37469140
    8     3     -0.08098297      0.01466725      4.40399899      0.23808343
    8     4     -0.08437316      0.01217703      4.64721186      0.24956153
    8     5     -0.06551572      0.00964714      4.76597245      0.27370176
    8     6     -0.02723935      0.01176784      4.44049894      0.24105020
    8     7     -0.06943159      0.01444918      4.44469604      0.25060420
    8     8      0.58816468      0.02007046      6.14320429      0.30697242
    8     9     -0.12831825      0.01456925      4.57173542      0.24441656
    9     1     -0.02110916      0.01150273      4.67765971      0.27312321
    9     2      0.02687828      0.00614554      5.06536498      0.33124236
    9     3     -0.23457468      0.02116940      4.55541642      0.22698010
    9     4     -0.17025213      0.01813774      4.71371102      0.23440447
    9     5     -0.05585701      0.01487024      4.62654558      0.25260668
    9     6     -0.26393141      0.01881970      4.63869508      0.23096213
    9     7     -0.36454783      0.02381139      4.65359592      0.23838327
    9     8     -0.12831825      0.01456925      4.57173542      0.24441656
    9     9      1.22772861      0.03874737      5.37836562      0.25664331
