Marginal likelihood with initialization (1) = -0.3840345630
Marginal likelihood with initialization (2) = -0.3840345987
Marginal likelihood with initialization (3) = -0.3840350634
Marginal likelihood with initialization (4) = -0.3840344814
Marginal likelihood with initialization (5) = -0.3840347771
Iteration Marginal_Likelihood delta_Marginal_Likelihood Iteration_Time (secs)
0 -0.3840344814 -- 0.231
10 -0.3764064461 0.0076280353 0.921
20 -0.3741499167 0.0022565294 0.922
30 -0.3721984478 0.0019514689 0.923
40 -0.3703396927 0.0018587551 0.923
50 -0.3688258251 0.0015138676 0.921
60 -0.3675200721 0.0013057531 0.923
70 -0.3662225470 0.0012975251 0.921
80 -0.3646360745 0.0015864725 0.922
90 -0.3617969903 0.0028390842 0.921
100 -0.3556072860 0.0061897043 0.922
110 -0.3499388046 0.0056684815 0.923
120 -0.3491553822 0.0007834224 0.921
130 -0.3488428225 0.0003125597 0.921
140 -0.3485736192 0.0002692033 0.922
150 -0.3483787899 0.0001948293 0.922
160 -0.3481865700 0.0001922199 0.921
170 -0.3480212826 0.0001652873 0.921
180 -0.3478689925 0.0001522901 0.921
190 -0.3477010786 0.0001679139 0.921
200 -0.3475593356 0.0001417430 0.923
210 -0.3474239440 0.0001353916 0.921
220 -0.3472920630 0.0001318810 0.921
230 -0.3471756392 0.0001164238 0.921
240 -0.3470261578 0.0001494814 0.921
250 -0.3468739767 0.0001521811 0.921
260 -0.3467326595 0.0001413172 0.921
270 -0.3466232366 0.0001094229 0.922
280 -0.3464691393 0.0001540973 0.921
290 -0.3462939300 0.0001752093 0.921
300 -0.3461428147 0.0001511153 0.913
310 -0.3460140384 0.0001287763 0.895
320 -0.3458388297 0.0001752087 0.895
330 -0.3456901115 0.0001487182 0.895
340 -0.3455334104 0.0001567011 0.895
350 -0.3453576505 0.0001757599 0.895
360 -0.3452342208 0.0001234296 0.896
370 -0.3451463320 0.0000878889 0.895
380 -0.3450556371 0.0000906949 0.895
390 -0.3449778202 0.0000778169 0.898
400 -0.3449114986 0.0000663216 0.895
410 -0.3448545967 0.0000569018 0.894
420 -0.3448126226 0.0000419741 0.895
430 -0.3447672476 0.0000453751 0.894
440 -0.3447424904 0.0000247571 0.894
450 -0.3447206858 0.0000218046 0.895
460 -0.3447149055 0.0000057803 0.894
470 -0.3447046199 0.0000102856 0.895
480 -0.3446944234 0.0000101966 0.896
490 -0.3446863810 0.0000080423 0.895
500 -0.3446858459 0.0000005351 0.894
Marginal Likelihood = -0.3446858459
Total time = 45.7738 seconds
Total iterations = 500 
CV error = 0.2226044, 0.0193378 
