Marginal likelihood with initialization (1) = -0.3817433964
Marginal likelihood with initialization (2) = -0.3817433086
Marginal likelihood with initialization (3) = -0.3817435861
Marginal likelihood with initialization (4) = -0.3817437350
Marginal likelihood with initialization (5) = -0.3817432740
Iteration Marginal_Likelihood delta_Marginal_Likelihood Iteration_Time (secs)
0 -0.3817432740 -- 0.311
10 -0.3756958223 0.0060474516 1.457
20 -0.3738330325 0.0018627898 1.355
30 -0.3723988979 0.0014341346 1.355
40 -0.3708684300 0.0015304678 1.352
50 -0.3693237977 0.0015446323 1.354
60 -0.3676978521 0.0016259457 1.356
70 -0.3659817148 0.0017161373 1.353
80 -0.3630940298 0.0028876849 1.352
90 -0.3560350445 0.0070589853 1.354
100 -0.3502197356 0.0058153089 1.352
110 -0.3498194692 0.0004002664 1.351
120 -0.3495683596 0.0002511096 1.351
130 -0.3493214496 0.0002469100 1.351
140 -0.3490731116 0.0002483380 1.352
150 -0.3487450928 0.0003280187 1.351
160 -0.3484264447 0.0003186481 1.350
170 -0.3480028540 0.0004235907 1.350
180 -0.3474764574 0.0005263966 1.351
190 -0.3466639147 0.0008125427 1.350
200 -0.3458700513 0.0007938634 1.350
210 -0.3453448181 0.0005252333 1.351
220 -0.3451587963 0.0001860218 1.354
230 -0.3450880672 0.0000707290 1.352
240 -0.3450297125 0.0000583547 1.406
250 -0.3449754650 0.0000542475 1.695
260 -0.3449097543 0.0000657107 1.719
270 -0.3448592105 0.0000505438 1.691
280 -0.3448020834 0.0000571271 1.363
290 -0.3447541267 0.0000479567 1.354
300 -0.3447009644 0.0000531623 1.354
310 -0.3446489626 0.0000520018 1.354
320 -0.3446029328 0.0000460298 1.353
330 -0.3445589719 0.0000439609 1.353
340 -0.3445166324 0.0000423395 1.406
350 -0.3444688716 0.0000477608 1.584
360 -0.3444282309 0.0000406407 1.352
370 -0.3443895041 0.0000387268 1.352
380 -0.3443466810 0.0000428231 1.352
390 -0.3443044169 0.0000422641 1.352
400 -0.3442665487 0.0000378682 1.352
410 -0.3442292971 0.0000372516 1.351
420 -0.3441963426 0.0000329545 1.352
430 -0.3441688828 0.0000274598 1.351
440 -0.3441463632 0.0000225195 1.351
450 -0.3441190350 0.0000273282 1.353
460 -0.3440996531 0.0000193820 1.352
470 -0.3440821668 0.0000174863 1.352
480 -0.3440664678 0.0000156990 1.352
490 -0.3440530015 0.0000134663 1.387
500 -0.3440414665 0.0000115350 1.352
510 -0.3440306358 0.0000108307 1.352
520 -0.3440156578 0.0000149780 1.352
530 -0.3439942031 0.0000214547 1.352
540 -0.3439747316 0.0000194715 1.353
550 -0.3439587825 0.0000159490 1.352
560 -0.3439437324 0.0000150501 1.352
570 -0.3439299214 0.0000138110 1.352
580 -0.3439203752 0.0000095462 1.352
590 -0.3439109453 0.0000094299 1.354
600 -0.3439070782 0.0000038670 1.352
610 -0.3439017738 0.0000053045 1.352
620 -0.3438953911 0.0000063826 1.352
630 -0.3438956565 -0.0000002653 1.351
Marginal Likelihood = -0.3438956565
Total time = 87.0412 seconds
Total iterations = 630 
