Marginal likelihood with initialization (1) = -0.4170688358
Marginal likelihood with initialization (2) = -0.4170692522
Marginal likelihood with initialization (3) = -0.4170691508
Marginal likelihood with initialization (4) = -0.4170682749
Marginal likelihood with initialization (5) = -0.4170686429
Iteration Marginal_Likelihood delta_Marginal_Likelihood Iteration_Time (secs)
0 -0.4170682749 -- 0.309
10 -0.4101928348 0.0068754401 1.431
20 -0.4065142806 0.0036785541 1.431
30 -0.4019929641 0.0045213166 1.434
40 -0.3928563027 0.0091366613 1.434
50 -0.3855482515 0.0073080512 1.434
60 -0.3739926842 0.0115555673 1.435
70 -0.3707979836 0.0031947006 1.432
80 -0.3696471657 0.0011508179 1.431
90 -0.3682891640 0.0013580017 1.432
100 -0.3664340623 0.0018551017 1.431
110 -0.3630462299 0.0033878324 1.433
120 -0.3573830381 0.0056631917 1.430
130 -0.3535865169 0.0037965212 1.432
140 -0.3529898004 0.0005967166 1.432
150 -0.3522083574 0.0007814429 1.432
160 -0.3509348538 0.0012735036 1.431
170 -0.3491570062 0.0017778476 1.430
180 -0.3477211001 0.0014359062 1.429
190 -0.3472531232 0.0004679769 1.430
200 -0.3469996883 0.0002534349 1.431
210 -0.3467620840 0.0002376043 1.431
220 -0.3465320669 0.0002300172 1.431
230 -0.3462678245 0.0002642423 1.432
240 -0.3460045710 0.0002632535 1.429
250 -0.3458242893 0.0001802817 1.430
260 -0.3455898372 0.0002344521 1.430
270 -0.3453945389 0.0001952983 1.430
280 -0.3451562095 0.0002383294 1.431
290 -0.3449918495 0.0001643600 1.431
300 -0.3448202505 0.0001715990 1.431
310 -0.3446685947 0.0001516559 1.431
320 -0.3445086067 0.0001599880 1.431
330 -0.3443651843 0.0001434223 1.431
340 -0.3442434371 0.0001217472 1.431
350 -0.3440979386 0.0001454985 1.430
360 -0.3439936946 0.0001042440 1.430
370 -0.3438853698 0.0001083249 1.431
380 -0.3437513020 0.0001340678 1.431
390 -0.3436583898 0.0000929122 1.430
400 -0.3435858433 0.0000725466 1.429
410 -0.3435192494 0.0000665938 1.428
420 -0.3434663292 0.0000529202 1.428
430 -0.3434174830 0.0000488461 1.428
440 -0.3433833032 0.0000341798 1.428
450 -0.3433605354 0.0000227679 1.429
460 -0.3433512624 0.0000092730 1.428
470 -0.3433375450 0.0000137174 1.428
480 -0.3433259646 0.0000115803 1.428
490 -0.3433256243 0.0000003403 1.426
Marginal Likelihood = -0.3433256243
Total time = 70.4086 seconds
Total iterations = 490 
CV error = 0.2223090, 0.0158794 
