Marginal likelihood with initialization (1) = -0.4120373392
Marginal likelihood with initialization (2) = -0.4120370755
Marginal likelihood with initialization (3) = -0.4120372166
Marginal likelihood with initialization (4) = -0.4120373313
Marginal likelihood with initialization (5) = -0.4120371857
Iteration Marginal_Likelihood delta_Marginal_Likelihood Iteration_Time (secs)
0 -0.4120370755 -- 0.465
10 -0.4061845868 0.0058524887 2.308
20 -0.4019084526 0.0042761342 2.101
30 -0.3961613782 0.0057470744 2.097
40 -0.3862255950 0.0099357832 2.165
50 -0.3738847954 0.0123407996 2.102
60 -0.3716474069 0.0022373885 2.197
70 -0.3702490498 0.0013983572 2.529
80 -0.3685629414 0.0016861084 2.122
90 -0.3645108906 0.0040520508 2.103
100 -0.3607425223 0.0037683682 2.333
110 -0.3601833380 0.0005591844 2.453
120 -0.3593808702 0.0008024678 2.153
130 -0.3580973223 0.0012835479 2.100
140 -0.3555153454 0.0025819769 2.101
150 -0.3543791680 0.0011361774 2.336
160 -0.3539394088 0.0004397592 2.601
170 -0.3535025723 0.0004368364 2.602
180 -0.3530297244 0.0004728479 2.153
190 -0.3524327030 0.0005970214 2.100
200 -0.3516928389 0.0007398641 2.099
210 -0.3508240539 0.0008687850 2.098
220 -0.3500955560 0.0007284979 2.099
230 -0.3496928916 0.0004026644 2.099
240 -0.3494773122 0.0002155793 2.101
250 -0.3493130432 0.0001642690 2.102
260 -0.3491169721 0.0001960711 2.104
270 -0.3489555360 0.0001614361 2.103
280 -0.3487793613 0.0001761747 2.102
290 -0.3486356086 0.0001437527 2.102
300 -0.3484700560 0.0001655527 2.102
310 -0.3483138994 0.0001561565 2.102
320 -0.3481458775 0.0001680220 2.101
330 -0.3479808908 0.0001649867 2.102
340 -0.3478401412 0.0001407495 2.149
350 -0.3476402922 0.0001998490 2.112
360 -0.3475105302 0.0001297620 2.101
370 -0.3473842038 0.0001263264 2.101
380 -0.3472884242 0.0000957796 2.101
390 -0.3471885828 0.0000998414 2.102
400 -0.3471181386 0.0000704442 2.100
410 -0.3470461156 0.0000720229 2.090
420 -0.3469993557 0.0000467599 2.136
430 -0.3469512103 0.0000481454 2.186
440 -0.3469163434 0.0000348669 2.095
450 -0.3468808795 0.0000354639 2.095
460 -0.3468465671 0.0000343124 2.096
470 -0.3468217243 0.0000248428 2.098
480 -0.3467996439 0.0000220804 2.099
490 -0.3467793763 0.0000202677 2.100
500 -0.3467581638 0.0000212125 2.101
510 -0.3467371207 0.0000210431 2.098
520 -0.3467183118 0.0000188089 2.099
530 -0.3466967003 0.0000216115 2.099
540 -0.3466847440 0.0000119563 2.100
550 -0.3466679017 0.0000168423 2.132
560 -0.3466437983 0.0000241033 2.100
570 -0.3466272972 0.0000165011 2.126
580 -0.3466126033 0.0000146939 2.189
590 -0.3466003521 0.0000122512 2.102
600 -0.3465923764 0.0000079757 2.170
610 -0.3465839769 0.0000083995 2.090
620 -0.3465683557 0.0000156212 2.088
630 -0.3465604360 0.0000079197 2.115
640 -0.3465537857 0.0000066502 2.101
650 -0.3465424464 0.0000113393 2.101
660 -0.3465359782 0.0000064683 2.103
670 -0.3465190882 0.0000168899 2.103
680 -0.3465207676 -0.0000016794 2.100
690 -0.3465102331 0.0000105346 2.099
700 -0.3465059776 0.0000042555 2.101
710 -0.3464984738 0.0000075038 2.102
720 -0.3464719240 0.0000265498 2.104
730 -0.3464027109 0.0000692132 2.100
740 -0.3463915700 0.0000111409 2.100
750 -0.3463794265 0.0000121435 2.075
760 -0.3463698998 0.0000095268 2.092
770 -0.3463647414 0.0000051584 2.091
780 -0.3463615840 0.0000031574 2.096
790 -0.3463540881 0.0000074959 2.099
800 -0.3463526207 0.0000014674 2.098
810 -0.3463574384 -0.0000048177 2.100
820 -0.3463536980 0.0000037404 2.100
830 -0.3463508330 0.0000028649 2.101
840 -0.3463367586 0.0000140744 2.099
850 -0.3463370161 -0.0000002575 2.093
Marginal Likelihood = -0.3463370161
Total time = 182.0744 seconds
Total iterations = 850 
