Marginal likelihood with initialization (1) = -0.7175105912
Marginal likelihood with initialization (2) = -0.7175124546
Marginal likelihood with initialization (3) = -0.7175064848
Marginal likelihood with initialization (4) = -0.7175091686
Marginal likelihood with initialization (5) = -0.7175117693
Iteration Marginal_Likelihood delta_Marginal_Likelihood Iteration_Time (secs)
0 -0.7175064848 -- 0.022
10 -0.5118320721 0.2056744127 0.083
20 -0.4355618635 0.0762702087 0.082
30 -0.4097284377 0.0258334258 0.083
40 -0.4019287847 0.0077996529 0.082
50 -0.3996788105 0.0022499743 0.051
60 -0.3986027403 0.0010760702 0.049
70 -0.3979634164 0.0006393239 0.049
80 -0.3966559722 0.0013074442 0.049
90 -0.3962327509 0.0004232213 0.049
100 -0.3955096124 0.0007231385 0.049
110 -0.3945574117 0.0009522007 0.049
120 -0.3942140905 0.0003433213 0.049
130 -0.3940005594 0.0002135311 0.049
140 -0.3938953227 0.0001052367 0.048
150 -0.3936295596 0.0002657632 0.048
160 -0.3934831464 0.0001464132 0.049
170 -0.3934722587 0.0000108877 0.050
180 -0.3934668608 0.0000053979 0.051
190 -0.3901063068 0.0033605540 0.052
200 -0.3889237377 0.0011825691 0.051
210 -0.3889233742 0.0000003635 0.051
Marginal Likelihood = -0.3889233742
Total time = 1.1979 seconds
Total iterations = 210 
CV error = 0.1086300, 0.0360048 
