Marginal likelihood with initialization (1) = -0.5683690950
Marginal likelihood with initialization (2) = -0.5683712850
Marginal likelihood with initialization (3) = -0.5683697194
Marginal likelihood with initialization (4) = -0.5683711399
Marginal likelihood with initialization (5) = -0.5683701670
Iteration Marginal_Likelihood delta_Marginal_Likelihood Iteration_Time (secs)
0 -0.5683690950 -- 0.016
10 -0.3963182170 0.1720508781 0.036
20 -0.3722680400 0.0240501769 0.036
30 -0.3679735427 0.0042944973 0.035
40 -0.3672752876 0.0006982551 0.036
50 -0.3666035940 0.0006716937 0.036
60 -0.3655029389 0.0011006551 0.036
70 -0.3635746356 0.0019283033 0.035
80 -0.3633592448 0.0002153909 0.035
90 -0.3631864253 0.0001728195 0.035
100 -0.3629353485 0.0002510768 0.035
110 -0.3628244667 0.0001108818 0.035
120 -0.3627783017 0.0000461650 0.035
130 -0.3627292789 0.0000490228 0.035
140 -0.3627308892 -0.0000016103 0.034
150 -0.3627268598 0.0000040295 0.035
160 -0.3626736931 0.0000531666 0.034
170 -0.3626736381 0.0000000551 0.035
Marginal Likelihood = -0.3626736381
Total time = 0.6139 seconds
Total iterations = 170 
CV error = 0.1381656, 0.0501767 
