Marginal likelihood with initialization (1) = -0.4959978465
Marginal likelihood with initialization (2) = -0.4959998662
Marginal likelihood with initialization (3) = -0.4960032832
Marginal likelihood with initialization (4) = -0.4960014178
Marginal likelihood with initialization (5) = -0.4960065517
Iteration Marginal_Likelihood delta_Marginal_Likelihood Iteration_Time (secs)
0 -0.4959978465 -- 0.015
10 -0.3570514776 0.1389463690 0.054
20 -0.3482096921 0.0088417855 0.055
30 -0.3419077730 0.0063019191 0.054
40 -0.3410962103 0.0008115626 0.054
50 -0.3407480983 0.0003481120 0.054
60 -0.3406818844 0.0000662139 0.055
70 -0.3406752863 0.0000065982 0.037
80 -0.3406102733 0.0000650130 0.030
90 -0.3405771444 0.0000331288 0.030
100 -0.3405696597 0.0000074847 0.030
110 -0.3404213581 0.0001483016 0.030
120 -0.3403847324 0.0000366257 0.030
130 -0.3403550698 0.0000296626 0.030
140 -0.3403541201 0.0000009497 0.030
Marginal Likelihood = -0.3403541201
Total time = 0.5913 seconds
Total iterations = 140 
CV error = 0.1014519, 0.0394639 
