Marginal likelihood with initialization (1) = -0.7939333281
Marginal likelihood with initialization (2) = -0.7939280033
Marginal likelihood with initialization (3) = -0.7939292854
Marginal likelihood with initialization (4) = -0.7939335899
Marginal likelihood with initialization (5) = -0.7939349357
Iteration Marginal_Likelihood delta_Marginal_Likelihood Iteration_Time (secs)
0 -0.7939280033 -- 0.017
10 -0.5718051498 0.2221228535 0.060
20 -0.4604667296 0.1113384202 0.059
30 -0.4231942744 0.0372724552 0.059
40 -0.4170112187 0.0061830557 0.058
50 -0.4143201481 0.0026910706 0.059
60 -0.4124833606 0.0018367876 0.058
70 -0.4107396327 0.0017437279 0.058
80 -0.4089854609 0.0017541718 0.058
90 -0.4081560890 0.0008293720 0.059
100 -0.4077383564 0.0004177325 0.059
110 -0.4075804679 0.0001578885 0.058
120 -0.4071246748 0.0004557932 0.060
130 -0.4059448683 0.0011798065 0.059
140 -0.4027501023 0.0031947660 0.058
150 -0.4020626587 0.0006874435 0.058
160 -0.4019354380 0.0001272207 0.057
170 -0.4019321218 0.0000033162 0.059
180 -0.4018148088 0.0001173130 0.059
190 -0.4018148067 0.0000000021 0.059
Marginal Likelihood = -0.4018148067
Total time = 1.1337 seconds
Total iterations = 190 
CV error = 0.1051125, 0.0341125 
