Marginal likelihood with initialization (1) = -0.3487449853
Marginal likelihood with initialization (2) = -0.3487436071
Marginal likelihood with initialization (3) = -0.3487431065
Marginal likelihood with initialization (4) = -0.3487437672
Marginal likelihood with initialization (5) = -0.3487439695
Iteration Marginal_Likelihood delta_Marginal_Likelihood Iteration_Time (secs)
0 -0.3487431065 -- 0.146
10 -0.3433488805 0.0053942261 0.517
20 -0.3424702830 0.0008785974 0.518
30 -0.3417077933 0.0007624898 0.518
40 -0.3409342564 0.0007735368 0.518
50 -0.3401815297 0.0007527267 0.518
60 -0.3396076539 0.0005738759 0.518
70 -0.3392342904 0.0003733635 0.519
80 -0.3390335827 0.0002007077 0.518
90 -0.3389291337 0.0001044490 0.518
100 -0.3388603724 0.0000687613 0.520
110 -0.3388029008 0.0000574716 0.518
120 -0.3387546000 0.0000483008 0.519
130 -0.3387158417 0.0000387584 0.518
140 -0.3386796482 0.0000361935 0.519
150 -0.3386488133 0.0000308349 0.518
160 -0.3386192367 0.0000295767 0.518
170 -0.3385893654 0.0000298713 0.518
180 -0.3385616085 0.0000277569 0.518
190 -0.3385345730 0.0000270355 0.518
200 -0.3385019371 0.0000326359 0.519
210 -0.3384748695 0.0000270676 0.519
220 -0.3384506307 0.0000242387 0.518
230 -0.3384252396 0.0000253911 0.518
240 -0.3384016802 0.0000235594 0.518
250 -0.3383792228 0.0000224575 0.518
260 -0.3383618805 0.0000173423 0.518
270 -0.3383451496 0.0000167309 0.519
280 -0.3383274450 0.0000177046 0.518
290 -0.3383153694 0.0000120756 0.518
300 -0.3383033814 0.0000119880 0.519
310 -0.3382915319 0.0000118495 0.518
320 -0.3382788316 0.0000127003 0.518
330 -0.3382698997 0.0000089320 0.518
340 -0.3382585060 0.0000113937 0.518
350 -0.3382486678 0.0000098382 0.518
360 -0.3382372412 0.0000114266 0.522
370 -0.3382264582 0.0000107830 0.518
380 -0.3382155279 0.0000109303 0.518
390 -0.3382081065 0.0000074214 0.518
400 -0.3382009404 0.0000071660 0.518
410 -0.3381934856 0.0000074549 0.518
420 -0.3381855077 0.0000079779 0.518
430 -0.3381776132 0.0000078945 0.518
440 -0.3381681393 0.0000094738 0.518
450 -0.3381617827 0.0000063566 0.518
460 -0.3381582820 0.0000035007 0.518
470 -0.3381547393 0.0000035427 0.518
480 -0.3381523254 0.0000024138 0.519
490 -0.3381491529 0.0000031725 0.518
500 -0.3381452353 0.0000039176 0.518
510 -0.3381418475 0.0000033878 0.518
520 -0.3381379933 0.0000038542 0.518
530 -0.3381333277 0.0000046656 0.518
540 -0.3381293635 0.0000039641 0.518
550 -0.3381275957 0.0000017679 0.518
560 -0.3381246652 0.0000029304 0.518
570 -0.3381229810 0.0000016842 0.518
580 -0.3381203789 0.0000026021 0.518
590 -0.3381195856 0.0000007933 0.517
Marginal Likelihood = -0.3381195856
Total time = 30.7287 seconds
Total iterations = 590 
CV error = 0.2212487, 0.0231499 
