Marginal likelihood with initialization (1) = -0.3490424772
Marginal likelihood with initialization (2) = -0.3490427115
Marginal likelihood with initialization (3) = -0.3490430395
Marginal likelihood with initialization (4) = -0.3490428816
Marginal likelihood with initialization (5) = -0.3490433006
Iteration Marginal_Likelihood delta_Marginal_Likelihood Iteration_Time (secs)
0 -0.3490424772 -- 0.194
10 -0.3446260299 0.0044164473 0.760
20 -0.3437076105 0.0009184194 0.792
30 -0.3429032785 0.0008043321 0.775
40 -0.3421980967 0.0007051818 0.759
50 -0.3415521474 0.0006459493 0.761
60 -0.3410205231 0.0005316243 0.766
70 -0.3406139192 0.0004066039 0.759
80 -0.3403561625 0.0002577566 0.760
90 -0.3402156464 0.0001405161 0.760
100 -0.3401206831 0.0000949633 0.761
110 -0.3400571830 0.0000635001 0.765
120 -0.3400035050 0.0000536780 0.818
130 -0.3399647380 0.0000387670 0.759
140 -0.3399321735 0.0000325646 0.760
150 -0.3399033089 0.0000288646 0.759
160 -0.3398764220 0.0000268869 0.760
170 -0.3398551770 0.0000212450 0.760
180 -0.3398334350 0.0000217420 0.759
190 -0.3398125813 0.0000208538 0.760
200 -0.3397943336 0.0000182476 0.759
210 -0.3397775031 0.0000168305 0.817
220 -0.3397652267 0.0000122764 0.759
230 -0.3397533614 0.0000118653 0.760
240 -0.3397431582 0.0000102032 0.760
250 -0.3397313963 0.0000117619 0.760
260 -0.3397241228 0.0000072734 0.760
270 -0.3397179270 0.0000061958 0.759
280 -0.3397124458 0.0000054813 0.760
290 -0.3397056951 0.0000067507 0.759
300 -0.3397007055 0.0000049896 0.760
310 -0.3396939465 0.0000067590 0.760
320 -0.3396884056 0.0000055409 0.831
330 -0.3396828169 0.0000055887 0.760
340 -0.3396777403 0.0000050766 0.918
350 -0.3396729510 0.0000047893 0.978
360 -0.3396682413 0.0000047097 0.963
370 -0.3396647443 0.0000034970 0.948
380 -0.3396606843 0.0000040599 0.810
390 -0.3396563739 0.0000043104 0.758
400 -0.3396523409 0.0000040330 0.758
410 -0.3396488234 0.0000035175 0.759
420 -0.3396451948 0.0000036286 0.759
430 -0.3396416740 0.0000035208 0.759
440 -0.3396364937 0.0000051803 0.759
450 -0.3396321121 0.0000043815 0.758
460 -0.3396284884 0.0000036238 0.759
470 -0.3396261508 0.0000023376 0.758
480 -0.3396235419 0.0000026088 0.759
490 -0.3396200767 0.0000034652 0.869
500 -0.3396160048 0.0000040720 0.775
510 -0.3396134795 0.0000025253 0.914
520 -0.3396107235 0.0000027560 0.921
530 -0.3396070325 0.0000036909 0.786
540 -0.3396037892 0.0000032434 0.760
550 -0.3395984219 0.0000053673 0.764
560 -0.3395941634 0.0000042585 0.759
570 -0.3395897379 0.0000044255 0.876
580 -0.3395859211 0.0000038168 0.779
590 -0.3395832277 0.0000026934 0.761
600 -0.3395797293 0.0000034984 0.933
610 -0.3395760590 0.0000036704 0.828
620 -0.3395729518 0.0000031072 0.771
630 -0.3395701491 0.0000028027 0.866
640 -0.3395667514 0.0000033977 0.894
650 -0.3395621504 0.0000046010 0.866
660 -0.3395581712 0.0000039792 0.867
670 -0.3395557660 0.0000024052 0.869
680 -0.3395527908 0.0000029751 0.770
690 -0.3395496423 0.0000031485 0.759
700 -0.3395458719 0.0000037705 0.759
710 -0.3395428055 0.0000030664 0.759
720 -0.3395400465 0.0000027589 0.760
730 -0.3395380020 0.0000020445 0.758
740 -0.3395355952 0.0000024068 0.758
750 -0.3395335798 0.0000020154 0.832
760 -0.3395311535 0.0000024262 0.868
770 -0.3395280652 0.0000030883 0.758
780 -0.3395236527 0.0000044125 0.758
790 -0.3395224957 0.0000011570 0.760
800 -0.3395215225 0.0000009732 0.891
Marginal Likelihood = -0.3395215225
Total time = 63.7633 seconds
Total iterations = 800 
