Running BayPass Version 2.3 with the following command line:
baypass -gfile G.bft.BP.sim -nthreads 20 -nval 10000 -burnin 10000 -pilotlength 1000                                                                                                                                                                           

!!!!!!!!!!!!!!!!!!!!!!!!!!!!!!!!!!!!!!
        Size of the data set 
!!!!!!!!!!!!!!!!!!!!!!!!!!!!!!!!!!!!!!

 No of Markers                      =     10000
 No of Populations                  =         8
 Genotype File name                 =    G.bft.BP.sim

!!!!!!!!!!!!!!!!!!!!!!!!!!!!!!!!!!!!!!
        Model Specifications
!!!!!!!!!!!!!!!!!!!!!!!!!!!!!!!!!!!!!!


 -> Basic Mode (no covariate):
  (*) Omega matrix is estimated with prior inv(Omega) ~ Wish_npop((1/rho)Id_npop,rho)  where rho=     1
  (*) Parameters from the Pi prior dist. will be estimated
  (*) Outlier detection: XtX stat. for each SNP        

!!!!!!!!!!!!!!!!!!!!!!!!!!!!!!!!!!!!!!
           MCMC specifications
!!!!!!!!!!!!!!!!!!!!!!!!!!!!!!!!!!!!!!


 Nb. of sampled parameter values       =   10000
 Thinning Rate                         =      20
 Burn in Period Length                 =   10000
 Max Number of Pilot runs              =      20
 Pilot run Length                      =    1000

 Init. deltas for Pi proposals          = 0.5000
 Coop Pij proposal with init. sig. for Pi. multivariate prop.          =  0.0500
 Pilot Run Adj. Factor Pilot            =  1.25
 Targeted Rej./Acc. rates              =  0.25-0.40
 R.N.G. seed                            =    5001

!!!!!!!!!!!!!!!!!!!!!!!!!!!!!!!!!!!!!!
        COUNT DATA
!!!!!!!!!!!!!!!!!!!!!!!!!!!!!!!!!!!!!!

First SNP ref. Allele count    74  100   68   60   70  100   56   86
First SNP total Gene count     74  100   68   60   70  100   56   86
Last  SNP ref. Allele count     0    0    0    0    0    0    0    0
Last  SNP total Gene count     74  112   78   60   78  102   54   90

!!!!!!!!!!!!!!!!!!!!!!!!!!!!!!!!!!!!!!
        PILOT RUNS
!!!!!!!!!!!!!!!!!!!!!!!!!!!!!!!!!!!!!!

Initial Values:
Pij min         =      0.00877  Pij max         =      0.99123  Average Pij     =      0.55101
Pij_til min     =     -2.49855  Pij_til max     =      2.49978  Average Pij_til =     -0.00000
PI min          =      0.01258  PI max          =      0.98742  Average PI      =      0.55101
Pi_beta_params values       0.29027      0.23653

!!!!!!!!!!!!!!!!!!!
## PILOT RUN:    1
!!!!!!!!!!!!!!!!!!!

i)   Node Values:
Pij min         =     -3.06791  Pij max         =      3.82262  Average Pij     =      0.56944
Pij_til min     =     -7.08425  Pij_til max     =      7.75991  Average Pij_til =      0.09848
PI min          =      0.00010  PI max          =      0.99990  Average PI      =      0.55491
Pi_beta_params values       0.37129      0.31554

ii)  Acceptance Rates (before adjustment):
  Acceptance Rate not achieved for      8532   out of     10000   p_ij vectors
  Acceptance Rate not achieved for      8860   out of     10000   pi
      Mean Acceptance Rate Pij  =  0.20849   mean delta_p=  0.04501
      Mean Acceptance Rate Pi   =  0.32879   mean delta_pi=  0.49893
      Mean Acceptance Rate b_mu =  0.22700        delta  =  0.04000
      Mean Acceptance Rate b_phi=  0.01400        delta  =  0.80000

iii) Running Time            :  0 d  0 h  0 min 12 sec
     Estimated Remaining Time:  0 d  0 h 46 min 28 sec

!!!!!!!!!!!!!!!!!!!
## PILOT RUN:    2
!!!!!!!!!!!!!!!!!!!

i)   Node Values:
Pij min         =     -3.01056  Pij max         =      3.44045  Average Pij     =      0.56997
Pij_til min     =     -6.98217  Pij_til max     =      7.25934  Average Pij_til =      0.09134
PI min          =      0.00011  PI max          =      0.99990  Average PI      =      0.55357
Pi_beta_params values       0.36280      0.30303

ii)  Acceptance Rates (before adjustment):
  Acceptance Rate not achieved for      6956   out of     10000   p_ij vectors
  Acceptance Rate not achieved for      8759   out of     10000   pi
      Mean Acceptance Rate Pij  =  0.22888   mean delta_p=  0.04166
      Mean Acceptance Rate Pi   =  0.31222   mean delta_pi=  0.51310
      Mean Acceptance Rate b_mu =  0.25900        delta  =  0.04000
      Mean Acceptance Rate b_phi=  0.01300        delta  =  0.64000

iii) Running Time            :  0 d  0 h  0 min 15 sec
     Estimated Remaining Time:  0 d  0 h 29 min 23 sec

!!!!!!!!!!!!!!!!!!!
## PILOT RUN:    3
!!!!!!!!!!!!!!!!!!!

i)   Node Values:
Pij min         =     -2.08905  Pij max         =      3.92769  Average Pij     =      0.56916
Pij_til min     =     -6.52662  Pij_til max     =      7.56879  Average Pij_til =      0.09406
PI min          =      0.00010  PI max          =      0.99990  Average PI      =      0.55589
Pi_beta_params values       0.35000      0.30028

ii)  Acceptance Rates (before adjustment):
  Acceptance Rate not achieved for      5728   out of     10000   p_ij vectors
  Acceptance Rate not achieved for      8583   out of     10000   pi
      Mean Acceptance Rate Pij  =  0.24964   mean delta_p=  0.03949
      Mean Acceptance Rate Pi   =  0.30433   mean delta_pi=  0.54512
      Mean Acceptance Rate b_mu =  0.26900        delta  =  0.04000
      Mean Acceptance Rate b_phi=  0.02100        delta  =  0.51200

iii) Running Time            :  0 d  0 h  0 min 18 sec
     Estimated Remaining Time:  0 d  0 h 23 min 40 sec

!!!!!!!!!!!!!!!!!!!
## PILOT RUN:    4
!!!!!!!!!!!!!!!!!!!

i)   Node Values:
Pij min         =     -2.63408  Pij max         =      3.88454  Average Pij     =      0.56800
Pij_til min     =     -6.93005  Pij_til max     =      7.33201  Average Pij_til =      0.09707
PI min          =      0.00010  PI max          =      0.99990  Average PI      =      0.55460
Pi_beta_params values       0.34881      0.29242

ii)  Acceptance Rates (before adjustment):
  Acceptance Rate not achieved for      4814   out of     10000   p_ij vectors
  Acceptance Rate not achieved for      8466   out of     10000   pi
      Mean Acceptance Rate Pij  =  0.26652   mean delta_p=  0.03796
      Mean Acceptance Rate Pi   =  0.29344   mean delta_pi=  0.59308
      Mean Acceptance Rate b_mu =  0.25600        delta  =  0.04000
      Mean Acceptance Rate b_phi=  0.02600        delta  =  0.40960

iii) Running Time            :  0 d  0 h  0 min 22 sec
     Estimated Remaining Time:  0 d  0 h 20 min 46 sec

!!!!!!!!!!!!!!!!!!!
## PILOT RUN:    5
!!!!!!!!!!!!!!!!!!!

i)   Node Values:
Pij min         =     -2.23910  Pij max         =      3.47157  Average Pij     =      0.56507
Pij_til min     =     -6.91034  Pij_til max     =      6.71711  Average Pij_til =      0.08790
PI min          =      0.00010  PI max          =      0.99990  Average PI      =      0.55531
Pi_beta_params values       0.34668      0.29082

ii)  Acceptance Rates (before adjustment):
  Acceptance Rate not achieved for      4207   out of     10000   p_ij vectors
  Acceptance Rate not achieved for      8264   out of     10000   pi
      Mean Acceptance Rate Pij  =  0.27977   mean delta_p=  0.03683
      Mean Acceptance Rate Pi   =  0.28817   mean delta_pi=  0.65945
      Mean Acceptance Rate b_mu =  0.23400        delta  =  0.03200
      Mean Acceptance Rate b_phi=  0.03100        delta  =  0.32768

iii) Running Time            :  0 d  0 h  0 min 25 sec
     Estimated Remaining Time:  0 d  0 h 19 min  1 sec

!!!!!!!!!!!!!!!!!!!
## PILOT RUN:    6
!!!!!!!!!!!!!!!!!!!

i)   Node Values:
Pij min         =     -2.39846  Pij max         =      3.31813  Average Pij     =      0.56607
Pij_til min     =     -6.59633  Pij_til max     =      6.58432  Average Pij_til =      0.08354
PI min          =      0.00010  PI max          =      0.99990  Average PI      =      0.55594
Pi_beta_params values       0.34485      0.29015

ii)  Acceptance Rates (before adjustment):
  Acceptance Rate not achieved for      3843   out of     10000   p_ij vectors
  Acceptance Rate not achieved for      8112   out of     10000   pi
      Mean Acceptance Rate Pij  =  0.28906   mean delta_p=  0.03600
      Mean Acceptance Rate Pi   =  0.28757   mean delta_pi=  0.74912
      Mean Acceptance Rate b_mu =  0.30700        delta  =  0.03200
      Mean Acceptance Rate b_phi=  0.04300        delta  =  0.26214

iii) Running Time            :  0 d  0 h  0 min 28 sec
     Estimated Remaining Time:  0 d  0 h 17 min 48 sec

!!!!!!!!!!!!!!!!!!!
## PILOT RUN:    7
!!!!!!!!!!!!!!!!!!!

i)   Node Values:
Pij min         =     -2.24979  Pij max         =      3.28964  Average Pij     =      0.56530
Pij_til min     =     -8.32856  Pij_til max     =      7.95136  Average Pij_til =      0.08073
PI min          =      0.00010  PI max          =      0.99990  Average PI      =      0.55522
Pi_beta_params values       0.33951      0.28284

ii)  Acceptance Rates (before adjustment):
  Acceptance Rate not achieved for      3707   out of     10000   p_ij vectors
  Acceptance Rate not achieved for      8013   out of     10000   pi
      Mean Acceptance Rate Pij  =  0.29504   mean delta_p=  0.03539
      Mean Acceptance Rate Pi   =  0.29308   mean delta_pi=  0.86618
      Mean Acceptance Rate b_mu =  0.35000        delta  =  0.03200
      Mean Acceptance Rate b_phi=  0.07500        delta  =  0.20972

iii) Running Time            :  0 d  0 h  0 min 31 sec
     Estimated Remaining Time:  0 d  0 h 16 min 56 sec

!!!!!!!!!!!!!!!!!!!
## PILOT RUN:    8
!!!!!!!!!!!!!!!!!!!

i)   Node Values:
Pij min         =     -2.40798  Pij max         =      3.51249  Average Pij     =      0.56188
Pij_til min     =     -6.67546  Pij_til max     =      7.09805  Average Pij_til =      0.07314
PI min          =      0.00010  PI max          =      0.99990  Average PI      =      0.56002
Pi_beta_params values       0.35102      0.28605

ii)  Acceptance Rates (before adjustment):
  Acceptance Rate not achieved for      3441   out of     10000   p_ij vectors
  Acceptance Rate not achieved for      7852   out of     10000   pi
      Mean Acceptance Rate Pij  =  0.30315   mean delta_p=  0.03499
      Mean Acceptance Rate Pi   =  0.30251   mean delta_pi=  1.01594
      Mean Acceptance Rate b_mu =  0.33800        delta  =  0.03200
      Mean Acceptance Rate b_phi=  0.07400        delta  =  0.16777

iii) Running Time            :  0 d  0 h  0 min 35 sec
     Estimated Remaining Time:  0 d  0 h 16 min 15 sec

!!!!!!!!!!!!!!!!!!!
## PILOT RUN:    9
!!!!!!!!!!!!!!!!!!!

i)   Node Values:
Pij min         =     -2.23092  Pij max         =      3.43991  Average Pij     =      0.56436
Pij_til min     =     -6.15030  Pij_til max     =      6.91048  Average Pij_til =      0.08210
PI min          =      0.00010  PI max          =      0.99990  Average PI      =      0.55761
Pi_beta_params values       0.33485      0.28243

ii)  Acceptance Rates (before adjustment):
  Acceptance Rate not achieved for      3381   out of     10000   p_ij vectors
  Acceptance Rate not achieved for      7832   out of     10000   pi
      Mean Acceptance Rate Pij  =  0.30397   mean delta_p=  0.03456
      Mean Acceptance Rate Pi   =  0.30316   mean delta_pi=  1.20387
      Mean Acceptance Rate b_mu =  0.33500        delta  =  0.03200
      Mean Acceptance Rate b_phi=  0.09400        delta  =  0.13422

iii) Running Time            :  0 d  0 h  0 min 38 sec
     Estimated Remaining Time:  0 d  0 h 15 min 44 sec

!!!!!!!!!!!!!!!!!!!
## PILOT RUN:   10
!!!!!!!!!!!!!!!!!!!

i)   Node Values:
Pij min         =     -3.00093  Pij max         =      3.70102  Average Pij     =      0.56725
Pij_til min     =     -7.47487  Pij_til max     =      6.87752  Average Pij_til =      0.09320
PI min          =      0.00010  PI max          =      0.99990  Average PI      =      0.55457
Pi_beta_params values       0.32428      0.27454

ii)  Acceptance Rates (before adjustment):
  Acceptance Rate not achieved for      3211   out of     10000   p_ij vectors
  Acceptance Rate not achieved for      7761   out of     10000   pi
      Mean Acceptance Rate Pij  =  0.30484   mean delta_p=  0.03406
      Mean Acceptance Rate Pi   =  0.30601   mean delta_pi=  1.44054
      Mean Acceptance Rate b_mu =  0.31500        delta  =  0.03200
      Mean Acceptance Rate b_phi=  0.12400        delta  =  0.10737

iii) Running Time            :  0 d  0 h  0 min 41 sec
     Estimated Remaining Time:  0 d  0 h 15 min 17 sec

!!!!!!!!!!!!!!!!!!!
## PILOT RUN:   11
!!!!!!!!!!!!!!!!!!!

i)   Node Values:
Pij min         =     -2.41445  Pij max         =      3.56495  Average Pij     =      0.56284
Pij_til min     =     -6.71512  Pij_til max     =      7.00499  Average Pij_til =      0.07907
PI min          =      0.00010  PI max          =      0.99990  Average PI      =      0.55715
Pi_beta_params values       0.32732      0.27348

ii)  Acceptance Rates (before adjustment):
  Acceptance Rate not achieved for      3202   out of     10000   p_ij vectors
  Acceptance Rate not achieved for      7628   out of     10000   pi
      Mean Acceptance Rate Pij  =  0.30822   mean delta_p=  0.03361
      Mean Acceptance Rate Pi   =  0.31185   mean delta_pi=  1.73541
      Mean Acceptance Rate b_mu =  0.32800        delta  =  0.03200
      Mean Acceptance Rate b_phi=  0.14300        delta  =  0.08590

iii) Running Time            :  0 d  0 h  0 min 44 sec
     Estimated Remaining Time:  0 d  0 h 14 min 51 sec

!!!!!!!!!!!!!!!!!!!
## PILOT RUN:   12
!!!!!!!!!!!!!!!!!!!

i)   Node Values:
Pij min         =     -2.34546  Pij max         =      3.61476  Average Pij     =      0.56539
Pij_til min     =     -6.76710  Pij_til max     =      7.23271  Average Pij_til =      0.09061
PI min          =      0.00010  PI max          =      0.99990  Average PI      =      0.55336
Pi_beta_params values       0.32973      0.27433

ii)  Acceptance Rates (before adjustment):
  Acceptance Rate not achieved for      3189   out of     10000   p_ij vectors
  Acceptance Rate not achieved for      7485   out of     10000   pi
      Mean Acceptance Rate Pij  =  0.31267   mean delta_p=  0.03339
      Mean Acceptance Rate Pi   =  0.32010   mean delta_pi=  2.10414
      Mean Acceptance Rate b_mu =  0.33600        delta  =  0.03200
      Mean Acceptance Rate b_phi=  0.13000        delta  =  0.06872

iii) Running Time            :  0 d  0 h  0 min 47 sec
     Estimated Remaining Time:  0 d  0 h 14 min 29 sec

!!!!!!!!!!!!!!!!!!!
## PILOT RUN:   13
!!!!!!!!!!!!!!!!!!!

i)   Node Values:
Pij min         =     -1.98467  Pij max         =      3.13935  Average Pij     =      0.56301
Pij_til min     =     -5.86913  Pij_til max     =      6.58363  Average Pij_til =      0.08366
PI min          =      0.00010  PI max          =      0.99990  Average PI      =      0.55629
Pi_beta_params values       0.31898      0.27050

ii)  Acceptance Rates (before adjustment):
  Acceptance Rate not achieved for      3146   out of     10000   p_ij vectors
  Acceptance Rate not achieved for      7298   out of     10000   pi
      Mean Acceptance Rate Pij  =  0.31166   mean delta_p=  0.03304
      Mean Acceptance Rate Pi   =  0.31990   mean delta_pi=  2.55903
      Mean Acceptance Rate b_mu =  0.31100        delta  =  0.03200
      Mean Acceptance Rate b_phi=  0.20000        delta  =  0.05498

iii) Running Time            :  0 d  0 h  0 min 50 sec
     Estimated Remaining Time:  0 d  0 h 14 min 10 sec

!!!!!!!!!!!!!!!!!!!
## PILOT RUN:   14
!!!!!!!!!!!!!!!!!!!

i)   Node Values:
Pij min         =     -2.44030  Pij max         =      3.20927  Average Pij     =      0.56633
Pij_til min     =     -6.11073  Pij_til max     =      6.94914  Average Pij_til =      0.08938
PI min          =      0.00010  PI max          =      0.99990  Average PI      =      0.55251
Pi_beta_params values       0.31701      0.27009

ii)  Acceptance Rates (before adjustment):
  Acceptance Rate not achieved for      3188   out of     10000   p_ij vectors
  Acceptance Rate not achieved for      7305   out of     10000   pi
      Mean Acceptance Rate Pij  =  0.31247   mean delta_p=  0.03275
      Mean Acceptance Rate Pi   =  0.32587   mean delta_pi=  3.12783
      Mean Acceptance Rate b_mu =  0.32000        delta  =  0.03200
      Mean Acceptance Rate b_phi=  0.23400        delta  =  0.04398

iii) Running Time            :  0 d  0 h  0 min 54 sec
     Estimated Remaining Time:  0 d  0 h 13 min 54 sec

!!!!!!!!!!!!!!!!!!!
## PILOT RUN:   15
!!!!!!!!!!!!!!!!!!!

i)   Node Values:
Pij min         =     -2.31288  Pij max         =      3.18562  Average Pij     =      0.55955
Pij_til min     =     -6.22314  Pij_til max     =      7.56286  Average Pij_til =      0.08681
PI min          =      0.00010  PI max          =      0.99990  Average PI      =      0.55628
Pi_beta_params values       0.32539      0.26975

ii)  Acceptance Rates (before adjustment):
  Acceptance Rate not achieved for      3210   out of     10000   p_ij vectors
  Acceptance Rate not achieved for      7153   out of     10000   pi
      Mean Acceptance Rate Pij  =  0.31485   mean delta_p=  0.03247
      Mean Acceptance Rate Pi   =  0.33056   mean delta_pi=  3.83500
      Mean Acceptance Rate b_mu =  0.35500        delta  =  0.03200
      Mean Acceptance Rate b_phi=  0.31900        delta  =  0.04398

iii) Running Time            :  0 d  0 h  0 min 57 sec
     Estimated Remaining Time:  0 d  0 h 13 min 40 sec

!!!!!!!!!!!!!!!!!!!
## PILOT RUN:   16
!!!!!!!!!!!!!!!!!!!

i)   Node Values:
Pij min         =     -2.28364  Pij max         =      2.92590  Average Pij     =      0.56135
Pij_til min     =     -6.00250  Pij_til max     =      6.07720  Average Pij_til =      0.07476
PI min          =      0.00010  PI max          =      0.99990  Average PI      =      0.55530
Pi_beta_params values       0.31326      0.26541

ii)  Acceptance Rates (before adjustment):
  Acceptance Rate not achieved for      3121   out of     10000   p_ij vectors
  Acceptance Rate not achieved for      7107   out of     10000   pi
      Mean Acceptance Rate Pij  =  0.31424   mean delta_p=  0.03213
      Mean Acceptance Rate Pi   =  0.33296   mean delta_pi=  4.71489
      Mean Acceptance Rate b_mu =  0.33300        delta  =  0.03200
      Mean Acceptance Rate b_phi=  0.31800        delta  =  0.04398

iii) Running Time            :  0 d  0 h  1 min  0 sec
     Estimated Remaining Time:  0 d  0 h 13 min 27 sec

!!!!!!!!!!!!!!!!!!!
## PILOT RUN:   17
!!!!!!!!!!!!!!!!!!!

i)   Node Values:
Pij min         =     -2.24165  Pij max         =      3.46244  Average Pij     =      0.56153
Pij_til min     =     -6.14228  Pij_til max     =      6.10061  Average Pij_til =      0.06696
PI min          =      0.00010  PI max          =      0.99990  Average PI      =      0.55685
Pi_beta_params values       0.31908      0.26547

ii)  Acceptance Rates (before adjustment):
  Acceptance Rate not achieved for      3113   out of     10000   p_ij vectors
  Acceptance Rate not achieved for      6974   out of     10000   pi
      Mean Acceptance Rate Pij  =  0.31564   mean delta_p=  0.03182
      Mean Acceptance Rate Pi   =  0.33535   mean delta_pi=  5.80606
      Mean Acceptance Rate b_mu =  0.32600        delta  =  0.03200
      Mean Acceptance Rate b_phi=  0.27300        delta  =  0.04398

iii) Running Time            :  0 d  0 h  1 min  3 sec
     Estimated Remaining Time:  0 d  0 h 13 min 14 sec

!!!!!!!!!!!!!!!!!!!
## PILOT RUN:   18
!!!!!!!!!!!!!!!!!!!

i)   Node Values:
Pij min         =     -2.23331  Pij max         =      3.10978  Average Pij     =      0.56179
Pij_til min     =     -6.66133  Pij_til max     =      5.84171  Average Pij_til =      0.07932
PI min          =      0.00010  PI max          =      0.99990  Average PI      =      0.55673
Pi_beta_params values       0.31320      0.26491

ii)  Acceptance Rates (before adjustment):
  Acceptance Rate not achieved for      3100   out of     10000   p_ij vectors
  Acceptance Rate not achieved for      7007   out of     10000   pi
      Mean Acceptance Rate Pij  =  0.31430   mean delta_p=  0.03146
      Mean Acceptance Rate Pi   =  0.33470   mean delta_pi=  7.15159
      Mean Acceptance Rate b_mu =  0.33500        delta  =  0.03200
      Mean Acceptance Rate b_phi=  0.31000        delta  =  0.04398

iii) Running Time            :  0 d  0 h  1 min  6 sec
     Estimated Remaining Time:  0 d  0 h 13 min  4 sec

!!!!!!!!!!!!!!!!!!!
## PILOT RUN:   19
!!!!!!!!!!!!!!!!!!!

i)   Node Values:
Pij min         =     -2.10297  Pij max         =      3.11583  Average Pij     =      0.55962
Pij_til min     =     -5.94176  Pij_til max     =      6.12665  Average Pij_til =      0.06455
PI min          =      0.00010  PI max          =      0.99990  Average PI      =      0.55794
Pi_beta_params values       0.32718      0.26061

ii)  Acceptance Rates (before adjustment):
  Acceptance Rate not achieved for      3138   out of     10000   p_ij vectors
  Acceptance Rate not achieved for      6904   out of     10000   pi
      Mean Acceptance Rate Pij  =  0.31592   mean delta_p=  0.03116
      Mean Acceptance Rate Pi   =  0.33882   mean delta_pi=  8.83031
      Mean Acceptance Rate b_mu =  0.32600        delta  =  0.03200
      Mean Acceptance Rate b_phi=  0.30300        delta  =  0.04398

iii) Running Time            :  0 d  0 h  1 min  9 sec
     Estimated Remaining Time:  0 d  0 h 12 min 54 sec

!!!!!!!!!!!!!!!!!!!
## PILOT RUN:   20
!!!!!!!!!!!!!!!!!!!

i)   Node Values:
Pij min         =     -2.16412  Pij max         =      3.27577  Average Pij     =      0.56064
Pij_til min     =     -6.35015  Pij_til max     =      6.36961  Average Pij_til =      0.09233
PI min          =      0.00010  PI max          =      0.99990  Average PI      =      0.55268
Pi_beta_params values       0.31218      0.26352

ii)  Acceptance Rates (before adjustment):
  Acceptance Rate not achieved for      3137   out of     10000   p_ij vectors
  Acceptance Rate not achieved for      6764   out of     10000   pi
      Mean Acceptance Rate Pij  =  0.31832   mean delta_p=  0.03088
      Mean Acceptance Rate Pi   =  0.34282   mean delta_pi=  *******
      Mean Acceptance Rate b_mu =  0.31400        delta  =  0.03200
      Mean Acceptance Rate b_phi=  0.31000        delta  =  0.04398

iii) Running Time            :  0 d  0 h  1 min 12 sec
     Estimated Remaining Time:  0 d  0 h 12 min 44 sec

!!!!!!!!!!!!!!!!!!!!!!!!!!!!!!!!!!!!!!
        BURN-IN
!!!!!!!!!!!!!!!!!!!!!!!!!!!!!!!!!!!!!!


Node Values:
Pij min         =     -4.13012  Pij max         =      4.37597  Average Pij     =      0.58219
Pij_til min     =    -10.01506  Pij_til max     =     10.62564  Average Pij_til =      0.12319
PI min          =      0.00010  PI max          =      0.99990  Average PI      =      0.55587
Pi_beta_params values       0.38103      0.31921

Running Time            :  0 d  0 h  1 min 43 sec
Estimated Remaining Time:  0 d  0 h 11 min 31 sec

!!!!!!!!!!!!!!!!!!!!!!!!!!!!!!!!!!!!!!
        MCMC CHAIN
!!!!!!!!!!!!!!!!!!!!!!!!!!!!!!!!!!!!!!

      Mean Final Acceptance Rate Pij  =  0.33489   mean delta_pij=  0.03088
      Mean Final Acceptance Rate Pi   =  0.52853   mean delta_pi=  *******
      Mean Final Acceptance Rate b_mu =  0.32512        delta  =  0.03200
      Mean Final Acceptance Rate b_phi=  0.29095        delta  =  0.04398

Analysis completed in  0 d  0 h 12 min  7 sec
