Running BayPass Version 2.3 with the following command line:
baypass -gfile bft.kinless.baypass -outprefix bft -nthreads 20 -nval 10000 -burnin 10000 -pilotlength 1000                                                                                                                                                     

!!!!!!!!!!!!!!!!!!!!!!!!!!!!!!!!!!!!!!
        Size of the data set 
!!!!!!!!!!!!!!!!!!!!!!!!!!!!!!!!!!!!!!

 No of Markers                      =      2139
 No of Populations                  =         8
 Genotype File name                 =    bft.kinless.baypass

!!!!!!!!!!!!!!!!!!!!!!!!!!!!!!!!!!!!!!
        Model Specifications
!!!!!!!!!!!!!!!!!!!!!!!!!!!!!!!!!!!!!!


 -> Basic Mode (no covariate):
  (*) Omega matrix is estimated with prior inv(Omega) ~ Wish_npop((1/rho)Id_npop,rho)  where rho=     1
  (*) Parameters from the Pi prior dist. will be estimated
  (*) Outlier detection: XtX stat. for each SNP        

!!!!!!!!!!!!!!!!!!!!!!!!!!!!!!!!!!!!!!
           MCMC specifications
!!!!!!!!!!!!!!!!!!!!!!!!!!!!!!!!!!!!!!


 Nb. of sampled parameter values       =   10000
 Thinning Rate                         =      20
 Burn in Period Length                 =   10000
 Max Number of Pilot runs              =      20
 Pilot run Length                      =    1000

 Init. deltas for Pi proposals          = 0.5000
 Coop Pij proposal with init. sig. for Pi. multivariate prop.          =  0.0500
 Pilot Run Adj. Factor Pilot            =  1.25
 Targeted Rej./Acc. rates              =  0.25-0.40
 R.N.G. seed                            =    5001

!!!!!!!!!!!!!!!!!!!!!!!!!!!!!!!!!!!!!!
        COUNT DATA
!!!!!!!!!!!!!!!!!!!!!!!!!!!!!!!!!!!!!!

First SNP ref. Allele count    68    1    3    3   76    1    2    3
First SNP total Gene count     68  110   78   60   76  100   56   82
Last  SNP ref. Allele count    58   96   74   53   59   93   48   73
Last  SNP total Gene count     68  106   76   60   72  102   52   80

!!!!!!!!!!!!!!!!!!!!!!!!!!!!!!!!!!!!!!
        PILOT RUNS
!!!!!!!!!!!!!!!!!!!!!!!!!!!!!!!!!!!!!!

Initial Values:
Pij min         =      0.01754  Pij max         =      0.99123  Average Pij     =      0.50240
Pij_til min     =     -2.47930  Pij_til max     =      2.37909  Average Pij_til =     -0.00000
PI min          =      0.02604  PI max          =      0.98476  Average PI      =      0.50240
Pi_beta_params values       0.50556      0.50073

!!!!!!!!!!!!!!!!!!!
## PILOT RUN:    1
!!!!!!!!!!!!!!!!!!!

i)   Node Values:
Pij min         =      0.00035  Pij max         =      1.97296  Average Pij     =      0.52079
Pij_til min     =     -6.35638  Pij_til max     =      8.30657  Average Pij_til =     -0.13406
PI min          =      0.00011  PI max          =      0.99990  Average PI      =      0.57135
Pi_beta_params values       0.27546      0.22142

ii)  Acceptance Rates (before adjustment):
  Acceptance Rate not achieved for      2139   out of      2139   p_ij vectors
  Acceptance Rate not achieved for      2135   out of      2139   pi
      Mean Acceptance Rate Pij  =  0.01676   mean delta_p=  0.04000
      Mean Acceptance Rate Pi   =  0.34212   mean delta_pi=  0.49654
      Mean Acceptance Rate b_mu =  0.41800        delta  =  0.06250
      Mean Acceptance Rate b_phi=  0.03200        delta  =  0.80000

iii) Running Time            :  0 d  0 h  0 min  9 sec
     Estimated Remaining Time:  0 d  0 h 35 min 21 sec

!!!!!!!!!!!!!!!!!!!
## PILOT RUN:    2
!!!!!!!!!!!!!!!!!!!

i)   Node Values:
Pij min         =      0.00037  Pij max         =      2.12370  Average Pij     =      0.52296
Pij_til min     =     -7.28336  Pij_til max     =      7.44134  Average Pij_til =     -0.08136
PI min          =      0.00011  PI max          =      0.99990  Average PI      =      0.56342
Pi_beta_params values       0.30174      0.23161

ii)  Acceptance Rates (before adjustment):
  Acceptance Rate not achieved for      2138   out of      2139   p_ij vectors
  Acceptance Rate not achieved for      2131   out of      2139   pi
      Mean Acceptance Rate Pij  =  0.02893   mean delta_p=  0.03200
      Mean Acceptance Rate Pi   =  0.33003   mean delta_pi=  0.51784
      Mean Acceptance Rate b_mu =  0.35800        delta  =  0.06250
      Mean Acceptance Rate b_phi=  0.03700        delta  =  0.64000

iii) Running Time            :  0 d  0 h  0 min  9 sec
     Estimated Remaining Time:  0 d  0 h 18 min 55 sec

!!!!!!!!!!!!!!!!!!!
## PILOT RUN:    3
!!!!!!!!!!!!!!!!!!!

i)   Node Values:
Pij min         =      0.00010  Pij max         =      2.09666  Average Pij     =      0.52434
Pij_til min     =     -7.36363  Pij_til max     =      8.10515  Average Pij_til =     -0.06485
PI min          =      0.00010  PI max          =      0.99990  Average PI      =      0.55931
Pi_beta_params values       0.27836      0.21588

ii)  Acceptance Rates (before adjustment):
  Acceptance Rate not achieved for      2101   out of      2139   p_ij vectors
  Acceptance Rate not achieved for      2124   out of      2139   pi
      Mean Acceptance Rate Pij  =  0.04750   mean delta_p=  0.02572
      Mean Acceptance Rate Pi   =  0.31914   mean delta_pi=  0.56513
      Mean Acceptance Rate b_mu =  0.33800        delta  =  0.06250
      Mean Acceptance Rate b_phi=  0.03500        delta  =  0.51200

iii) Running Time            :  0 d  0 h  0 min 10 sec
     Estimated Remaining Time:  0 d  0 h 13 min 34 sec

!!!!!!!!!!!!!!!!!!!
## PILOT RUN:    4
!!!!!!!!!!!!!!!!!!!

i)   Node Values:
Pij min         =      0.00050  Pij max         =      2.00332  Average Pij     =      0.52492
Pij_til min     =     -7.96156  Pij_til max     =      8.05166  Average Pij_til =     -0.09644
PI min          =      0.00012  PI max          =      0.99990  Average PI      =      0.56305
Pi_beta_params values       0.28072      0.20552

ii)  Acceptance Rates (before adjustment):
  Acceptance Rate not achieved for      2041   out of      2139   p_ij vectors
  Acceptance Rate not achieved for      2126   out of      2139   pi
      Mean Acceptance Rate Pij  =  0.07534   mean delta_p=  0.02083
      Mean Acceptance Rate Pi   =  0.31000   mean delta_pi=  0.64053
      Mean Acceptance Rate b_mu =  0.36400        delta  =  0.06250
      Mean Acceptance Rate b_phi=  0.03900        delta  =  0.40960

iii) Running Time            :  0 d  0 h  0 min 11 sec
     Estimated Remaining Time:  0 d  0 h 10 min 49 sec

!!!!!!!!!!!!!!!!!!!
## PILOT RUN:    5
!!!!!!!!!!!!!!!!!!!

i)   Node Values:
Pij min         =      0.00040  Pij max         =      1.85938  Average Pij     =      0.52441
Pij_til min     =     -7.79243  Pij_til max     =      7.84642  Average Pij_til =     -0.10380
PI min          =      0.00010  PI max          =      0.99990  Average PI      =      0.56380
Pi_beta_params values       0.29385      0.21669

ii)  Acceptance Rates (before adjustment):
  Acceptance Rate not achieved for      1963   out of      2139   p_ij vectors
  Acceptance Rate not achieved for      2117   out of      2139   pi
      Mean Acceptance Rate Pij  =  0.10932   mean delta_p=  0.01706
      Mean Acceptance Rate Pi   =  0.30398   mean delta_pi=  0.74822
      Mean Acceptance Rate b_mu =  0.37700        delta  =  0.06250
      Mean Acceptance Rate b_phi=  0.08100        delta  =  0.32768

iii) Running Time            :  0 d  0 h  0 min 12 sec
     Estimated Remaining Time:  0 d  0 h  9 min 10 sec

!!!!!!!!!!!!!!!!!!!
## PILOT RUN:    6
!!!!!!!!!!!!!!!!!!!

i)   Node Values:
Pij min         =      0.00026  Pij max         =      1.78319  Average Pij     =      0.52394
Pij_til min     =     -7.30450  Pij_til max     =      8.20990  Average Pij_til =     -0.10207
PI min          =      0.00010  PI max          =      0.99990  Average PI      =      0.56669
Pi_beta_params values       0.27563      0.20973

ii)  Acceptance Rates (before adjustment):
  Acceptance Rate not achieved for      1842   out of      2139   p_ij vectors
  Acceptance Rate not achieved for      2114   out of      2139   pi
      Mean Acceptance Rate Pij  =  0.14770   mean delta_p=  0.01421
      Mean Acceptance Rate Pi   =  0.29633   mean delta_pi=  0.89297
      Mean Acceptance Rate b_mu =  0.35000        delta  =  0.06250
      Mean Acceptance Rate b_phi=  0.08500        delta  =  0.26214

iii) Running Time            :  0 d  0 h  0 min 12 sec
     Estimated Remaining Time:  0 d  0 h  8 min  3 sec

!!!!!!!!!!!!!!!!!!!
## PILOT RUN:    7
!!!!!!!!!!!!!!!!!!!

i)   Node Values:
Pij min         =      0.00018  Pij max         =      1.79036  Average Pij     =      0.52357
Pij_til min     =     -8.36651  Pij_til max     =      8.53447  Average Pij_til =     -0.12461
PI min          =      0.00010  PI max          =      0.99990  Average PI      =      0.57190
Pi_beta_params values       0.28198      0.20562

ii)  Acceptance Rates (before adjustment):
  Acceptance Rate not achieved for      1541   out of      2139   p_ij vectors
  Acceptance Rate not achieved for      2106   out of      2139   pi
      Mean Acceptance Rate Pij  =  0.19666   mean delta_p=  0.01230
      Mean Acceptance Rate Pi   =  0.29818   mean delta_pi=  1.08232
      Mean Acceptance Rate b_mu =  0.36600        delta  =  0.06250
      Mean Acceptance Rate b_phi=  0.09700        delta  =  0.20972

iii) Running Time            :  0 d  0 h  0 min 13 sec
     Estimated Remaining Time:  0 d  0 h  7 min 16 sec

!!!!!!!!!!!!!!!!!!!
## PILOT RUN:    8
!!!!!!!!!!!!!!!!!!!

i)   Node Values:
Pij min         =      0.00030  Pij max         =      2.20180  Average Pij     =      0.52238
Pij_til min     =     -7.87054  Pij_til max     =      9.16973  Average Pij_til =     -0.14432
PI min          =      0.00010  PI max          =      0.99990  Average PI      =      0.56705
Pi_beta_params values       0.26808      0.20220

ii)  Acceptance Rates (before adjustment):
  Acceptance Rate not achieved for      1124   out of      2139   p_ij vectors
  Acceptance Rate not achieved for      2093   out of      2139   pi
      Mean Acceptance Rate Pij  =  0.23510   mean delta_p=  0.01113
      Mean Acceptance Rate Pi   =  0.30311   mean delta_pi=  1.32582
      Mean Acceptance Rate b_mu =  0.37100        delta  =  0.06250
      Mean Acceptance Rate b_phi=  0.11900        delta  =  0.16777

iii) Running Time            :  0 d  0 h  0 min 14 sec
     Estimated Remaining Time:  0 d  0 h  6 min 40 sec

!!!!!!!!!!!!!!!!!!!
## PILOT RUN:    9
!!!!!!!!!!!!!!!!!!!

i)   Node Values:
Pij min         =      0.00054  Pij max         =      2.10258  Average Pij     =      0.52145
Pij_til min     =     -9.43993  Pij_til max     =      8.93866  Average Pij_til =     -0.17268
PI min          =      0.00010  PI max          =      0.99990  Average PI      =      0.57235
Pi_beta_params values       0.27623      0.21266

ii)  Acceptance Rates (before adjustment):
  Acceptance Rate not achieved for       623   out of      2139   p_ij vectors
  Acceptance Rate not achieved for      2082   out of      2139   pi
      Mean Acceptance Rate Pij  =  0.26900   mean delta_p=  0.01059
      Mean Acceptance Rate Pi   =  0.30737   mean delta_pi=  1.63524
      Mean Acceptance Rate b_mu =  0.37800        delta  =  0.06250
      Mean Acceptance Rate b_phi=  0.17300        delta  =  0.13422

iii) Running Time            :  0 d  0 h  0 min 15 sec
     Estimated Remaining Time:  0 d  0 h  6 min 13 sec

!!!!!!!!!!!!!!!!!!!
## PILOT RUN:   10
!!!!!!!!!!!!!!!!!!!

i)   Node Values:
Pij min         =      0.00024  Pij max         =      1.96781  Average Pij     =      0.52199
Pij_til min     =     -9.02379  Pij_til max     =      8.99344  Average Pij_til =     -0.14760
PI min          =      0.00010  PI max          =      0.99990  Average PI      =      0.57251
Pi_beta_params values       0.26787      0.20112

ii)  Acceptance Rates (before adjustment):
  Acceptance Rate not achieved for       415   out of      2139   p_ij vectors
  Acceptance Rate not achieved for      2073   out of      2139   pi
      Mean Acceptance Rate Pij  =  0.28343   mean delta_p=  0.01025
      Mean Acceptance Rate Pi   =  0.31479   mean delta_pi=  2.02617
      Mean Acceptance Rate b_mu =  0.35500        delta  =  0.06250
      Mean Acceptance Rate b_phi=  0.19200        delta  =  0.10737

iii) Running Time            :  0 d  0 h  0 min 15 sec
     Estimated Remaining Time:  0 d  0 h  5 min 50 sec

!!!!!!!!!!!!!!!!!!!
## PILOT RUN:   11
!!!!!!!!!!!!!!!!!!!

i)   Node Values:
Pij min         =      0.00063  Pij max         =      1.82872  Average Pij     =      0.52217
Pij_til min     =     -7.76933  Pij_til max     =      7.76471  Average Pij_til =     -0.14645
PI min          =      0.00010  PI max          =      0.99990  Average PI      =      0.56975
Pi_beta_params values       0.27912      0.20533

ii)  Acceptance Rates (before adjustment):
  Acceptance Rate not achieved for       210   out of      2139   p_ij vectors
  Acceptance Rate not achieved for      2053   out of      2139   pi
      Mean Acceptance Rate Pij  =  0.29747   mean delta_p=  0.01009
      Mean Acceptance Rate Pi   =  0.32130   mean delta_pi=  2.51841
      Mean Acceptance Rate b_mu =  0.38000        delta  =  0.06250
      Mean Acceptance Rate b_phi=  0.25600        delta  =  0.10737

iii) Running Time            :  0 d  0 h  0 min 16 sec
     Estimated Remaining Time:  0 d  0 h  5 min 32 sec

!!!!!!!!!!!!!!!!!!!
## PILOT RUN:   12
!!!!!!!!!!!!!!!!!!!

i)   Node Values:
Pij min         =      0.00038  Pij max         =      1.85706  Average Pij     =      0.52172
Pij_til min     =     -7.85247  Pij_til max     =      8.11442  Average Pij_til =     -0.18691
PI min          =      0.00010  PI max          =      0.99990  Average PI      =      0.57501
Pi_beta_params values       0.26834      0.20277

ii)  Acceptance Rates (before adjustment):
  Acceptance Rate not achieved for       135   out of      2139   p_ij vectors
  Acceptance Rate not achieved for      2014   out of      2139   pi
      Mean Acceptance Rate Pij  =  0.30726   mean delta_p=  0.01002
      Mean Acceptance Rate Pi   =  0.32975   mean delta_pi=  3.13653
      Mean Acceptance Rate b_mu =  0.34600        delta  =  0.06250
      Mean Acceptance Rate b_phi=  0.25500        delta  =  0.10737

iii) Running Time            :  0 d  0 h  0 min 17 sec
     Estimated Remaining Time:  0 d  0 h  5 min 16 sec

!!!!!!!!!!!!!!!!!!!
## PILOT RUN:   13
!!!!!!!!!!!!!!!!!!!

i)   Node Values:
Pij min         =      0.00021  Pij max         =      1.96664  Average Pij     =      0.52175
Pij_til min     =     -7.71545  Pij_til max     =      8.47482  Average Pij_til =     -0.14553
PI min          =      0.00010  PI max          =      0.99990  Average PI      =      0.56982
Pi_beta_params values       0.26856      0.19815

ii)  Acceptance Rates (before adjustment):
  Acceptance Rate not achieved for       100   out of      2139   p_ij vectors
  Acceptance Rate not achieved for      1978   out of      2139   pi
      Mean Acceptance Rate Pij  =  0.31287   mean delta_p=  0.00998
      Mean Acceptance Rate Pi   =  0.33820   mean delta_pi=  3.91127
      Mean Acceptance Rate b_mu =  0.37500        delta  =  0.06250
      Mean Acceptance Rate b_phi=  0.25400        delta  =  0.10737

iii) Running Time            :  0 d  0 h  0 min 18 sec
     Estimated Remaining Time:  0 d  0 h  5 min  3 sec

!!!!!!!!!!!!!!!!!!!
## PILOT RUN:   14
!!!!!!!!!!!!!!!!!!!

i)   Node Values:
Pij min         =      0.00053  Pij max         =      1.89775  Average Pij     =      0.52211
Pij_til min     =     -8.87606  Pij_til max     =      8.56400  Average Pij_til =     -0.17206
PI min          =      0.00010  PI max          =      0.99990  Average PI      =      0.57163
Pi_beta_params values       0.26955      0.20580

ii)  Acceptance Rates (before adjustment):
  Acceptance Rate not achieved for        91   out of      2139   p_ij vectors
  Acceptance Rate not achieved for      1951   out of      2139   pi
      Mean Acceptance Rate Pij  =  0.31223   mean delta_p=  0.00995
      Mean Acceptance Rate Pi   =  0.34679   mean delta_pi=  4.88127
      Mean Acceptance Rate b_mu =  0.36500        delta  =  0.06250
      Mean Acceptance Rate b_phi=  0.27700        delta  =  0.10737

iii) Running Time            :  0 d  0 h  0 min 18 sec
     Estimated Remaining Time:  0 d  0 h  4 min 51 sec

!!!!!!!!!!!!!!!!!!!
## PILOT RUN:   15
!!!!!!!!!!!!!!!!!!!

i)   Node Values:
Pij min         =      0.00019  Pij max         =      1.78238  Average Pij     =      0.52208
Pij_til min     =     -8.61653  Pij_til max     =      8.12323  Average Pij_til =     -0.16002
PI min          =      0.00010  PI max          =      0.99990  Average PI      =      0.57035
Pi_beta_params values       0.27882      0.20796

ii)  Acceptance Rates (before adjustment):
  Acceptance Rate not achieved for        89   out of      2139   p_ij vectors
  Acceptance Rate not achieved for      1873   out of      2139   pi
      Mean Acceptance Rate Pij  =  0.31838   mean delta_p=  0.00994
      Mean Acceptance Rate Pi   =  0.35768   mean delta_pi=  6.09522
      Mean Acceptance Rate b_mu =  0.39300        delta  =  0.06250
      Mean Acceptance Rate b_phi=  0.25400        delta  =  0.10737

iii) Running Time            :  0 d  0 h  0 min 19 sec
     Estimated Remaining Time:  0 d  0 h  4 min 41 sec

!!!!!!!!!!!!!!!!!!!
## PILOT RUN:   16
!!!!!!!!!!!!!!!!!!!

i)   Node Values:
Pij min         =      0.00023  Pij max         =      1.79664  Average Pij     =      0.52191
Pij_til min     =     -8.26965  Pij_til max     =      8.27426  Average Pij_til =     -0.18524
PI min          =      0.00010  PI max          =      0.99990  Average PI      =      0.57641
Pi_beta_params values       0.27422      0.20016

ii)  Acceptance Rates (before adjustment):
  Acceptance Rate not achieved for        80   out of      2139   p_ij vectors
  Acceptance Rate not achieved for      1833   out of      2139   pi
      Mean Acceptance Rate Pij  =  0.32329   mean delta_p=  0.00995
      Mean Acceptance Rate Pi   =  0.36816   mean delta_pi=  7.61373
      Mean Acceptance Rate b_mu =  0.37100        delta  =  0.06250
      Mean Acceptance Rate b_phi=  0.25100        delta  =  0.10737

iii) Running Time            :  0 d  0 h  0 min 20 sec
     Estimated Remaining Time:  0 d  0 h  4 min 32 sec

!!!!!!!!!!!!!!!!!!!
## PILOT RUN:   17
!!!!!!!!!!!!!!!!!!!

i)   Node Values:
Pij min         =      0.00039  Pij max         =      1.97620  Average Pij     =      0.52245
Pij_til min     =    -10.20918  Pij_til max     =      8.38867  Average Pij_til =     -0.16425
PI min          =      0.00010  PI max          =      0.99990  Average PI      =      0.57643
Pi_beta_params values       0.26180      0.19367

ii)  Acceptance Rates (before adjustment):
  Acceptance Rate not achieved for        84   out of      2139   p_ij vectors
  Acceptance Rate not achieved for      1734   out of      2139   pi
      Mean Acceptance Rate Pij  =  0.33139   mean delta_p=  0.00999
      Mean Acceptance Rate Pi   =  0.38022   mean delta_pi=  9.51240
      Mean Acceptance Rate b_mu =  0.35400        delta  =  0.06250
      Mean Acceptance Rate b_phi=  0.26800        delta  =  0.10737

iii) Running Time            :  0 d  0 h  0 min 21 sec
     Estimated Remaining Time:  0 d  0 h  4 min 24 sec

!!!!!!!!!!!!!!!!!!!
## PILOT RUN:   18
!!!!!!!!!!!!!!!!!!!

i)   Node Values:
Pij min         =      0.00055  Pij max         =      1.77727  Average Pij     =      0.52224
Pij_til min     =     -8.24953  Pij_til max     =      8.70645  Average Pij_til =     -0.14465
PI min          =      0.00010  PI max          =      0.99990  Average PI      =      0.56649
Pi_beta_params values       0.25697      0.20575

ii)  Acceptance Rates (before adjustment):
  Acceptance Rate not achieved for       141   out of      2139   p_ij vectors
  Acceptance Rate not achieved for      1631   out of      2139   pi
      Mean Acceptance Rate Pij  =  0.34289   mean delta_p=  0.01011
      Mean Acceptance Rate Pi   =  0.39755   mean delta_pi=  *******
      Mean Acceptance Rate b_mu =  0.36600        delta  =  0.06250
      Mean Acceptance Rate b_phi=  0.28500        delta  =  0.10737

iii) Running Time            :  0 d  0 h  0 min 21 sec
     Estimated Remaining Time:  0 d  0 h  4 min 17 sec

!!!!!!!!!!!!!!!!!!!
## PILOT RUN:   19
!!!!!!!!!!!!!!!!!!!

i)   Node Values:
Pij min         =      0.00043  Pij max         =      1.71831  Average Pij     =      0.52134
Pij_til min     =     -7.20299  Pij_til max     =      8.56935  Average Pij_til =     -0.15878
PI min          =      0.00010  PI max          =      0.99990  Average PI      =      0.57292
Pi_beta_params values       0.26198      0.20020

ii)  Acceptance Rates (before adjustment):
  Acceptance Rate not achieved for       152   out of      2139   p_ij vectors
  Acceptance Rate not achieved for      1533   out of      2139   pi
      Mean Acceptance Rate Pij  =  0.34698   mean delta_p=  0.01023
      Mean Acceptance Rate Pi   =  0.40917   mean delta_pi=  *******
      Mean Acceptance Rate b_mu =  0.37300        delta  =  0.06250
      Mean Acceptance Rate b_phi=  0.26100        delta  =  0.10737

iii) Running Time            :  0 d  0 h  0 min 22 sec
     Estimated Remaining Time:  0 d  0 h  4 min 11 sec

!!!!!!!!!!!!!!!!!!!
## PILOT RUN:   20
!!!!!!!!!!!!!!!!!!!

i)   Node Values:
Pij min         =      0.00039  Pij max         =      1.89925  Average Pij     =      0.52127
Pij_til min     =     -8.80092  Pij_til max     =      8.93358  Average Pij_til =     -0.14732
PI min          =      0.00010  PI max          =      0.99990  Average PI      =      0.57066
Pi_beta_params values       0.26066      0.20592

ii)  Acceptance Rates (before adjustment):
  Acceptance Rate not achieved for       150   out of      2139   p_ij vectors
  Acceptance Rate not achieved for      1479   out of      2139   pi
      Mean Acceptance Rate Pij  =  0.34680   mean delta_p=  0.01034
      Mean Acceptance Rate Pi   =  0.41246   mean delta_pi=  *******
      Mean Acceptance Rate b_mu =  0.35800        delta  =  0.06250
      Mean Acceptance Rate b_phi=  0.25500        delta  =  0.10737

iii) Running Time            :  0 d  0 h  0 min 23 sec
     Estimated Remaining Time:  0 d  0 h  4 min  5 sec

!!!!!!!!!!!!!!!!!!!!!!!!!!!!!!!!!!!!!!
        BURN-IN
!!!!!!!!!!!!!!!!!!!!!!!!!!!!!!!!!!!!!!


Node Values:
Pij min         =      0.00030  Pij max         =      2.77535  Average Pij     =      0.53994
Pij_til min     =     -8.67438  Pij_til max     =      9.30557  Average Pij_til =     -0.09885
PI min          =      0.00010  PI max          =      0.99990  Average PI      =      0.56846
Pi_beta_params values       0.23970      0.20067

Running Time            :  0 d  0 h  0 min 30 sec
Estimated Remaining Time:  0 d  0 h  3 min 25 sec

!!!!!!!!!!!!!!!!!!!!!!!!!!!!!!!!!!!!!!
        MCMC CHAIN
!!!!!!!!!!!!!!!!!!!!!!!!!!!!!!!!!!!!!!

      Mean Final Acceptance Rate Pij  =  0.19839   mean delta_pij=  0.01034
      Mean Final Acceptance Rate Pi   =  0.33054   mean delta_pi=  *******
      Mean Final Acceptance Rate b_mu =  0.36399        delta  =  0.06250
      Mean Final Acceptance Rate b_phi=  0.25175        delta  =  0.10737

Analysis completed in  0 d  0 h  2 min 57 sec
