 I J M_lda_ij SD_lda_ij M_omega_ij SD_omega_ij
    1     1      0.60633066      0.03416159      6.08947944      0.31924457
    1     2     -0.13683300      0.02168538      4.61416514      0.25515469
    1     3     -0.04718478      0.01726691      4.46548562      0.25639161
    1     4     -0.07024441      0.01500870      4.51272110      0.26562404
    1     5     -0.10722635      0.01682247      4.61415204      0.26148929
    1     6     -0.11123961      0.02052953      4.52816116      0.25354002
    1     7     -0.04593553      0.01344256      4.38363344      0.25856517
    1     8     -0.07173912      0.02018372      4.51913880      0.25460904
    2     1     -0.13683300      0.02168538      4.61416514      0.25515469
    2     2      0.95724691      0.04415104      5.48373991      0.27331718
    2     3     -0.14879670      0.02297581      4.54575697      0.24960355
    2     4     -0.05695255      0.01819186      4.38573336      0.25273191
    2     5     -0.11213294      0.02124144      4.53090818      0.24960898
    2     6     -0.27578744      0.02880603      4.61588591      0.24645883
    2     7     -0.02967674      0.01664335      4.28388140      0.24770269
    2     8     -0.16950781      0.02554314      4.57601051      0.24781378
    3     1     -0.04718478      0.01726691      4.46548562      0.25639161
    3     2     -0.14879670      0.02297581      4.54575697      0.24960355
    3     3      0.66672515      0.03186869      5.81524700      0.29175299
    3     4     -0.05526716      0.01421980      4.39436692      0.25851210
    3     5     -0.08181501      0.01739904      4.48074278      0.25274205
    3     6     -0.09138972      0.02154286      4.43312306      0.24617805
    3     7     -0.08067533      0.01452549      4.42260393      0.25336911
    3     8     -0.13468783      0.02154797      4.53366049      0.25091503
    4     1     -0.07024441      0.01500870      4.51272110      0.26562404
    4     2     -0.05695255      0.01819186      4.38573336      0.25273191
    4     3     -0.05526716      0.01421980      4.39436692      0.25851210
    4     4      0.41984092      0.02456405      6.55664254      0.35359227
    4     5     -0.04902787      0.01353575      4.39815270      0.26125902
    4     6     -0.03762313      0.01648076      4.29573647      0.24959875
    4     7     -0.06571410      0.01153415      4.44011148      0.26614307
    4     8     -0.06028581      0.01630148      4.38917607      0.25584062
    5     1     -0.10722635      0.01682247      4.61415204      0.26148929
    5     2     -0.11213294      0.02124144      4.53090818      0.24960898
    5     3     -0.08181501      0.01739904      4.48074278      0.25274205
    5     4     -0.04902787      0.01353575      4.39815270      0.26125902
    5     5      0.60791771      0.02904184      5.97595506      0.30085538
    5     6     -0.07462348      0.02059207      4.42956292      0.24649792
    5     7     -0.03708003      0.01380527      4.30623933      0.25327814
    5     8     -0.12109997      0.02017073      4.53708005      0.25011436
    6     1     -0.11123961      0.02052953      4.52816116      0.25354002
    6     2     -0.27578744      0.02880603      4.61588591      0.24645883
    6     3     -0.09138972      0.02154286      4.43312306      0.24617805
    6     4     -0.03762313      0.01648076      4.29573647      0.24959875
    6     5     -0.07462348      0.02059207      4.42956292      0.24649792
    6     6      0.89834769      0.03954285      5.43225531      0.26923293
    6     7     -0.05323551      0.01637893      4.26892090      0.24498441
    6     8     -0.21293575      0.02588455      4.56053667      0.24710394
    7     1     -0.04593553      0.01344256      4.38363344      0.25856517
    7     2     -0.02967674      0.01664335      4.28388140      0.24770269
    7     3     -0.08067533      0.01452549      4.42260393      0.25336911
    7     4     -0.06571410      0.01153415      4.44011148      0.26614307
    7     5     -0.03708003      0.01380527      4.30623933      0.25327814
    7     6     -0.05323551      0.01637893      4.26892090      0.24498441
    7     7      0.39273579      0.02436502      6.61852479      0.35750636
    7     8     -0.05211924      0.01595611      4.32590176      0.25061220
    8     1     -0.07173912      0.02018372      4.51913880      0.25460904
    8     2     -0.16950781      0.02554314      4.57601051      0.24781378
    8     3     -0.13468783      0.02154797      4.53366049      0.25091503
    8     4     -0.06028581      0.01630148      4.38917607      0.25584062
    8     5     -0.12109997      0.02017073      4.53708005      0.25011436
    8     6     -0.21293575      0.02588455      4.56053667      0.24710394
    8     7     -0.05211924      0.01595611      4.32590176      0.25061220
    8     8      0.85058887      0.04057010      5.55999307      0.28090905
