 I J M_lda_ij SD_lda_ij M_omega_ij SD_omega_ij
    1     1      0.80972056      0.02524256      5.82106052      0.22927689
    1     2     -0.18574550      0.01729610      4.77168373      0.17785770
    1     3     -0.05776440      0.01398997      4.57033568      0.16665460
    1     4     -0.09802564      0.01118143      4.85448901      0.19663195
    1     5     -0.14016793      0.01328541      4.82466038      0.20806568
    1     6     -0.14415744      0.01701704      4.67250641      0.18410455
    1     7     -0.06338770      0.01068356      4.73741155      0.19399947
    1     8     -0.09146733      0.01649129      4.73460619      0.18942410
    2     1     -0.18574550      0.01729610      4.77168373      0.17785770
    2     2      1.26348325      0.03674540      5.46921904      0.20073431
    2     3     -0.18110251      0.01824802      4.67556568      0.16397324
    2     4     -0.10383150      0.01410652      4.82964514      0.19374079
    2     5     -0.14974767      0.01715559      4.80992580      0.20418414
    2     6     -0.34741189      0.02208039      4.78187344      0.17923422
    2     7     -0.04505693      0.01400768      4.71300092      0.19212622
    2     8     -0.22324835      0.02068805      4.83029196      0.19434300
    3     1     -0.05776440      0.01398997      4.57033568      0.16665460
    3     2     -0.18110251      0.01824802      4.67556568      0.16397324
    3     3      0.88263278      0.02466512      5.55666296      0.17853611
    3     4     -0.06411180      0.01147677      4.70050995      0.17561042
    3     5     -0.11333986      0.01366900      4.69354779      0.18797646
    3     6     -0.15271873      0.01710284      4.59606055      0.16455162
    3     7     -0.09746034      0.01085722      4.70777660      0.18264445
    3     8     -0.16906696      0.01677789      4.71373521      0.17378237
    4     1     -0.09802564      0.01118143      4.85448901      0.19663195
    4     2     -0.10383150      0.01410652      4.82964514      0.19374079
    4     3     -0.06411180      0.01147677      4.70050995      0.17561042
    4     4      0.56191597      0.01724518      6.55843156      0.24993822
    4     5     -0.06982942      0.01050958      4.87186895      0.21425584
    4     6     -0.04793280      0.01362691      4.70094372      0.19025971
    4     7     -0.09043625      0.00888582      4.97427285      0.20742203
    4     8     -0.08008707      0.01284815      4.84279170      0.20053093
    5     1     -0.14016793      0.01328541      4.82466038      0.20806568
    5     2     -0.14974767      0.01715559      4.80992580      0.20418414
    5     3     -0.11333986      0.01366900      4.69354779      0.18797646
    5     4     -0.06982942      0.01050958      4.87186895      0.21425584
    5     5      0.76163477      0.02686168      6.00898203      0.26931584
    5     6     -0.09036162      0.01676887      4.69494250      0.20162052
    5     7     -0.05175876      0.01045080      4.78197859      0.21638917
    5     8     -0.13063257      0.01518358      4.83194072      0.21570422
    6     1     -0.14415744      0.01701704      4.67250641      0.18410455
    6     2     -0.34741189      0.02208039      4.78187344      0.17923422
    6     3     -0.15271873      0.01710284      4.59606055      0.16455162
    6     4     -0.04793280      0.01362691      4.70094372      0.19025971
    6     5     -0.09036162      0.01676887      4.69494250      0.20162052
    6     6      1.18326989      0.03980852      5.38129283      0.20907018
    6     7     -0.07062183      0.01292573      4.66798094      0.19029991
    6     8     -0.28086536      0.02044500      4.79604413      0.19268124
    7     1     -0.06338770      0.01068356      4.73741155      0.19399947
    7     2     -0.04505693      0.01400768      4.71300092      0.19212622
    7     3     -0.09746034      0.01085722      4.70777660      0.18264445
    7     4     -0.09043625      0.00888582      4.97427285      0.20742203
    7     5     -0.05175876      0.01045080      4.78197859      0.21638917
    7     6     -0.07062183      0.01292573      4.66798094      0.19029991
    7     7      0.51157419      0.01720206      6.61101896      0.27389254
    7     8     -0.07914729      0.01252854      4.79289721      0.21100806
    8     1     -0.09146733      0.01649129      4.73460619      0.18942410
    8     2     -0.22324835      0.02068805      4.83029196      0.19434300
    8     3     -0.16906696      0.01677789      4.71373521      0.17378237
    8     4     -0.08008707      0.01284815      4.84279170      0.20053093
    8     5     -0.13063257      0.01518358      4.83194072      0.21570422
    8     6     -0.28086536      0.02044500      4.79604413      0.19268124
    8     7     -0.07914729      0.01252854      4.79289721      0.21100806
    8     8      1.07248212      0.03793398      5.64963694      0.24428972
