Marginal likelihood with initialization (1) = -0.3602994877
Marginal likelihood with initialization (2) = -0.3602989858
Marginal likelihood with initialization (3) = -0.3602990870
Marginal likelihood with initialization (4) = -0.3602994649
Marginal likelihood with initialization (5) = -0.3602990383
Iteration Marginal_Likelihood delta_Marginal_Likelihood Iteration_Time (secs)
0 -0.3602989858 -- 0.225
10 -0.3550888150 0.0052101708 1.012
20 -0.3538878070 0.0012010080 0.981
30 -0.3529904233 0.0008973836 0.998
40 -0.3523774608 0.0006129626 1.132
50 -0.3518334376 0.0005440232 0.945
60 -0.3512936118 0.0005398258 0.910
70 -0.3507699417 0.0005236701 0.910
80 -0.3502159318 0.0005540100 0.913
90 -0.3496670422 0.0005488895 0.911
100 -0.3492040168 0.0004630255 0.910
110 -0.3488518993 0.0003521174 0.908
120 -0.3485712717 0.0002806277 0.908
130 -0.3483681240 0.0002031476 0.908
140 -0.3481361200 0.0002320040 0.908
150 -0.3478758781 0.0002602419 0.907
160 -0.3475820729 0.0002938052 0.907
170 -0.3471966488 0.0003854241 0.908
180 -0.3467056864 0.0004909625 0.907
190 -0.3459172002 0.0007884862 0.908
200 -0.3453682155 0.0005489847 0.908
210 -0.3451439655 0.0002242500 0.909
220 -0.3450777716 0.0000661939 0.910
230 -0.3450430796 0.0000346920 0.910
240 -0.3450111377 0.0000319419 0.910
250 -0.3449856179 0.0000255198 0.911
260 -0.3449638430 0.0000217749 0.910
270 -0.3449438617 0.0000199813 0.910
280 -0.3449285083 0.0000153534 0.911
290 -0.3449076805 0.0000208277 0.910
300 -0.3448892641 0.0000184165 0.910
310 -0.3448692336 0.0000200304 0.911
320 -0.3448514998 0.0000177338 0.912
330 -0.3448383089 0.0000131909 0.911
340 -0.3448311395 0.0000071694 0.911
350 -0.3448211016 0.0000100379 0.911
360 -0.3448108187 0.0000102829 0.910
370 -0.3447979371 0.0000128816 0.910
380 -0.3447852719 0.0000126652 0.910
390 -0.3447742666 0.0000110053 0.910
400 -0.3447730088 0.0000012577 0.910
410 -0.3447625737 0.0000104352 0.911
420 -0.3447548163 0.0000077574 0.911
430 -0.3447486101 0.0000062062 0.911
440 -0.3447433731 0.0000052370 0.911
450 -0.3447376959 0.0000056772 0.913
460 -0.3447325084 0.0000051876 0.911
470 -0.3447298815 0.0000026269 0.911
480 -0.3447268681 0.0000030134 0.911
490 -0.3447215886 0.0000052795 0.911
500 -0.3447177308 0.0000038578 0.911
510 -0.3447122364 0.0000054943 0.911
520 -0.3447094485 0.0000027879 0.911
530 -0.3447034100 0.0000060385 0.911
540 -0.3446940281 0.0000093819 0.911
550 -0.3446894037 0.0000046244 0.911
560 -0.3446892279 0.0000001759 0.911
Marginal Likelihood = -0.3446892279
Total time = 51.7151 seconds
Total iterations = 560 
