Marginal likelihood with initialization (1) = -0.3608424050
Marginal likelihood with initialization (2) = -0.3608428264
Marginal likelihood with initialization (3) = -0.3608431816
Marginal likelihood with initialization (4) = -0.3608427500
Marginal likelihood with initialization (5) = -0.3608431016
Iteration Marginal_Likelihood delta_Marginal_Likelihood Iteration_Time (secs)
0 -0.3608424050 -- 0.153
10 -0.3563362271 0.0045061779 0.620
20 -0.3546302023 0.0017060248 0.620
30 -0.3536678539 0.0009623485 0.621
40 -0.3527784137 0.0008894402 0.621
50 -0.3520603892 0.0007180244 0.620
60 -0.3513716450 0.0006887442 0.621
70 -0.3507102704 0.0006613746 0.620
80 -0.3501388024 0.0005714680 0.621
90 -0.3496634474 0.0004753550 0.620
100 -0.3492645625 0.0003988849 0.620
110 -0.3489439900 0.0003205725 0.620
120 -0.3486602250 0.0002837650 0.621
130 -0.3484414846 0.0002187404 0.620
140 -0.3482432940 0.0001981907 0.620
150 -0.3480837481 0.0001595459 0.620
160 -0.3479443371 0.0001394110 0.621
170 -0.3478297661 0.0001145710 0.620
180 -0.3477302584 0.0000995077 0.620
190 -0.3476559275 0.0000743309 0.620
200 -0.3475805538 0.0000753737 0.620
210 -0.3475088221 0.0000717318 0.620
220 -0.3474558476 0.0000529745 0.621
230 -0.3474093753 0.0000464723 0.620
240 -0.3473660067 0.0000433687 0.620
250 -0.3473229069 0.0000430997 0.620
260 -0.3472829753 0.0000399317 0.620
270 -0.3472503543 0.0000326210 0.620
280 -0.3472179477 0.0000324065 0.620
290 -0.3471904515 0.0000274962 0.620
300 -0.3471650798 0.0000253717 0.621
310 -0.3471296280 0.0000354518 0.619
320 -0.3471076800 0.0000219479 0.619
330 -0.3471063334 0.0000013466 0.619
340 -0.3470708109 0.0000355225 0.619
350 -0.3470334082 0.0000374027 0.619
360 -0.3470648969 -0.0000314887 0.619
370 -0.3469837142 0.0000811827 0.619
380 -0.3469646340 0.0000190802 0.619
390 -0.3469428149 0.0000218190 0.619
400 -0.3469265873 0.0000162276 0.620
410 -0.3469011880 0.0000253994 0.619
420 -0.3468844165 0.0000167714 0.619
430 -0.3468731168 0.0000112997 0.619
440 -0.3468571915 0.0000159253 0.619
450 -0.3468445316 0.0000126599 0.605
460 -0.3468357636 0.0000087680 0.601
470 -0.3468271289 0.0000086347 0.601
480 -0.3468193910 0.0000077379 0.601
490 -0.3468076826 0.0000117084 0.601
500 -0.3467954785 0.0000122042 0.601
510 -0.3467855400 0.0000099385 0.601
520 -0.3467772182 0.0000083218 0.602
530 -0.3467679437 0.0000092746 0.601
540 -0.3467578845 0.0000100591 0.602
550 -0.3467502864 0.0000075981 0.601
560 -0.3467435711 0.0000067153 0.601
570 -0.3467424535 0.0000011176 0.601
580 -0.3467370340 0.0000054195 0.604
590 -0.3467269563 0.0000100777 0.601
600 -0.3467182399 0.0000087164 0.601
610 -0.3467135231 0.0000047167 0.601
620 -0.3467095570 0.0000039662 0.601
630 -0.3466992082 0.0000103488 0.601
640 -0.3466971960 0.0000020122 0.601
650 -0.3466948529 0.0000023430 0.601
660 -0.3466906908 0.0000041621 0.601
670 -0.3466872700 0.0000034209 0.601
680 -0.3466809371 0.0000063329 0.601
690 -0.3466743382 0.0000065988 0.601
700 -0.3466651927 0.0000091456 0.601
710 -0.3466591783 0.0000060144 0.601
720 -0.3466565383 0.0000026400 0.602
730 -0.3466508509 0.0000056874 0.601
740 -0.3466443483 0.0000065026 0.601
750 -0.3466439321 0.0000004162 0.601
Marginal Likelihood = -0.3466439321
Total time = 46.0766 seconds
Total iterations = 750 
CV error = 0.2109950, 0.0178985 
